[2026-02-05T21:50:21.490+0000] {processor.py:161} INFO - Started process (PID=166) to work on /opt/airflow/dags/pipeline.py
[2026-02-05T21:50:21.491+0000] {processor.py:830} INFO - Processing file /opt/airflow/dags/pipeline.py for tasks to queue
[2026-02-05T21:50:21.492+0000] {logging_mixin.py:188} INFO - [2026-02-05T21:50:21.491+0000] {dagbag.py:538} INFO - Filling up the DagBag from /opt/airflow/dags/pipeline.py
[2026-02-05T21:50:21.512+0000] {processor.py:840} INFO - DAG(s) 'nyc_taxi_pipeline' retrieved from /opt/airflow/dags/pipeline.py
[2026-02-05T21:50:21.732+0000] {logging_mixin.py:188} INFO - [2026-02-05T21:50:21.732+0000] {override.py:1677} ERROR - Add View Menu Error: (psycopg2.errors.UniqueViolation) duplicate key value violates unique constraint "ab_view_menu_name_uq"
DETAIL:  Key (name)=(DAG:nyc_taxi_pipeline) already exists.

[SQL: INSERT INTO ab_view_menu (name) VALUES (%(name)s) RETURNING ab_view_menu.id]
[parameters: {'name': 'DAG:nyc_taxi_pipeline'}]
(Background on this error at: https://sqlalche.me/e/14/gkpj)
[2026-02-05T21:50:21.736+0000] {logging_mixin.py:188} INFO - [2026-02-05T21:50:21.736+0000] {override.py:1769} INFO - Created Permission View: can edit on None
[2026-02-05T21:50:21.743+0000] {logging_mixin.py:188} INFO - [2026-02-05T21:50:21.743+0000] {override.py:1769} INFO - Created Permission View: can delete on DAG:nyc_taxi_pipeline
[2026-02-05T21:50:21.746+0000] {logging_mixin.py:188} INFO - [2026-02-05T21:50:21.746+0000] {override.py:1772} ERROR - Creation of Permission View Error: (psycopg2.errors.UniqueViolation) duplicate key value violates unique constraint "ab_permission_view_permission_id_view_menu_id_uq"
DETAIL:  Key (permission_id, view_menu_id)=(2, 21) already exists.

[SQL: INSERT INTO ab_permission_view (permission_id, view_menu_id) VALUES (%(permission_id)s, %(view_menu_id)s) RETURNING ab_permission_view.id]
[parameters: {'permission_id': 2, 'view_menu_id': 21}]
(Background on this error at: https://sqlalche.me/e/14/gkpj)
[2026-02-05T21:50:21.746+0000] {logging_mixin.py:188} INFO - [2026-02-05T21:50:21.746+0000] {dag.py:3036} INFO - Sync 1 DAGs
[2026-02-05T21:50:21.753+0000] {logging_mixin.py:188} INFO - [2026-02-05T21:50:21.752+0000] {dag.py:3058} INFO - Creating ORM DAG for nyc_taxi_pipeline
[2026-02-05T21:50:21.759+0000] {logging_mixin.py:188} INFO - [2026-02-05T21:50:21.759+0000] {dag.py:3823} INFO - Setting next_dagrun for nyc_taxi_pipeline to 2026-02-04 00:00:00+00:00, run_after=2026-02-05 00:00:00+00:00
[2026-02-05T21:50:21.769+0000] {processor.py:183} INFO - Processing /opt/airflow/dags/pipeline.py took 0.281 seconds
[2026-02-05T21:50:51.911+0000] {processor.py:161} INFO - Started process (PID=177) to work on /opt/airflow/dags/pipeline.py
[2026-02-05T21:50:51.913+0000] {processor.py:830} INFO - Processing file /opt/airflow/dags/pipeline.py for tasks to queue
[2026-02-05T21:50:51.914+0000] {logging_mixin.py:188} INFO - [2026-02-05T21:50:51.914+0000] {dagbag.py:538} INFO - Filling up the DagBag from /opt/airflow/dags/pipeline.py
[2026-02-05T21:50:51.921+0000] {processor.py:840} INFO - DAG(s) 'nyc_taxi_pipeline' retrieved from /opt/airflow/dags/pipeline.py
[2026-02-05T21:50:51.951+0000] {logging_mixin.py:188} INFO - [2026-02-05T21:50:51.951+0000] {dag.py:3036} INFO - Sync 1 DAGs
[2026-02-05T21:50:51.968+0000] {logging_mixin.py:188} INFO - [2026-02-05T21:50:51.968+0000] {dag.py:3823} INFO - Setting next_dagrun for nyc_taxi_pipeline to 2026-02-04 00:00:00+00:00, run_after=2026-02-05 00:00:00+00:00
[2026-02-05T21:50:52.006+0000] {processor.py:183} INFO - Processing /opt/airflow/dags/pipeline.py took 0.098 seconds
[2026-02-05T21:51:22.162+0000] {processor.py:161} INFO - Started process (PID=187) to work on /opt/airflow/dags/pipeline.py
[2026-02-05T21:51:22.165+0000] {processor.py:830} INFO - Processing file /opt/airflow/dags/pipeline.py for tasks to queue
[2026-02-05T21:51:22.165+0000] {logging_mixin.py:188} INFO - [2026-02-05T21:51:22.165+0000] {dagbag.py:538} INFO - Filling up the DagBag from /opt/airflow/dags/pipeline.py
[2026-02-05T21:51:22.172+0000] {processor.py:840} INFO - DAG(s) 'nyc_taxi_pipeline' retrieved from /opt/airflow/dags/pipeline.py
[2026-02-05T21:51:22.281+0000] {logging_mixin.py:188} INFO - [2026-02-05T21:51:22.281+0000] {dag.py:3036} INFO - Sync 1 DAGs
[2026-02-05T21:51:22.296+0000] {logging_mixin.py:188} INFO - [2026-02-05T21:51:22.296+0000] {dag.py:3823} INFO - Setting next_dagrun for nyc_taxi_pipeline to 2026-02-04 00:00:00+00:00, run_after=2026-02-05 00:00:00+00:00
[2026-02-05T21:51:22.337+0000] {processor.py:183} INFO - Processing /opt/airflow/dags/pipeline.py took 0.177 seconds
[2026-02-05T21:51:52.486+0000] {processor.py:161} INFO - Started process (PID=197) to work on /opt/airflow/dags/pipeline.py
[2026-02-05T21:51:52.489+0000] {processor.py:830} INFO - Processing file /opt/airflow/dags/pipeline.py for tasks to queue
[2026-02-05T21:51:52.489+0000] {logging_mixin.py:188} INFO - [2026-02-05T21:51:52.489+0000] {dagbag.py:538} INFO - Filling up the DagBag from /opt/airflow/dags/pipeline.py
[2026-02-05T21:51:52.497+0000] {processor.py:840} INFO - DAG(s) 'nyc_taxi_pipeline' retrieved from /opt/airflow/dags/pipeline.py
[2026-02-05T21:51:52.603+0000] {logging_mixin.py:188} INFO - [2026-02-05T21:51:52.602+0000] {dag.py:3036} INFO - Sync 1 DAGs
[2026-02-05T21:51:52.618+0000] {logging_mixin.py:188} INFO - [2026-02-05T21:51:52.618+0000] {dag.py:3823} INFO - Setting next_dagrun for nyc_taxi_pipeline to 2026-02-04 00:00:00+00:00, run_after=2026-02-05 00:00:00+00:00
[2026-02-05T21:51:52.663+0000] {processor.py:183} INFO - Processing /opt/airflow/dags/pipeline.py took 0.180 seconds
[2026-02-05T21:52:22.806+0000] {processor.py:161} INFO - Started process (PID=207) to work on /opt/airflow/dags/pipeline.py
[2026-02-05T21:52:22.808+0000] {processor.py:830} INFO - Processing file /opt/airflow/dags/pipeline.py for tasks to queue
[2026-02-05T21:52:22.809+0000] {logging_mixin.py:188} INFO - [2026-02-05T21:52:22.808+0000] {dagbag.py:538} INFO - Filling up the DagBag from /opt/airflow/dags/pipeline.py
[2026-02-05T21:52:22.816+0000] {processor.py:840} INFO - DAG(s) 'nyc_taxi_pipeline' retrieved from /opt/airflow/dags/pipeline.py
[2026-02-05T21:52:22.860+0000] {logging_mixin.py:188} INFO - [2026-02-05T21:52:22.860+0000] {dag.py:3036} INFO - Sync 1 DAGs
[2026-02-05T21:52:22.879+0000] {logging_mixin.py:188} INFO - [2026-02-05T21:52:22.879+0000] {dag.py:3823} INFO - Setting next_dagrun for nyc_taxi_pipeline to 2026-02-04 00:00:00+00:00, run_after=2026-02-05 00:00:00+00:00
[2026-02-05T21:52:22.920+0000] {processor.py:183} INFO - Processing /opt/airflow/dags/pipeline.py took 0.117 seconds
[2026-02-05T21:52:53.057+0000] {processor.py:161} INFO - Started process (PID=217) to work on /opt/airflow/dags/pipeline.py
[2026-02-05T21:52:53.059+0000] {processor.py:830} INFO - Processing file /opt/airflow/dags/pipeline.py for tasks to queue
[2026-02-05T21:52:53.060+0000] {logging_mixin.py:188} INFO - [2026-02-05T21:52:53.059+0000] {dagbag.py:538} INFO - Filling up the DagBag from /opt/airflow/dags/pipeline.py
[2026-02-05T21:52:53.067+0000] {processor.py:840} INFO - DAG(s) 'nyc_taxi_pipeline' retrieved from /opt/airflow/dags/pipeline.py
[2026-02-05T21:52:53.207+0000] {logging_mixin.py:188} INFO - [2026-02-05T21:52:53.207+0000] {dag.py:3036} INFO - Sync 1 DAGs
[2026-02-05T21:52:53.224+0000] {logging_mixin.py:188} INFO - [2026-02-05T21:52:53.224+0000] {dag.py:3823} INFO - Setting next_dagrun for nyc_taxi_pipeline to 2026-02-04 00:00:00+00:00, run_after=2026-02-05 00:00:00+00:00
[2026-02-05T21:52:53.268+0000] {processor.py:183} INFO - Processing /opt/airflow/dags/pipeline.py took 0.214 seconds
[2026-02-05T21:53:23.325+0000] {processor.py:161} INFO - Started process (PID=227) to work on /opt/airflow/dags/pipeline.py
[2026-02-05T21:53:23.327+0000] {processor.py:830} INFO - Processing file /opt/airflow/dags/pipeline.py for tasks to queue
[2026-02-05T21:53:23.328+0000] {logging_mixin.py:188} INFO - [2026-02-05T21:53:23.328+0000] {dagbag.py:538} INFO - Filling up the DagBag from /opt/airflow/dags/pipeline.py
[2026-02-05T21:53:23.335+0000] {processor.py:840} INFO - DAG(s) 'nyc_taxi_pipeline' retrieved from /opt/airflow/dags/pipeline.py
[2026-02-05T21:53:23.377+0000] {logging_mixin.py:188} INFO - [2026-02-05T21:53:23.376+0000] {dag.py:3036} INFO - Sync 1 DAGs
[2026-02-05T21:53:23.395+0000] {logging_mixin.py:188} INFO - [2026-02-05T21:53:23.395+0000] {dag.py:3823} INFO - Setting next_dagrun for nyc_taxi_pipeline to 2026-02-04 00:00:00+00:00, run_after=2026-02-05 00:00:00+00:00
[2026-02-05T21:53:23.412+0000] {processor.py:183} INFO - Processing /opt/airflow/dags/pipeline.py took 0.090 seconds
[2026-02-05T21:53:53.554+0000] {processor.py:161} INFO - Started process (PID=253) to work on /opt/airflow/dags/pipeline.py
[2026-02-05T21:53:53.557+0000] {processor.py:830} INFO - Processing file /opt/airflow/dags/pipeline.py for tasks to queue
[2026-02-05T21:53:53.557+0000] {logging_mixin.py:188} INFO - [2026-02-05T21:53:53.557+0000] {dagbag.py:538} INFO - Filling up the DagBag from /opt/airflow/dags/pipeline.py
[2026-02-05T21:53:53.566+0000] {processor.py:840} INFO - DAG(s) 'nyc_taxi_pipeline' retrieved from /opt/airflow/dags/pipeline.py
[2026-02-05T21:53:53.660+0000] {logging_mixin.py:188} INFO - [2026-02-05T21:53:53.660+0000] {dag.py:3036} INFO - Sync 1 DAGs
[2026-02-05T21:53:53.677+0000] {logging_mixin.py:188} INFO - [2026-02-05T21:53:53.677+0000] {dag.py:3823} INFO - Setting next_dagrun for nyc_taxi_pipeline to 2026-02-05 00:00:00+00:00, run_after=2026-02-06 00:00:00+00:00
[2026-02-05T21:53:53.700+0000] {processor.py:183} INFO - Processing /opt/airflow/dags/pipeline.py took 0.149 seconds
[2026-02-05T21:54:23.834+0000] {processor.py:161} INFO - Started process (PID=279) to work on /opt/airflow/dags/pipeline.py
[2026-02-05T21:54:23.834+0000] {processor.py:830} INFO - Processing file /opt/airflow/dags/pipeline.py for tasks to queue
[2026-02-05T21:54:23.835+0000] {logging_mixin.py:188} INFO - [2026-02-05T21:54:23.835+0000] {dagbag.py:538} INFO - Filling up the DagBag from /opt/airflow/dags/pipeline.py
[2026-02-05T21:54:23.844+0000] {processor.py:840} INFO - DAG(s) 'nyc_taxi_pipeline' retrieved from /opt/airflow/dags/pipeline.py
[2026-02-05T21:54:23.890+0000] {logging_mixin.py:188} INFO - [2026-02-05T21:54:23.890+0000] {dag.py:3036} INFO - Sync 1 DAGs
[2026-02-05T21:54:23.910+0000] {logging_mixin.py:188} INFO - [2026-02-05T21:54:23.909+0000] {dag.py:3823} INFO - Setting next_dagrun for nyc_taxi_pipeline to 2026-02-05 00:00:00+00:00, run_after=2026-02-06 00:00:00+00:00
[2026-02-05T21:54:23.948+0000] {processor.py:183} INFO - Processing /opt/airflow/dags/pipeline.py took 0.117 seconds
[2026-02-05T21:54:54.092+0000] {processor.py:161} INFO - Started process (PID=289) to work on /opt/airflow/dags/pipeline.py
[2026-02-05T21:54:54.094+0000] {processor.py:830} INFO - Processing file /opt/airflow/dags/pipeline.py for tasks to queue
[2026-02-05T21:54:54.095+0000] {logging_mixin.py:188} INFO - [2026-02-05T21:54:54.094+0000] {dagbag.py:538} INFO - Filling up the DagBag from /opt/airflow/dags/pipeline.py
[2026-02-05T21:54:54.102+0000] {processor.py:840} INFO - DAG(s) 'nyc_taxi_pipeline' retrieved from /opt/airflow/dags/pipeline.py
[2026-02-05T21:54:54.232+0000] {logging_mixin.py:188} INFO - [2026-02-05T21:54:54.231+0000] {dag.py:3036} INFO - Sync 1 DAGs
[2026-02-05T21:54:54.247+0000] {logging_mixin.py:188} INFO - [2026-02-05T21:54:54.247+0000] {dag.py:3823} INFO - Setting next_dagrun for nyc_taxi_pipeline to 2026-02-05 00:00:00+00:00, run_after=2026-02-06 00:00:00+00:00
[2026-02-05T21:54:54.282+0000] {processor.py:183} INFO - Processing /opt/airflow/dags/pipeline.py took 0.193 seconds
[2026-02-05T21:55:24.372+0000] {processor.py:161} INFO - Started process (PID=299) to work on /opt/airflow/dags/pipeline.py
[2026-02-05T21:55:24.372+0000] {processor.py:830} INFO - Processing file /opt/airflow/dags/pipeline.py for tasks to queue
[2026-02-05T21:55:24.373+0000] {logging_mixin.py:188} INFO - [2026-02-05T21:55:24.373+0000] {dagbag.py:538} INFO - Filling up the DagBag from /opt/airflow/dags/pipeline.py
[2026-02-05T21:55:24.382+0000] {processor.py:840} INFO - DAG(s) 'nyc_taxi_pipeline' retrieved from /opt/airflow/dags/pipeline.py
[2026-02-05T21:55:24.428+0000] {logging_mixin.py:188} INFO - [2026-02-05T21:55:24.428+0000] {dag.py:3036} INFO - Sync 1 DAGs
[2026-02-05T21:55:24.448+0000] {logging_mixin.py:188} INFO - [2026-02-05T21:55:24.448+0000] {dag.py:3823} INFO - Setting next_dagrun for nyc_taxi_pipeline to 2026-02-05 00:00:00+00:00, run_after=2026-02-06 00:00:00+00:00
[2026-02-05T21:55:24.485+0000] {processor.py:183} INFO - Processing /opt/airflow/dags/pipeline.py took 0.116 seconds
[2026-02-05T21:55:54.626+0000] {processor.py:161} INFO - Started process (PID=309) to work on /opt/airflow/dags/pipeline.py
[2026-02-05T21:55:54.629+0000] {processor.py:830} INFO - Processing file /opt/airflow/dags/pipeline.py for tasks to queue
[2026-02-05T21:55:54.630+0000] {logging_mixin.py:188} INFO - [2026-02-05T21:55:54.629+0000] {dagbag.py:538} INFO - Filling up the DagBag from /opt/airflow/dags/pipeline.py
[2026-02-05T21:55:54.638+0000] {processor.py:840} INFO - DAG(s) 'nyc_taxi_pipeline' retrieved from /opt/airflow/dags/pipeline.py
[2026-02-05T21:55:54.767+0000] {logging_mixin.py:188} INFO - [2026-02-05T21:55:54.767+0000] {dag.py:3036} INFO - Sync 1 DAGs
[2026-02-05T21:55:54.786+0000] {logging_mixin.py:188} INFO - [2026-02-05T21:55:54.785+0000] {dag.py:3823} INFO - Setting next_dagrun for nyc_taxi_pipeline to 2026-02-05 00:00:00+00:00, run_after=2026-02-06 00:00:00+00:00
[2026-02-05T21:55:54.823+0000] {processor.py:183} INFO - Processing /opt/airflow/dags/pipeline.py took 0.199 seconds
[2026-02-05T21:56:24.897+0000] {processor.py:161} INFO - Started process (PID=319) to work on /opt/airflow/dags/pipeline.py
[2026-02-05T21:56:24.897+0000] {processor.py:830} INFO - Processing file /opt/airflow/dags/pipeline.py for tasks to queue
[2026-02-05T21:56:24.898+0000] {logging_mixin.py:188} INFO - [2026-02-05T21:56:24.898+0000] {dagbag.py:538} INFO - Filling up the DagBag from /opt/airflow/dags/pipeline.py
[2026-02-05T21:56:24.908+0000] {processor.py:840} INFO - DAG(s) 'nyc_taxi_pipeline' retrieved from /opt/airflow/dags/pipeline.py
[2026-02-05T21:56:24.956+0000] {logging_mixin.py:188} INFO - [2026-02-05T21:56:24.956+0000] {dag.py:3036} INFO - Sync 1 DAGs
[2026-02-05T21:56:24.978+0000] {logging_mixin.py:188} INFO - [2026-02-05T21:56:24.978+0000] {dag.py:3823} INFO - Setting next_dagrun for nyc_taxi_pipeline to 2026-02-05 00:00:00+00:00, run_after=2026-02-06 00:00:00+00:00
[2026-02-05T21:56:25.017+0000] {processor.py:183} INFO - Processing /opt/airflow/dags/pipeline.py took 0.123 seconds
[2026-02-05T21:56:55.163+0000] {processor.py:161} INFO - Started process (PID=329) to work on /opt/airflow/dags/pipeline.py
[2026-02-05T21:56:55.166+0000] {processor.py:830} INFO - Processing file /opt/airflow/dags/pipeline.py for tasks to queue
[2026-02-05T21:56:55.167+0000] {logging_mixin.py:188} INFO - [2026-02-05T21:56:55.166+0000] {dagbag.py:538} INFO - Filling up the DagBag from /opt/airflow/dags/pipeline.py
[2026-02-05T21:56:55.177+0000] {processor.py:840} INFO - DAG(s) 'nyc_taxi_pipeline' retrieved from /opt/airflow/dags/pipeline.py
[2026-02-05T21:56:55.309+0000] {logging_mixin.py:188} INFO - [2026-02-05T21:56:55.309+0000] {dag.py:3036} INFO - Sync 1 DAGs
[2026-02-05T21:56:55.329+0000] {logging_mixin.py:188} INFO - [2026-02-05T21:56:55.329+0000] {dag.py:3823} INFO - Setting next_dagrun for nyc_taxi_pipeline to 2026-02-05 00:00:00+00:00, run_after=2026-02-06 00:00:00+00:00
[2026-02-05T21:56:55.368+0000] {processor.py:183} INFO - Processing /opt/airflow/dags/pipeline.py took 0.208 seconds
[2026-02-05T21:57:25.444+0000] {processor.py:161} INFO - Started process (PID=339) to work on /opt/airflow/dags/pipeline.py
[2026-02-05T21:57:25.445+0000] {processor.py:830} INFO - Processing file /opt/airflow/dags/pipeline.py for tasks to queue
[2026-02-05T21:57:25.445+0000] {logging_mixin.py:188} INFO - [2026-02-05T21:57:25.445+0000] {dagbag.py:538} INFO - Filling up the DagBag from /opt/airflow/dags/pipeline.py
[2026-02-05T21:57:25.455+0000] {processor.py:840} INFO - DAG(s) 'nyc_taxi_pipeline' retrieved from /opt/airflow/dags/pipeline.py
[2026-02-05T21:57:25.501+0000] {logging_mixin.py:188} INFO - [2026-02-05T21:57:25.501+0000] {dag.py:3036} INFO - Sync 1 DAGs
[2026-02-05T21:57:25.522+0000] {logging_mixin.py:188} INFO - [2026-02-05T21:57:25.522+0000] {dag.py:3823} INFO - Setting next_dagrun for nyc_taxi_pipeline to 2026-02-05 00:00:00+00:00, run_after=2026-02-06 00:00:00+00:00
[2026-02-05T21:57:25.561+0000] {processor.py:183} INFO - Processing /opt/airflow/dags/pipeline.py took 0.120 seconds
[2026-02-05T21:57:55.712+0000] {processor.py:161} INFO - Started process (PID=349) to work on /opt/airflow/dags/pipeline.py
[2026-02-05T21:57:55.716+0000] {processor.py:830} INFO - Processing file /opt/airflow/dags/pipeline.py for tasks to queue
[2026-02-05T21:57:55.717+0000] {logging_mixin.py:188} INFO - [2026-02-05T21:57:55.716+0000] {dagbag.py:538} INFO - Filling up the DagBag from /opt/airflow/dags/pipeline.py
[2026-02-05T21:57:55.732+0000] {processor.py:840} INFO - DAG(s) 'nyc_taxi_pipeline' retrieved from /opt/airflow/dags/pipeline.py
[2026-02-05T21:57:55.889+0000] {logging_mixin.py:188} INFO - [2026-02-05T21:57:55.889+0000] {dag.py:3036} INFO - Sync 1 DAGs
[2026-02-05T21:57:55.907+0000] {logging_mixin.py:188} INFO - [2026-02-05T21:57:55.907+0000] {dag.py:3823} INFO - Setting next_dagrun for nyc_taxi_pipeline to 2026-02-05 00:00:00+00:00, run_after=2026-02-06 00:00:00+00:00
[2026-02-05T21:57:55.948+0000] {processor.py:183} INFO - Processing /opt/airflow/dags/pipeline.py took 0.240 seconds
[2026-02-05T21:58:26.078+0000] {processor.py:161} INFO - Started process (PID=362) to work on /opt/airflow/dags/pipeline.py
[2026-02-05T21:58:26.078+0000] {processor.py:830} INFO - Processing file /opt/airflow/dags/pipeline.py for tasks to queue
[2026-02-05T21:58:26.079+0000] {logging_mixin.py:188} INFO - [2026-02-05T21:58:26.079+0000] {dagbag.py:538} INFO - Filling up the DagBag from /opt/airflow/dags/pipeline.py
[2026-02-05T21:58:26.090+0000] {processor.py:840} INFO - DAG(s) 'nyc_taxi_pipeline' retrieved from /opt/airflow/dags/pipeline.py
[2026-02-05T21:58:26.128+0000] {logging_mixin.py:188} INFO - [2026-02-05T21:58:26.128+0000] {dag.py:3036} INFO - Sync 1 DAGs
[2026-02-05T21:58:26.154+0000] {logging_mixin.py:188} INFO - [2026-02-05T21:58:26.154+0000] {dag.py:3823} INFO - Setting next_dagrun for nyc_taxi_pipeline to 2026-02-05 00:00:00+00:00, run_after=2026-02-06 00:00:00+00:00
[2026-02-05T21:58:26.180+0000] {processor.py:183} INFO - Processing /opt/airflow/dags/pipeline.py took 0.104 seconds
[2026-02-05T21:58:56.308+0000] {processor.py:161} INFO - Started process (PID=369) to work on /opt/airflow/dags/pipeline.py
[2026-02-05T21:58:56.311+0000] {processor.py:830} INFO - Processing file /opt/airflow/dags/pipeline.py for tasks to queue
[2026-02-05T21:58:56.311+0000] {logging_mixin.py:188} INFO - [2026-02-05T21:58:56.311+0000] {dagbag.py:538} INFO - Filling up the DagBag from /opt/airflow/dags/pipeline.py
[2026-02-05T21:58:56.320+0000] {processor.py:840} INFO - DAG(s) 'nyc_taxi_pipeline' retrieved from /opt/airflow/dags/pipeline.py
[2026-02-05T21:58:56.443+0000] {logging_mixin.py:188} INFO - [2026-02-05T21:58:56.443+0000] {dag.py:3036} INFO - Sync 1 DAGs
[2026-02-05T21:58:56.460+0000] {logging_mixin.py:188} INFO - [2026-02-05T21:58:56.460+0000] {dag.py:3823} INFO - Setting next_dagrun for nyc_taxi_pipeline to 2026-02-05 00:00:00+00:00, run_after=2026-02-06 00:00:00+00:00
[2026-02-05T21:58:56.483+0000] {processor.py:183} INFO - Processing /opt/airflow/dags/pipeline.py took 0.177 seconds
[2026-02-05T21:59:26.582+0000] {processor.py:161} INFO - Started process (PID=379) to work on /opt/airflow/dags/pipeline.py
[2026-02-05T21:59:26.583+0000] {processor.py:830} INFO - Processing file /opt/airflow/dags/pipeline.py for tasks to queue
[2026-02-05T21:59:26.583+0000] {logging_mixin.py:188} INFO - [2026-02-05T21:59:26.583+0000] {dagbag.py:538} INFO - Filling up the DagBag from /opt/airflow/dags/pipeline.py
[2026-02-05T21:59:26.593+0000] {processor.py:840} INFO - DAG(s) 'nyc_taxi_pipeline' retrieved from /opt/airflow/dags/pipeline.py
[2026-02-05T21:59:26.638+0000] {logging_mixin.py:188} INFO - [2026-02-05T21:59:26.638+0000] {dag.py:3036} INFO - Sync 1 DAGs
[2026-02-05T21:59:26.659+0000] {logging_mixin.py:188} INFO - [2026-02-05T21:59:26.659+0000] {dag.py:3823} INFO - Setting next_dagrun for nyc_taxi_pipeline to 2026-02-05 00:00:00+00:00, run_after=2026-02-06 00:00:00+00:00
[2026-02-05T21:59:26.698+0000] {processor.py:183} INFO - Processing /opt/airflow/dags/pipeline.py took 0.118 seconds
[2026-02-05T21:59:56.845+0000] {processor.py:161} INFO - Started process (PID=389) to work on /opt/airflow/dags/pipeline.py
[2026-02-05T21:59:56.848+0000] {processor.py:830} INFO - Processing file /opt/airflow/dags/pipeline.py for tasks to queue
[2026-02-05T21:59:56.849+0000] {logging_mixin.py:188} INFO - [2026-02-05T21:59:56.848+0000] {dagbag.py:538} INFO - Filling up the DagBag from /opt/airflow/dags/pipeline.py
[2026-02-05T21:59:56.856+0000] {processor.py:840} INFO - DAG(s) 'nyc_taxi_pipeline' retrieved from /opt/airflow/dags/pipeline.py
[2026-02-05T21:59:56.978+0000] {logging_mixin.py:188} INFO - [2026-02-05T21:59:56.978+0000] {dag.py:3036} INFO - Sync 1 DAGs
[2026-02-05T21:59:56.993+0000] {logging_mixin.py:188} INFO - [2026-02-05T21:59:56.993+0000] {dag.py:3823} INFO - Setting next_dagrun for nyc_taxi_pipeline to 2026-02-05 00:00:00+00:00, run_after=2026-02-06 00:00:00+00:00
[2026-02-05T21:59:57.006+0000] {processor.py:183} INFO - Processing /opt/airflow/dags/pipeline.py took 0.163 seconds
[2026-02-05T22:00:27.149+0000] {processor.py:161} INFO - Started process (PID=399) to work on /opt/airflow/dags/pipeline.py
[2026-02-05T22:00:27.149+0000] {processor.py:830} INFO - Processing file /opt/airflow/dags/pipeline.py for tasks to queue
[2026-02-05T22:00:27.150+0000] {logging_mixin.py:188} INFO - [2026-02-05T22:00:27.150+0000] {dagbag.py:538} INFO - Filling up the DagBag from /opt/airflow/dags/pipeline.py
[2026-02-05T22:00:27.163+0000] {processor.py:840} INFO - DAG(s) 'nyc_taxi_pipeline' retrieved from /opt/airflow/dags/pipeline.py
[2026-02-05T22:00:27.208+0000] {logging_mixin.py:188} INFO - [2026-02-05T22:00:27.208+0000] {dag.py:3036} INFO - Sync 1 DAGs
[2026-02-05T22:00:27.229+0000] {logging_mixin.py:188} INFO - [2026-02-05T22:00:27.229+0000] {dag.py:3823} INFO - Setting next_dagrun for nyc_taxi_pipeline to 2026-02-05 00:00:00+00:00, run_after=2026-02-06 00:00:00+00:00
[2026-02-05T22:00:27.264+0000] {processor.py:183} INFO - Processing /opt/airflow/dags/pipeline.py took 0.119 seconds
[2026-02-05T22:00:57.410+0000] {processor.py:161} INFO - Started process (PID=409) to work on /opt/airflow/dags/pipeline.py
[2026-02-05T22:00:57.413+0000] {processor.py:830} INFO - Processing file /opt/airflow/dags/pipeline.py for tasks to queue
[2026-02-05T22:00:57.413+0000] {logging_mixin.py:188} INFO - [2026-02-05T22:00:57.413+0000] {dagbag.py:538} INFO - Filling up the DagBag from /opt/airflow/dags/pipeline.py
[2026-02-05T22:00:57.420+0000] {processor.py:840} INFO - DAG(s) 'nyc_taxi_pipeline' retrieved from /opt/airflow/dags/pipeline.py
[2026-02-05T22:00:57.559+0000] {logging_mixin.py:188} INFO - [2026-02-05T22:00:57.559+0000] {dag.py:3036} INFO - Sync 1 DAGs
[2026-02-05T22:00:57.576+0000] {logging_mixin.py:188} INFO - [2026-02-05T22:00:57.576+0000] {dag.py:3823} INFO - Setting next_dagrun for nyc_taxi_pipeline to 2026-02-05 00:00:00+00:00, run_after=2026-02-06 00:00:00+00:00
[2026-02-05T22:00:57.619+0000] {processor.py:183} INFO - Processing /opt/airflow/dags/pipeline.py took 0.212 seconds
[2026-02-05T22:01:27.671+0000] {processor.py:161} INFO - Started process (PID=419) to work on /opt/airflow/dags/pipeline.py
[2026-02-05T22:01:27.672+0000] {processor.py:830} INFO - Processing file /opt/airflow/dags/pipeline.py for tasks to queue
[2026-02-05T22:01:27.672+0000] {logging_mixin.py:188} INFO - [2026-02-05T22:01:27.672+0000] {dagbag.py:538} INFO - Filling up the DagBag from /opt/airflow/dags/pipeline.py
[2026-02-05T22:01:27.681+0000] {processor.py:840} INFO - DAG(s) 'nyc_taxi_pipeline' retrieved from /opt/airflow/dags/pipeline.py
[2026-02-05T22:01:27.725+0000] {logging_mixin.py:188} INFO - [2026-02-05T22:01:27.725+0000] {dag.py:3036} INFO - Sync 1 DAGs
[2026-02-05T22:01:27.745+0000] {logging_mixin.py:188} INFO - [2026-02-05T22:01:27.745+0000] {dag.py:3823} INFO - Setting next_dagrun for nyc_taxi_pipeline to 2026-02-05 00:00:00+00:00, run_after=2026-02-06 00:00:00+00:00
[2026-02-05T22:01:27.779+0000] {processor.py:183} INFO - Processing /opt/airflow/dags/pipeline.py took 0.110 seconds
[2026-02-05T22:01:57.932+0000] {processor.py:161} INFO - Started process (PID=429) to work on /opt/airflow/dags/pipeline.py
[2026-02-05T22:01:57.934+0000] {processor.py:830} INFO - Processing file /opt/airflow/dags/pipeline.py for tasks to queue
[2026-02-05T22:01:57.935+0000] {logging_mixin.py:188} INFO - [2026-02-05T22:01:57.935+0000] {dagbag.py:538} INFO - Filling up the DagBag from /opt/airflow/dags/pipeline.py
[2026-02-05T22:01:57.942+0000] {processor.py:840} INFO - DAG(s) 'nyc_taxi_pipeline' retrieved from /opt/airflow/dags/pipeline.py
[2026-02-05T22:01:58.079+0000] {logging_mixin.py:188} INFO - [2026-02-05T22:01:58.079+0000] {dag.py:3036} INFO - Sync 1 DAGs
[2026-02-05T22:01:58.097+0000] {logging_mixin.py:188} INFO - [2026-02-05T22:01:58.097+0000] {dag.py:3823} INFO - Setting next_dagrun for nyc_taxi_pipeline to 2026-02-05 00:00:00+00:00, run_after=2026-02-06 00:00:00+00:00
[2026-02-05T22:01:58.134+0000] {processor.py:183} INFO - Processing /opt/airflow/dags/pipeline.py took 0.205 seconds
[2026-02-05T22:02:28.210+0000] {processor.py:161} INFO - Started process (PID=439) to work on /opt/airflow/dags/pipeline.py
[2026-02-05T22:02:28.211+0000] {processor.py:830} INFO - Processing file /opt/airflow/dags/pipeline.py for tasks to queue
[2026-02-05T22:02:28.211+0000] {logging_mixin.py:188} INFO - [2026-02-05T22:02:28.211+0000] {dagbag.py:538} INFO - Filling up the DagBag from /opt/airflow/dags/pipeline.py
[2026-02-05T22:02:28.222+0000] {processor.py:840} INFO - DAG(s) 'nyc_taxi_pipeline' retrieved from /opt/airflow/dags/pipeline.py
[2026-02-05T22:02:28.266+0000] {logging_mixin.py:188} INFO - [2026-02-05T22:02:28.266+0000] {dag.py:3036} INFO - Sync 1 DAGs
[2026-02-05T22:02:28.285+0000] {logging_mixin.py:188} INFO - [2026-02-05T22:02:28.285+0000] {dag.py:3823} INFO - Setting next_dagrun for nyc_taxi_pipeline to 2026-02-05 00:00:00+00:00, run_after=2026-02-06 00:00:00+00:00
[2026-02-05T22:02:28.321+0000] {processor.py:183} INFO - Processing /opt/airflow/dags/pipeline.py took 0.114 seconds
[2026-02-05T22:02:58.459+0000] {processor.py:161} INFO - Started process (PID=449) to work on /opt/airflow/dags/pipeline.py
[2026-02-05T22:02:58.462+0000] {processor.py:830} INFO - Processing file /opt/airflow/dags/pipeline.py for tasks to queue
[2026-02-05T22:02:58.462+0000] {logging_mixin.py:188} INFO - [2026-02-05T22:02:58.462+0000] {dagbag.py:538} INFO - Filling up the DagBag from /opt/airflow/dags/pipeline.py
[2026-02-05T22:02:58.469+0000] {processor.py:840} INFO - DAG(s) 'nyc_taxi_pipeline' retrieved from /opt/airflow/dags/pipeline.py
[2026-02-05T22:02:58.556+0000] {logging_mixin.py:188} INFO - [2026-02-05T22:02:58.556+0000] {dag.py:3036} INFO - Sync 1 DAGs
[2026-02-05T22:02:58.570+0000] {logging_mixin.py:188} INFO - [2026-02-05T22:02:58.569+0000] {dag.py:3823} INFO - Setting next_dagrun for nyc_taxi_pipeline to 2026-02-05 00:00:00+00:00, run_after=2026-02-06 00:00:00+00:00
[2026-02-05T22:02:58.607+0000] {processor.py:183} INFO - Processing /opt/airflow/dags/pipeline.py took 0.150 seconds
[2026-02-05T22:03:28.757+0000] {processor.py:161} INFO - Started process (PID=459) to work on /opt/airflow/dags/pipeline.py
[2026-02-05T22:03:28.757+0000] {processor.py:830} INFO - Processing file /opt/airflow/dags/pipeline.py for tasks to queue
[2026-02-05T22:03:28.758+0000] {logging_mixin.py:188} INFO - [2026-02-05T22:03:28.758+0000] {dagbag.py:538} INFO - Filling up the DagBag from /opt/airflow/dags/pipeline.py
[2026-02-05T22:03:28.772+0000] {processor.py:840} INFO - DAG(s) 'nyc_taxi_pipeline' retrieved from /opt/airflow/dags/pipeline.py
[2026-02-05T22:03:28.816+0000] {logging_mixin.py:188} INFO - [2026-02-05T22:03:28.816+0000] {dag.py:3036} INFO - Sync 1 DAGs
[2026-02-05T22:03:28.835+0000] {logging_mixin.py:188} INFO - [2026-02-05T22:03:28.835+0000] {dag.py:3823} INFO - Setting next_dagrun for nyc_taxi_pipeline to 2026-02-05 00:00:00+00:00, run_after=2026-02-06 00:00:00+00:00
[2026-02-05T22:03:28.864+0000] {processor.py:183} INFO - Processing /opt/airflow/dags/pipeline.py took 0.112 seconds
[2026-02-05T22:03:59.005+0000] {processor.py:161} INFO - Started process (PID=469) to work on /opt/airflow/dags/pipeline.py
[2026-02-05T22:03:59.008+0000] {processor.py:830} INFO - Processing file /opt/airflow/dags/pipeline.py for tasks to queue
[2026-02-05T22:03:59.008+0000] {logging_mixin.py:188} INFO - [2026-02-05T22:03:59.008+0000] {dagbag.py:538} INFO - Filling up the DagBag from /opt/airflow/dags/pipeline.py
[2026-02-05T22:03:59.016+0000] {processor.py:840} INFO - DAG(s) 'nyc_taxi_pipeline' retrieved from /opt/airflow/dags/pipeline.py
[2026-02-05T22:03:59.151+0000] {logging_mixin.py:188} INFO - [2026-02-05T22:03:59.151+0000] {dag.py:3036} INFO - Sync 1 DAGs
[2026-02-05T22:03:59.165+0000] {logging_mixin.py:188} INFO - [2026-02-05T22:03:59.165+0000] {dag.py:3823} INFO - Setting next_dagrun for nyc_taxi_pipeline to 2026-02-05 00:00:00+00:00, run_after=2026-02-06 00:00:00+00:00
[2026-02-05T22:03:59.190+0000] {processor.py:183} INFO - Processing /opt/airflow/dags/pipeline.py took 0.187 seconds
[2026-02-05T22:04:29.278+0000] {processor.py:161} INFO - Started process (PID=479) to work on /opt/airflow/dags/pipeline.py
[2026-02-05T22:04:29.279+0000] {processor.py:830} INFO - Processing file /opt/airflow/dags/pipeline.py for tasks to queue
[2026-02-05T22:04:29.280+0000] {logging_mixin.py:188} INFO - [2026-02-05T22:04:29.279+0000] {dagbag.py:538} INFO - Filling up the DagBag from /opt/airflow/dags/pipeline.py
[2026-02-05T22:04:29.289+0000] {processor.py:840} INFO - DAG(s) 'nyc_taxi_pipeline' retrieved from /opt/airflow/dags/pipeline.py
[2026-02-05T22:04:29.331+0000] {logging_mixin.py:188} INFO - [2026-02-05T22:04:29.331+0000] {dag.py:3036} INFO - Sync 1 DAGs
[2026-02-05T22:04:29.352+0000] {logging_mixin.py:188} INFO - [2026-02-05T22:04:29.352+0000] {dag.py:3823} INFO - Setting next_dagrun for nyc_taxi_pipeline to 2026-02-05 00:00:00+00:00, run_after=2026-02-06 00:00:00+00:00
[2026-02-05T22:04:29.391+0000] {processor.py:183} INFO - Processing /opt/airflow/dags/pipeline.py took 0.115 seconds
[2026-02-05T22:23:52.432+0000] {processor.py:161} INFO - Started process (PID=175) to work on /opt/airflow/dags/pipeline.py
[2026-02-05T22:23:52.434+0000] {processor.py:830} INFO - Processing file /opt/airflow/dags/pipeline.py for tasks to queue
[2026-02-05T22:23:52.435+0000] {logging_mixin.py:188} INFO - [2026-02-05T22:23:52.435+0000] {dagbag.py:538} INFO - Filling up the DagBag from /opt/airflow/dags/pipeline.py
[2026-02-05T22:23:52.451+0000] {processor.py:840} INFO - DAG(s) 'nyc_taxi_pipeline' retrieved from /opt/airflow/dags/pipeline.py
[2026-02-05T22:23:52.484+0000] {logging_mixin.py:188} INFO - [2026-02-05T22:23:52.484+0000] {dag.py:3036} INFO - Sync 1 DAGs
[2026-02-05T22:23:52.501+0000] {logging_mixin.py:188} INFO - [2026-02-05T22:23:52.501+0000] {dag.py:3823} INFO - Setting next_dagrun for nyc_taxi_pipeline to 2026-02-05 00:00:00+00:00, run_after=2026-02-06 00:00:00+00:00
[2026-02-05T22:23:52.515+0000] {processor.py:183} INFO - Processing /opt/airflow/dags/pipeline.py took 0.088 seconds
[2026-02-05T22:24:22.699+0000] {processor.py:161} INFO - Started process (PID=195) to work on /opt/airflow/dags/pipeline.py
[2026-02-05T22:24:22.700+0000] {processor.py:830} INFO - Processing file /opt/airflow/dags/pipeline.py for tasks to queue
[2026-02-05T22:24:22.702+0000] {logging_mixin.py:188} INFO - [2026-02-05T22:24:22.701+0000] {dagbag.py:538} INFO - Filling up the DagBag from /opt/airflow/dags/pipeline.py
[2026-02-05T22:24:22.717+0000] {processor.py:840} INFO - DAG(s) 'nyc_taxi_pipeline' retrieved from /opt/airflow/dags/pipeline.py
[2026-02-05T22:24:22.870+0000] {logging_mixin.py:188} INFO - [2026-02-05T22:24:22.870+0000] {dag.py:3036} INFO - Sync 1 DAGs
[2026-02-05T22:24:22.899+0000] {logging_mixin.py:188} INFO - [2026-02-05T22:24:22.898+0000] {dag.py:3823} INFO - Setting next_dagrun for nyc_taxi_pipeline to 2026-02-05 00:00:00+00:00, run_after=2026-02-06 00:00:00+00:00
[2026-02-05T22:24:22.918+0000] {processor.py:183} INFO - Processing /opt/airflow/dags/pipeline.py took 0.224 seconds
[2026-02-05T22:24:53.071+0000] {processor.py:161} INFO - Started process (PID=223) to work on /opt/airflow/dags/pipeline.py
[2026-02-05T22:24:53.072+0000] {processor.py:830} INFO - Processing file /opt/airflow/dags/pipeline.py for tasks to queue
[2026-02-05T22:24:53.074+0000] {logging_mixin.py:188} INFO - [2026-02-05T22:24:53.073+0000] {dagbag.py:538} INFO - Filling up the DagBag from /opt/airflow/dags/pipeline.py
[2026-02-05T22:24:53.089+0000] {processor.py:840} INFO - DAG(s) 'nyc_taxi_pipeline' retrieved from /opt/airflow/dags/pipeline.py
[2026-02-05T22:24:53.127+0000] {logging_mixin.py:188} INFO - [2026-02-05T22:24:53.127+0000] {dag.py:3036} INFO - Sync 1 DAGs
[2026-02-05T22:24:53.147+0000] {logging_mixin.py:188} INFO - [2026-02-05T22:24:53.147+0000] {dag.py:3823} INFO - Setting next_dagrun for nyc_taxi_pipeline to 2026-02-05 00:00:00+00:00, run_after=2026-02-06 00:00:00+00:00
[2026-02-05T22:24:53.159+0000] {processor.py:183} INFO - Processing /opt/airflow/dags/pipeline.py took 0.093 seconds
[2026-02-05T22:25:23.336+0000] {processor.py:161} INFO - Started process (PID=233) to work on /opt/airflow/dags/pipeline.py
[2026-02-05T22:25:23.337+0000] {processor.py:830} INFO - Processing file /opt/airflow/dags/pipeline.py for tasks to queue
[2026-02-05T22:25:23.339+0000] {logging_mixin.py:188} INFO - [2026-02-05T22:25:23.338+0000] {dagbag.py:538} INFO - Filling up the DagBag from /opt/airflow/dags/pipeline.py
[2026-02-05T22:25:23.354+0000] {processor.py:840} INFO - DAG(s) 'nyc_taxi_pipeline' retrieved from /opt/airflow/dags/pipeline.py
[2026-02-05T22:25:23.452+0000] {logging_mixin.py:188} INFO - [2026-02-05T22:25:23.451+0000] {dag.py:3036} INFO - Sync 1 DAGs
[2026-02-05T22:25:23.466+0000] {logging_mixin.py:188} INFO - [2026-02-05T22:25:23.466+0000] {dag.py:3823} INFO - Setting next_dagrun for nyc_taxi_pipeline to 2026-02-05 00:00:00+00:00, run_after=2026-02-06 00:00:00+00:00
[2026-02-05T22:25:23.481+0000] {processor.py:183} INFO - Processing /opt/airflow/dags/pipeline.py took 0.150 seconds
[2026-02-05T22:25:53.608+0000] {processor.py:161} INFO - Started process (PID=243) to work on /opt/airflow/dags/pipeline.py
[2026-02-05T22:25:53.610+0000] {processor.py:830} INFO - Processing file /opt/airflow/dags/pipeline.py for tasks to queue
[2026-02-05T22:25:53.611+0000] {logging_mixin.py:188} INFO - [2026-02-05T22:25:53.610+0000] {dagbag.py:538} INFO - Filling up the DagBag from /opt/airflow/dags/pipeline.py
[2026-02-05T22:25:53.628+0000] {processor.py:840} INFO - DAG(s) 'nyc_taxi_pipeline' retrieved from /opt/airflow/dags/pipeline.py
[2026-02-05T22:25:53.667+0000] {logging_mixin.py:188} INFO - [2026-02-05T22:25:53.666+0000] {dag.py:3036} INFO - Sync 1 DAGs
[2026-02-05T22:25:53.690+0000] {logging_mixin.py:188} INFO - [2026-02-05T22:25:53.690+0000] {dag.py:3823} INFO - Setting next_dagrun for nyc_taxi_pipeline to 2026-02-05 00:00:00+00:00, run_after=2026-02-06 00:00:00+00:00
[2026-02-05T22:25:53.705+0000] {processor.py:183} INFO - Processing /opt/airflow/dags/pipeline.py took 0.102 seconds
[2026-02-05T22:26:23.876+0000] {processor.py:161} INFO - Started process (PID=253) to work on /opt/airflow/dags/pipeline.py
[2026-02-05T22:26:23.877+0000] {processor.py:830} INFO - Processing file /opt/airflow/dags/pipeline.py for tasks to queue
[2026-02-05T22:26:23.878+0000] {logging_mixin.py:188} INFO - [2026-02-05T22:26:23.878+0000] {dagbag.py:538} INFO - Filling up the DagBag from /opt/airflow/dags/pipeline.py
[2026-02-05T22:26:23.896+0000] {processor.py:840} INFO - DAG(s) 'nyc_taxi_pipeline' retrieved from /opt/airflow/dags/pipeline.py
[2026-02-05T22:26:24.005+0000] {logging_mixin.py:188} INFO - [2026-02-05T22:26:24.005+0000] {dag.py:3036} INFO - Sync 1 DAGs
[2026-02-05T22:26:24.020+0000] {logging_mixin.py:188} INFO - [2026-02-05T22:26:24.020+0000] {dag.py:3823} INFO - Setting next_dagrun for nyc_taxi_pipeline to 2026-02-05 00:00:00+00:00, run_after=2026-02-06 00:00:00+00:00
[2026-02-05T22:26:24.034+0000] {processor.py:183} INFO - Processing /opt/airflow/dags/pipeline.py took 0.164 seconds
[2026-02-05T22:26:54.141+0000] {processor.py:161} INFO - Started process (PID=263) to work on /opt/airflow/dags/pipeline.py
[2026-02-05T22:26:54.142+0000] {processor.py:830} INFO - Processing file /opt/airflow/dags/pipeline.py for tasks to queue
[2026-02-05T22:26:54.143+0000] {logging_mixin.py:188} INFO - [2026-02-05T22:26:54.143+0000] {dagbag.py:538} INFO - Filling up the DagBag from /opt/airflow/dags/pipeline.py
[2026-02-05T22:26:54.159+0000] {processor.py:840} INFO - DAG(s) 'nyc_taxi_pipeline' retrieved from /opt/airflow/dags/pipeline.py
[2026-02-05T22:26:54.197+0000] {logging_mixin.py:188} INFO - [2026-02-05T22:26:54.197+0000] {dag.py:3036} INFO - Sync 1 DAGs
[2026-02-05T22:26:54.219+0000] {logging_mixin.py:188} INFO - [2026-02-05T22:26:54.219+0000] {dag.py:3823} INFO - Setting next_dagrun for nyc_taxi_pipeline to 2026-02-05 00:00:00+00:00, run_after=2026-02-06 00:00:00+00:00
[2026-02-05T22:26:54.232+0000] {processor.py:183} INFO - Processing /opt/airflow/dags/pipeline.py took 0.097 seconds
[2026-02-05T22:28:00.907+0000] {processor.py:161} INFO - Started process (PID=174) to work on /opt/airflow/dags/pipeline.py
[2026-02-05T22:28:00.909+0000] {processor.py:830} INFO - Processing file /opt/airflow/dags/pipeline.py for tasks to queue
[2026-02-05T22:28:00.911+0000] {logging_mixin.py:188} INFO - [2026-02-05T22:28:00.910+0000] {dagbag.py:538} INFO - Filling up the DagBag from /opt/airflow/dags/pipeline.py
[2026-02-05T22:28:00.936+0000] {processor.py:840} INFO - DAG(s) 'nyc_taxi_pipeline' retrieved from /opt/airflow/dags/pipeline.py
[2026-02-05T22:28:00.962+0000] {logging_mixin.py:188} INFO - [2026-02-05T22:28:00.962+0000] {dag.py:3036} INFO - Sync 1 DAGs
[2026-02-05T22:28:00.997+0000] {logging_mixin.py:188} INFO - [2026-02-05T22:28:00.997+0000] {dag.py:3823} INFO - Setting next_dagrun for nyc_taxi_pipeline to 2026-02-05 00:00:00+00:00, run_after=2026-02-06 00:00:00+00:00
[2026-02-05T22:28:01.014+0000] {processor.py:183} INFO - Processing /opt/airflow/dags/pipeline.py took 0.113 seconds
[2026-02-05T22:28:31.167+0000] {processor.py:161} INFO - Started process (PID=190) to work on /opt/airflow/dags/pipeline.py
[2026-02-05T22:28:31.169+0000] {processor.py:830} INFO - Processing file /opt/airflow/dags/pipeline.py for tasks to queue
[2026-02-05T22:28:31.170+0000] {logging_mixin.py:188} INFO - [2026-02-05T22:28:31.169+0000] {dagbag.py:538} INFO - Filling up the DagBag from /opt/airflow/dags/pipeline.py
[2026-02-05T22:28:31.186+0000] {processor.py:840} INFO - DAG(s) 'nyc_taxi_pipeline' retrieved from /opt/airflow/dags/pipeline.py
[2026-02-05T22:28:31.341+0000] {logging_mixin.py:188} INFO - [2026-02-05T22:28:31.341+0000] {dag.py:3036} INFO - Sync 1 DAGs
[2026-02-05T22:28:31.374+0000] {logging_mixin.py:188} INFO - [2026-02-05T22:28:31.374+0000] {dag.py:3823} INFO - Setting next_dagrun for nyc_taxi_pipeline to 2026-02-05 00:00:00+00:00, run_after=2026-02-06 00:00:00+00:00
[2026-02-05T22:28:31.387+0000] {processor.py:183} INFO - Processing /opt/airflow/dags/pipeline.py took 0.225 seconds
[2026-02-05T22:29:01.528+0000] {processor.py:161} INFO - Started process (PID=208) to work on /opt/airflow/dags/pipeline.py
[2026-02-05T22:29:01.529+0000] {processor.py:830} INFO - Processing file /opt/airflow/dags/pipeline.py for tasks to queue
[2026-02-05T22:29:01.529+0000] {logging_mixin.py:188} INFO - [2026-02-05T22:29:01.529+0000] {dagbag.py:538} INFO - Filling up the DagBag from /opt/airflow/dags/pipeline.py
[2026-02-05T22:29:01.536+0000] {processor.py:840} INFO - DAG(s) 'nyc_taxi_pipeline' retrieved from /opt/airflow/dags/pipeline.py
[2026-02-05T22:29:01.556+0000] {logging_mixin.py:188} INFO - [2026-02-05T22:29:01.555+0000] {dag.py:3036} INFO - Sync 1 DAGs
[2026-02-05T22:29:01.570+0000] {logging_mixin.py:188} INFO - [2026-02-05T22:29:01.570+0000] {dag.py:3823} INFO - Setting next_dagrun for nyc_taxi_pipeline to 2026-02-05 00:00:00+00:00, run_after=2026-02-06 00:00:00+00:00
[2026-02-05T22:29:01.583+0000] {processor.py:183} INFO - Processing /opt/airflow/dags/pipeline.py took 0.058 seconds
[2026-02-05T22:29:31.741+0000] {processor.py:161} INFO - Started process (PID=221) to work on /opt/airflow/dags/pipeline.py
[2026-02-05T22:29:31.743+0000] {processor.py:830} INFO - Processing file /opt/airflow/dags/pipeline.py for tasks to queue
[2026-02-05T22:29:31.744+0000] {logging_mixin.py:188} INFO - [2026-02-05T22:29:31.744+0000] {dagbag.py:538} INFO - Filling up the DagBag from /opt/airflow/dags/pipeline.py
[2026-02-05T22:29:31.760+0000] {processor.py:840} INFO - DAG(s) 'nyc_taxi_pipeline' retrieved from /opt/airflow/dags/pipeline.py
[2026-02-05T22:29:31.861+0000] {logging_mixin.py:188} INFO - [2026-02-05T22:29:31.861+0000] {dag.py:3036} INFO - Sync 1 DAGs
[2026-02-05T22:29:31.874+0000] {logging_mixin.py:188} INFO - [2026-02-05T22:29:31.874+0000] {dag.py:3823} INFO - Setting next_dagrun for nyc_taxi_pipeline to 2026-02-05 00:00:00+00:00, run_after=2026-02-06 00:00:00+00:00
[2026-02-05T22:29:31.891+0000] {processor.py:183} INFO - Processing /opt/airflow/dags/pipeline.py took 0.155 seconds
[2026-02-05T22:30:01.980+0000] {processor.py:161} INFO - Started process (PID=240) to work on /opt/airflow/dags/pipeline.py
[2026-02-05T22:30:01.981+0000] {processor.py:830} INFO - Processing file /opt/airflow/dags/pipeline.py for tasks to queue
[2026-02-05T22:30:01.982+0000] {logging_mixin.py:188} INFO - [2026-02-05T22:30:01.981+0000] {dagbag.py:538} INFO - Filling up the DagBag from /opt/airflow/dags/pipeline.py
[2026-02-05T22:30:01.989+0000] {processor.py:840} INFO - DAG(s) 'nyc_taxi_pipeline' retrieved from /opt/airflow/dags/pipeline.py
[2026-02-05T22:30:02.005+0000] {logging_mixin.py:188} INFO - [2026-02-05T22:30:02.005+0000] {dag.py:3036} INFO - Sync 1 DAGs
[2026-02-05T22:30:02.019+0000] {logging_mixin.py:188} INFO - [2026-02-05T22:30:02.019+0000] {dag.py:3823} INFO - Setting next_dagrun for nyc_taxi_pipeline to 2026-02-05 00:00:00+00:00, run_after=2026-02-06 00:00:00+00:00
[2026-02-05T22:30:02.030+0000] {processor.py:183} INFO - Processing /opt/airflow/dags/pipeline.py took 0.052 seconds
[2026-02-05T22:30:32.200+0000] {processor.py:161} INFO - Started process (PID=250) to work on /opt/airflow/dags/pipeline.py
[2026-02-05T22:30:32.201+0000] {processor.py:830} INFO - Processing file /opt/airflow/dags/pipeline.py for tasks to queue
[2026-02-05T22:30:32.201+0000] {logging_mixin.py:188} INFO - [2026-02-05T22:30:32.201+0000] {dagbag.py:538} INFO - Filling up the DagBag from /opt/airflow/dags/pipeline.py
[2026-02-05T22:30:32.208+0000] {processor.py:840} INFO - DAG(s) 'nyc_taxi_pipeline' retrieved from /opt/airflow/dags/pipeline.py
[2026-02-05T22:30:32.277+0000] {logging_mixin.py:188} INFO - [2026-02-05T22:30:32.276+0000] {dag.py:3036} INFO - Sync 1 DAGs
[2026-02-05T22:30:32.289+0000] {logging_mixin.py:188} INFO - [2026-02-05T22:30:32.289+0000] {dag.py:3823} INFO - Setting next_dagrun for nyc_taxi_pipeline to 2026-02-05 00:00:00+00:00, run_after=2026-02-06 00:00:00+00:00
[2026-02-05T22:30:32.300+0000] {processor.py:183} INFO - Processing /opt/airflow/dags/pipeline.py took 0.103 seconds
[2026-02-05T22:31:02.408+0000] {processor.py:161} INFO - Started process (PID=260) to work on /opt/airflow/dags/pipeline.py
[2026-02-05T22:31:02.409+0000] {processor.py:830} INFO - Processing file /opt/airflow/dags/pipeline.py for tasks to queue
[2026-02-05T22:31:02.409+0000] {logging_mixin.py:188} INFO - [2026-02-05T22:31:02.409+0000] {dagbag.py:538} INFO - Filling up the DagBag from /opt/airflow/dags/pipeline.py
[2026-02-05T22:31:02.417+0000] {processor.py:840} INFO - DAG(s) 'nyc_taxi_pipeline' retrieved from /opt/airflow/dags/pipeline.py
[2026-02-05T22:31:02.434+0000] {logging_mixin.py:188} INFO - [2026-02-05T22:31:02.434+0000] {dag.py:3036} INFO - Sync 1 DAGs
[2026-02-05T22:31:02.449+0000] {logging_mixin.py:188} INFO - [2026-02-05T22:31:02.448+0000] {dag.py:3823} INFO - Setting next_dagrun for nyc_taxi_pipeline to 2026-02-05 00:00:00+00:00, run_after=2026-02-06 00:00:00+00:00
[2026-02-05T22:31:02.459+0000] {processor.py:183} INFO - Processing /opt/airflow/dags/pipeline.py took 0.053 seconds
[2026-02-05T22:31:32.630+0000] {processor.py:161} INFO - Started process (PID=270) to work on /opt/airflow/dags/pipeline.py
[2026-02-05T22:31:32.632+0000] {processor.py:830} INFO - Processing file /opt/airflow/dags/pipeline.py for tasks to queue
[2026-02-05T22:31:32.633+0000] {logging_mixin.py:188} INFO - [2026-02-05T22:31:32.633+0000] {dagbag.py:538} INFO - Filling up the DagBag from /opt/airflow/dags/pipeline.py
[2026-02-05T22:31:32.650+0000] {processor.py:840} INFO - DAG(s) 'nyc_taxi_pipeline' retrieved from /opt/airflow/dags/pipeline.py
[2026-02-05T22:31:32.752+0000] {logging_mixin.py:188} INFO - [2026-02-05T22:31:32.751+0000] {dag.py:3036} INFO - Sync 1 DAGs
[2026-02-05T22:31:32.768+0000] {logging_mixin.py:188} INFO - [2026-02-05T22:31:32.768+0000] {dag.py:3823} INFO - Setting next_dagrun for nyc_taxi_pipeline to 2026-02-05 00:00:00+00:00, run_after=2026-02-06 00:00:00+00:00
[2026-02-05T22:31:32.782+0000] {processor.py:183} INFO - Processing /opt/airflow/dags/pipeline.py took 0.156 seconds
[2026-02-05T22:32:02.894+0000] {processor.py:161} INFO - Started process (PID=280) to work on /opt/airflow/dags/pipeline.py
[2026-02-05T22:32:02.894+0000] {processor.py:830} INFO - Processing file /opt/airflow/dags/pipeline.py for tasks to queue
[2026-02-05T22:32:02.895+0000] {logging_mixin.py:188} INFO - [2026-02-05T22:32:02.895+0000] {dagbag.py:538} INFO - Filling up the DagBag from /opt/airflow/dags/pipeline.py
[2026-02-05T22:32:02.903+0000] {processor.py:840} INFO - DAG(s) 'nyc_taxi_pipeline' retrieved from /opt/airflow/dags/pipeline.py
[2026-02-05T22:32:02.922+0000] {logging_mixin.py:188} INFO - [2026-02-05T22:32:02.922+0000] {dag.py:3036} INFO - Sync 1 DAGs
[2026-02-05T22:32:02.941+0000] {logging_mixin.py:188} INFO - [2026-02-05T22:32:02.941+0000] {dag.py:3823} INFO - Setting next_dagrun for nyc_taxi_pipeline to 2026-02-05 00:00:00+00:00, run_after=2026-02-06 00:00:00+00:00
[2026-02-05T22:32:02.954+0000] {processor.py:183} INFO - Processing /opt/airflow/dags/pipeline.py took 0.063 seconds
[2026-02-05T22:32:33.129+0000] {processor.py:161} INFO - Started process (PID=290) to work on /opt/airflow/dags/pipeline.py
[2026-02-05T22:32:33.131+0000] {processor.py:830} INFO - Processing file /opt/airflow/dags/pipeline.py for tasks to queue
[2026-02-05T22:32:33.132+0000] {logging_mixin.py:188} INFO - [2026-02-05T22:32:33.132+0000] {dagbag.py:538} INFO - Filling up the DagBag from /opt/airflow/dags/pipeline.py
[2026-02-05T22:32:33.148+0000] {processor.py:840} INFO - DAG(s) 'nyc_taxi_pipeline' retrieved from /opt/airflow/dags/pipeline.py
[2026-02-05T22:32:33.245+0000] {logging_mixin.py:188} INFO - [2026-02-05T22:32:33.245+0000] {dag.py:3036} INFO - Sync 1 DAGs
[2026-02-05T22:32:33.259+0000] {logging_mixin.py:188} INFO - [2026-02-05T22:32:33.259+0000] {dag.py:3823} INFO - Setting next_dagrun for nyc_taxi_pipeline to 2026-02-05 00:00:00+00:00, run_after=2026-02-06 00:00:00+00:00
[2026-02-05T22:32:33.276+0000] {processor.py:183} INFO - Processing /opt/airflow/dags/pipeline.py took 0.152 seconds
[2026-02-05T22:33:03.358+0000] {processor.py:161} INFO - Started process (PID=300) to work on /opt/airflow/dags/pipeline.py
[2026-02-05T22:33:03.359+0000] {processor.py:830} INFO - Processing file /opt/airflow/dags/pipeline.py for tasks to queue
[2026-02-05T22:33:03.361+0000] {logging_mixin.py:188} INFO - [2026-02-05T22:33:03.360+0000] {dagbag.py:538} INFO - Filling up the DagBag from /opt/airflow/dags/pipeline.py
[2026-02-05T22:33:03.378+0000] {processor.py:840} INFO - DAG(s) 'nyc_taxi_pipeline' retrieved from /opt/airflow/dags/pipeline.py
[2026-02-05T22:33:03.412+0000] {logging_mixin.py:188} INFO - [2026-02-05T22:33:03.412+0000] {dag.py:3036} INFO - Sync 1 DAGs
[2026-02-05T22:33:03.433+0000] {logging_mixin.py:188} INFO - [2026-02-05T22:33:03.433+0000] {dag.py:3823} INFO - Setting next_dagrun for nyc_taxi_pipeline to 2026-02-05 00:00:00+00:00, run_after=2026-02-06 00:00:00+00:00
[2026-02-05T22:33:03.445+0000] {processor.py:183} INFO - Processing /opt/airflow/dags/pipeline.py took 0.092 seconds
[2026-02-05T22:33:33.619+0000] {processor.py:161} INFO - Started process (PID=310) to work on /opt/airflow/dags/pipeline.py
[2026-02-05T22:33:33.621+0000] {processor.py:830} INFO - Processing file /opt/airflow/dags/pipeline.py for tasks to queue
[2026-02-05T22:33:33.622+0000] {logging_mixin.py:188} INFO - [2026-02-05T22:33:33.622+0000] {dagbag.py:538} INFO - Filling up the DagBag from /opt/airflow/dags/pipeline.py
[2026-02-05T22:33:33.637+0000] {processor.py:840} INFO - DAG(s) 'nyc_taxi_pipeline' retrieved from /opt/airflow/dags/pipeline.py
[2026-02-05T22:33:33.763+0000] {logging_mixin.py:188} INFO - [2026-02-05T22:33:33.763+0000] {dag.py:3036} INFO - Sync 1 DAGs
[2026-02-05T22:33:33.778+0000] {logging_mixin.py:188} INFO - [2026-02-05T22:33:33.778+0000] {dag.py:3823} INFO - Setting next_dagrun for nyc_taxi_pipeline to 2026-02-05 00:00:00+00:00, run_after=2026-02-06 00:00:00+00:00
[2026-02-05T22:33:33.792+0000] {processor.py:183} INFO - Processing /opt/airflow/dags/pipeline.py took 0.177 seconds
[2026-02-05T22:34:03.885+0000] {processor.py:161} INFO - Started process (PID=320) to work on /opt/airflow/dags/pipeline.py
[2026-02-05T22:34:03.886+0000] {processor.py:830} INFO - Processing file /opt/airflow/dags/pipeline.py for tasks to queue
[2026-02-05T22:34:03.887+0000] {logging_mixin.py:188} INFO - [2026-02-05T22:34:03.887+0000] {dagbag.py:538} INFO - Filling up the DagBag from /opt/airflow/dags/pipeline.py
[2026-02-05T22:34:03.903+0000] {processor.py:840} INFO - DAG(s) 'nyc_taxi_pipeline' retrieved from /opt/airflow/dags/pipeline.py
[2026-02-05T22:34:03.928+0000] {logging_mixin.py:188} INFO - [2026-02-05T22:34:03.928+0000] {dag.py:3036} INFO - Sync 1 DAGs
[2026-02-05T22:34:03.948+0000] {logging_mixin.py:188} INFO - [2026-02-05T22:34:03.947+0000] {dag.py:3823} INFO - Setting next_dagrun for nyc_taxi_pipeline to 2026-02-05 00:00:00+00:00, run_after=2026-02-06 00:00:00+00:00
[2026-02-05T22:34:03.970+0000] {processor.py:183} INFO - Processing /opt/airflow/dags/pipeline.py took 0.091 seconds
[2026-02-05T22:34:34.149+0000] {processor.py:161} INFO - Started process (PID=330) to work on /opt/airflow/dags/pipeline.py
[2026-02-05T22:34:34.151+0000] {processor.py:830} INFO - Processing file /opt/airflow/dags/pipeline.py for tasks to queue
[2026-02-05T22:34:34.152+0000] {logging_mixin.py:188} INFO - [2026-02-05T22:34:34.151+0000] {dagbag.py:538} INFO - Filling up the DagBag from /opt/airflow/dags/pipeline.py
[2026-02-05T22:34:34.167+0000] {processor.py:840} INFO - DAG(s) 'nyc_taxi_pipeline' retrieved from /opt/airflow/dags/pipeline.py
[2026-02-05T22:34:34.266+0000] {logging_mixin.py:188} INFO - [2026-02-05T22:34:34.265+0000] {dag.py:3036} INFO - Sync 1 DAGs
[2026-02-05T22:34:34.280+0000] {logging_mixin.py:188} INFO - [2026-02-05T22:34:34.280+0000] {dag.py:3823} INFO - Setting next_dagrun for nyc_taxi_pipeline to 2026-02-05 00:00:00+00:00, run_after=2026-02-06 00:00:00+00:00
[2026-02-05T22:34:34.294+0000] {processor.py:183} INFO - Processing /opt/airflow/dags/pipeline.py took 0.150 seconds
[2026-02-05T22:35:04.440+0000] {processor.py:161} INFO - Started process (PID=340) to work on /opt/airflow/dags/pipeline.py
[2026-02-05T22:35:04.441+0000] {processor.py:830} INFO - Processing file /opt/airflow/dags/pipeline.py for tasks to queue
[2026-02-05T22:35:04.442+0000] {logging_mixin.py:188} INFO - [2026-02-05T22:35:04.442+0000] {dagbag.py:538} INFO - Filling up the DagBag from /opt/airflow/dags/pipeline.py
[2026-02-05T22:35:04.459+0000] {processor.py:840} INFO - DAG(s) 'nyc_taxi_pipeline' retrieved from /opt/airflow/dags/pipeline.py
[2026-02-05T22:35:04.501+0000] {logging_mixin.py:188} INFO - [2026-02-05T22:35:04.501+0000] {dag.py:3036} INFO - Sync 1 DAGs
[2026-02-05T22:35:04.520+0000] {logging_mixin.py:188} INFO - [2026-02-05T22:35:04.520+0000] {dag.py:3823} INFO - Setting next_dagrun for nyc_taxi_pipeline to 2026-02-05 00:00:00+00:00, run_after=2026-02-06 00:00:00+00:00
[2026-02-05T22:35:04.533+0000] {processor.py:183} INFO - Processing /opt/airflow/dags/pipeline.py took 0.099 seconds
[2026-02-05T22:35:34.706+0000] {processor.py:161} INFO - Started process (PID=350) to work on /opt/airflow/dags/pipeline.py
[2026-02-05T22:35:34.708+0000] {processor.py:830} INFO - Processing file /opt/airflow/dags/pipeline.py for tasks to queue
[2026-02-05T22:35:34.709+0000] {logging_mixin.py:188} INFO - [2026-02-05T22:35:34.708+0000] {dagbag.py:538} INFO - Filling up the DagBag from /opt/airflow/dags/pipeline.py
[2026-02-05T22:35:34.725+0000] {processor.py:840} INFO - DAG(s) 'nyc_taxi_pipeline' retrieved from /opt/airflow/dags/pipeline.py
[2026-02-05T22:35:34.822+0000] {logging_mixin.py:188} INFO - [2026-02-05T22:35:34.822+0000] {dag.py:3036} INFO - Sync 1 DAGs
[2026-02-05T22:35:34.837+0000] {logging_mixin.py:188} INFO - [2026-02-05T22:35:34.837+0000] {dag.py:3823} INFO - Setting next_dagrun for nyc_taxi_pipeline to 2026-02-05 00:00:00+00:00, run_after=2026-02-06 00:00:00+00:00
[2026-02-05T22:35:34.852+0000] {processor.py:183} INFO - Processing /opt/airflow/dags/pipeline.py took 0.150 seconds
[2026-02-05T22:36:04.967+0000] {processor.py:161} INFO - Started process (PID=360) to work on /opt/airflow/dags/pipeline.py
[2026-02-05T22:36:04.967+0000] {processor.py:830} INFO - Processing file /opt/airflow/dags/pipeline.py for tasks to queue
[2026-02-05T22:36:04.968+0000] {logging_mixin.py:188} INFO - [2026-02-05T22:36:04.968+0000] {dagbag.py:538} INFO - Filling up the DagBag from /opt/airflow/dags/pipeline.py
[2026-02-05T22:36:04.975+0000] {processor.py:840} INFO - DAG(s) 'nyc_taxi_pipeline' retrieved from /opt/airflow/dags/pipeline.py
[2026-02-05T22:36:04.999+0000] {logging_mixin.py:188} INFO - [2026-02-05T22:36:04.999+0000] {dag.py:3036} INFO - Sync 1 DAGs
[2026-02-05T22:36:05.016+0000] {logging_mixin.py:188} INFO - [2026-02-05T22:36:05.016+0000] {dag.py:3823} INFO - Setting next_dagrun for nyc_taxi_pipeline to 2026-02-05 00:00:00+00:00, run_after=2026-02-06 00:00:00+00:00
[2026-02-05T22:36:05.028+0000] {processor.py:183} INFO - Processing /opt/airflow/dags/pipeline.py took 0.064 seconds
[2026-02-05T22:36:35.207+0000] {processor.py:161} INFO - Started process (PID=370) to work on /opt/airflow/dags/pipeline.py
[2026-02-05T22:36:35.209+0000] {processor.py:830} INFO - Processing file /opt/airflow/dags/pipeline.py for tasks to queue
[2026-02-05T22:36:35.210+0000] {logging_mixin.py:188} INFO - [2026-02-05T22:36:35.209+0000] {dagbag.py:538} INFO - Filling up the DagBag from /opt/airflow/dags/pipeline.py
[2026-02-05T22:36:35.225+0000] {processor.py:840} INFO - DAG(s) 'nyc_taxi_pipeline' retrieved from /opt/airflow/dags/pipeline.py
[2026-02-05T22:36:35.322+0000] {logging_mixin.py:188} INFO - [2026-02-05T22:36:35.322+0000] {dag.py:3036} INFO - Sync 1 DAGs
[2026-02-05T22:36:35.337+0000] {logging_mixin.py:188} INFO - [2026-02-05T22:36:35.337+0000] {dag.py:3823} INFO - Setting next_dagrun for nyc_taxi_pipeline to 2026-02-05 00:00:00+00:00, run_after=2026-02-06 00:00:00+00:00
[2026-02-05T22:36:35.350+0000] {processor.py:183} INFO - Processing /opt/airflow/dags/pipeline.py took 0.149 seconds
[2026-02-05T22:37:05.505+0000] {processor.py:161} INFO - Started process (PID=380) to work on /opt/airflow/dags/pipeline.py
[2026-02-05T22:37:05.506+0000] {processor.py:830} INFO - Processing file /opt/airflow/dags/pipeline.py for tasks to queue
[2026-02-05T22:37:05.507+0000] {logging_mixin.py:188} INFO - [2026-02-05T22:37:05.507+0000] {dagbag.py:538} INFO - Filling up the DagBag from /opt/airflow/dags/pipeline.py
[2026-02-05T22:37:05.523+0000] {processor.py:840} INFO - DAG(s) 'nyc_taxi_pipeline' retrieved from /opt/airflow/dags/pipeline.py
[2026-02-05T22:37:05.563+0000] {logging_mixin.py:188} INFO - [2026-02-05T22:37:05.563+0000] {dag.py:3036} INFO - Sync 1 DAGs
[2026-02-05T22:37:05.590+0000] {logging_mixin.py:188} INFO - [2026-02-05T22:37:05.590+0000] {dag.py:3823} INFO - Setting next_dagrun for nyc_taxi_pipeline to 2026-02-05 00:00:00+00:00, run_after=2026-02-06 00:00:00+00:00
[2026-02-05T22:37:05.602+0000] {processor.py:183} INFO - Processing /opt/airflow/dags/pipeline.py took 0.103 seconds
[2026-02-05T22:37:35.772+0000] {processor.py:161} INFO - Started process (PID=389) to work on /opt/airflow/dags/pipeline.py
[2026-02-05T22:37:35.773+0000] {processor.py:830} INFO - Processing file /opt/airflow/dags/pipeline.py for tasks to queue
[2026-02-05T22:37:35.774+0000] {logging_mixin.py:188} INFO - [2026-02-05T22:37:35.774+0000] {dagbag.py:538} INFO - Filling up the DagBag from /opt/airflow/dags/pipeline.py
[2026-02-05T22:37:35.790+0000] {processor.py:840} INFO - DAG(s) 'nyc_taxi_pipeline' retrieved from /opt/airflow/dags/pipeline.py
[2026-02-05T22:37:35.894+0000] {logging_mixin.py:188} INFO - [2026-02-05T22:37:35.893+0000] {dag.py:3036} INFO - Sync 1 DAGs
[2026-02-05T22:37:35.908+0000] {logging_mixin.py:188} INFO - [2026-02-05T22:37:35.908+0000] {dag.py:3823} INFO - Setting next_dagrun for nyc_taxi_pipeline to 2026-02-05 00:00:00+00:00, run_after=2026-02-06 00:00:00+00:00
[2026-02-05T22:37:35.922+0000] {processor.py:183} INFO - Processing /opt/airflow/dags/pipeline.py took 0.156 seconds
[2026-02-05T22:38:06.028+0000] {processor.py:161} INFO - Started process (PID=400) to work on /opt/airflow/dags/pipeline.py
[2026-02-05T22:38:06.028+0000] {processor.py:830} INFO - Processing file /opt/airflow/dags/pipeline.py for tasks to queue
[2026-02-05T22:38:06.029+0000] {logging_mixin.py:188} INFO - [2026-02-05T22:38:06.029+0000] {dagbag.py:538} INFO - Filling up the DagBag from /opt/airflow/dags/pipeline.py
[2026-02-05T22:38:06.037+0000] {processor.py:840} INFO - DAG(s) 'nyc_taxi_pipeline' retrieved from /opt/airflow/dags/pipeline.py
[2026-02-05T22:38:06.058+0000] {logging_mixin.py:188} INFO - [2026-02-05T22:38:06.057+0000] {dag.py:3036} INFO - Sync 1 DAGs
[2026-02-05T22:38:06.074+0000] {logging_mixin.py:188} INFO - [2026-02-05T22:38:06.074+0000] {dag.py:3823} INFO - Setting next_dagrun for nyc_taxi_pipeline to 2026-02-05 00:00:00+00:00, run_after=2026-02-06 00:00:00+00:00
[2026-02-05T22:38:06.087+0000] {processor.py:183} INFO - Processing /opt/airflow/dags/pipeline.py took 0.061 seconds
