[2026-02-05T21:50:21.423+0000] {manager.py:469} INFO - Processing files using up to 2 processes at a time 
[2026-02-05T21:50:21.423+0000] {manager.py:470} INFO - Process each file at most once every 30 seconds
[2026-02-05T21:50:21.423+0000] {manager.py:471} INFO - Checking for new files in /opt/airflow/dags every 300 seconds
[2026-02-05T21:50:21.423+0000] {manager.py:738} INFO - Searching for files in /opt/airflow/dags
[2026-02-05T21:50:21.431+0000] {manager.py:741} INFO - There are 2 files in /opt/airflow/dags
[2026-02-05T21:50:21.530+0000] {manager.py:879} INFO - 
================================================================================
DAG File Processing Stats

File Path                                 PID  Runtime      # DAGs    # Errors  Last Runtime    Last Run
--------------------------------------  -----  ---------  --------  ----------  --------------  ----------
/opt/airflow/dags/nyc_taxi_pipeline.py    169  0.04s             0           0
/opt/airflow/dags/pipeline.py             166  0.06s             0           0
================================================================================
[2026-02-05T21:50:21.993+0000] {manager.py:1017} ERROR - Processor for /opt/airflow/dags/nyc_taxi_pipeline.py exited with return code 1.
[2026-02-05T21:50:51.899+0000] {manager.py:879} INFO - 
================================================================================
DAG File Processing Stats

File Path                                 PID  Runtime      # DAGs    # Errors  Last Runtime    Last Run
--------------------------------------  -----  ---------  --------  ----------  --------------  -------------------
/opt/airflow/dags/nyc_taxi_pipeline.py                           0          -1  0.51s           2026-02-05T21:50:21
/opt/airflow/dags/pipeline.py             177  0.00s             1           0  0.32s           2026-02-05T21:50:21
================================================================================
[2026-02-05T21:51:22.149+0000] {manager.py:879} INFO - 
================================================================================
DAG File Processing Stats

File Path                                 PID  Runtime      # DAGs    # Errors  Last Runtime    Last Run
--------------------------------------  -----  ---------  --------  ----------  --------------  -------------------
/opt/airflow/dags/nyc_taxi_pipeline.py                           1           0  0.13s           2026-02-05T21:50:52
/opt/airflow/dags/pipeline.py             187  0.00s             1           0  0.14s           2026-02-05T21:50:52
================================================================================
[2026-02-05T21:51:52.473+0000] {manager.py:879} INFO - 
================================================================================
DAG File Processing Stats

File Path                                 PID  Runtime      # DAGs    # Errors  Last Runtime    Last Run
--------------------------------------  -----  ---------  --------  ----------  --------------  -------------------
/opt/airflow/dags/nyc_taxi_pipeline.py                           1           0  0.22s           2026-02-05T21:51:22
/opt/airflow/dags/pipeline.py             197  0.00s             1           0  0.22s           2026-02-05T21:51:22
================================================================================
[2026-02-05T21:52:22.797+0000] {manager.py:879} INFO - 
================================================================================
DAG File Processing Stats

File Path                                 PID  Runtime      # DAGs    # Errors  Last Runtime    Last Run
--------------------------------------  -----  ---------  --------  ----------  --------------  -------------------
/opt/airflow/dags/nyc_taxi_pipeline.py    210  0.00s             1           0  0.16s           2026-02-05T21:51:52
/opt/airflow/dags/pipeline.py             207  0.01s             1           0  0.22s           2026-02-05T21:51:52
================================================================================
[2026-02-05T21:52:53.050+0000] {manager.py:879} INFO - 
================================================================================
DAG File Processing Stats

File Path                                 PID  Runtime      # DAGs    # Errors  Last Runtime    Last Run
--------------------------------------  -----  ---------  --------  ----------  --------------  -------------------
/opt/airflow/dags/nyc_taxi_pipeline.py    220  0.00s             1           0  0.22s           2026-02-05T21:52:23
/opt/airflow/dags/pipeline.py             217  0.01s             1           0  0.16s           2026-02-05T21:52:22
================================================================================
[2026-02-05T21:53:23.319+0000] {manager.py:879} INFO - 
================================================================================
DAG File Processing Stats

File Path                                 PID  Runtime      # DAGs    # Errors  Last Runtime    Last Run
--------------------------------------  -----  ---------  --------  ----------  --------------  -------------------
/opt/airflow/dags/nyc_taxi_pipeline.py    230  0.00s             1           0  0.16s           2026-02-05T21:52:53
/opt/airflow/dags/pipeline.py             227  0.01s             1           0  0.25s           2026-02-05T21:52:53
================================================================================
[2026-02-05T21:53:53.541+0000] {manager.py:879} INFO - 
================================================================================
DAG File Processing Stats

File Path                                 PID  Runtime      # DAGs    # Errors  Last Runtime    Last Run
--------------------------------------  -----  ---------  --------  ----------  --------------  -------------------
/opt/airflow/dags/nyc_taxi_pipeline.py                           1           0  0.23s           2026-02-05T21:53:23
/opt/airflow/dags/pipeline.py             253  0.00s             1           0  0.13s           2026-02-05T21:53:23
================================================================================
[2026-02-05T21:54:23.827+0000] {manager.py:879} INFO - 
================================================================================
DAG File Processing Stats

File Path                                 PID  Runtime      # DAGs    # Errors  Last Runtime    Last Run
--------------------------------------  -----  ---------  --------  ----------  --------------  -------------------
/opt/airflow/dags/nyc_taxi_pipeline.py    282  0.00s             1           0  0.13s           2026-02-05T21:53:53
/opt/airflow/dags/pipeline.py             279  0.01s             1           0  0.19s           2026-02-05T21:53:53
================================================================================
[2026-02-05T21:54:54.086+0000] {manager.py:879} INFO - 
================================================================================
DAG File Processing Stats

File Path                                 PID  Runtime      # DAGs    # Errors  Last Runtime    Last Run
--------------------------------------  -----  ---------  --------  ----------  --------------  -------------------
/opt/airflow/dags/nyc_taxi_pipeline.py    292  0.00s             1           0  0.23s           2026-02-05T21:54:24
/opt/airflow/dags/pipeline.py             289  0.01s             1           0  0.16s           2026-02-05T21:54:23
================================================================================
[2026-02-05T21:55:22.334+0000] {manager.py:738} INFO - Searching for files in /opt/airflow/dags
[2026-02-05T21:55:22.335+0000] {manager.py:741} INFO - There are 2 files in /opt/airflow/dags
[2026-02-05T21:55:24.358+0000] {manager.py:879} INFO - 
================================================================================
DAG File Processing Stats

File Path                                 PID  Runtime      # DAGs    # Errors  Last Runtime    Last Run
--------------------------------------  -----  ---------  --------  ----------  --------------  -------------------
/opt/airflow/dags/nyc_taxi_pipeline.py    302  0.00s             1           0  0.16s           2026-02-05T21:54:54
/opt/airflow/dags/pipeline.py             299  0.01s             1           0  0.23s           2026-02-05T21:54:54
================================================================================
[2026-02-05T21:55:54.621+0000] {manager.py:879} INFO - 
================================================================================
DAG File Processing Stats

File Path                                 PID  Runtime      # DAGs    # Errors  Last Runtime    Last Run
--------------------------------------  -----  ---------  --------  ----------  --------------  -------------------
/opt/airflow/dags/nyc_taxi_pipeline.py    312  0.01s             1           0  0.25s           2026-02-05T21:55:24
/opt/airflow/dags/pipeline.py             309  0.01s             1           0  0.16s           2026-02-05T21:55:24
================================================================================
[2026-02-05T21:56:24.889+0000] {manager.py:879} INFO - 
================================================================================
DAG File Processing Stats

File Path                                 PID  Runtime      # DAGs    # Errors  Last Runtime    Last Run
--------------------------------------  -----  ---------  --------  ----------  --------------  -------------------
/opt/airflow/dags/nyc_taxi_pipeline.py    322  0.00s             1           0  0.16s           2026-02-05T21:55:54
/opt/airflow/dags/pipeline.py             319  0.01s             1           0  0.24s           2026-02-05T21:55:54
================================================================================
[2026-02-05T21:56:55.158+0000] {manager.py:879} INFO - 
================================================================================
DAG File Processing Stats

File Path                                 PID  Runtime      # DAGs    # Errors  Last Runtime    Last Run
--------------------------------------  -----  ---------  --------  ----------  --------------  -------------------
/opt/airflow/dags/nyc_taxi_pipeline.py    332  0.00s             1           0  0.25s           2026-02-05T21:56:25
/opt/airflow/dags/pipeline.py             329  0.01s             1           0  0.17s           2026-02-05T21:56:25
================================================================================
[2026-02-05T21:57:25.440+0000] {manager.py:879} INFO - 
================================================================================
DAG File Processing Stats

File Path                                 PID  Runtime      # DAGs    # Errors  Last Runtime    Last Run
--------------------------------------  -----  ---------  --------  ----------  --------------  -------------------
/opt/airflow/dags/nyc_taxi_pipeline.py    342  0.00s             1           0  0.17s           2026-02-05T21:56:55
/opt/airflow/dags/pipeline.py             339  0.01s             1           0  0.25s           2026-02-05T21:56:55
================================================================================
[2026-02-05T21:57:55.704+0000] {manager.py:879} INFO - 
================================================================================
DAG File Processing Stats

File Path                                 PID  Runtime      # DAGs    # Errors  Last Runtime    Last Run
--------------------------------------  -----  ---------  --------  ----------  --------------  -------------------
/opt/airflow/dags/nyc_taxi_pipeline.py    352  0.00s             1           0  0.24s           2026-02-05T21:57:25
/opt/airflow/dags/pipeline.py             349  0.01s             1           0  0.15s           2026-02-05T21:57:25
================================================================================
[2026-02-05T21:58:25.970+0000] {manager.py:879} INFO - 
================================================================================
DAG File Processing Stats

File Path                                 PID  Runtime      # DAGs    # Errors  Last Runtime    Last Run
--------------------------------------  -----  ---------  --------  ----------  --------------  -------------------
/opt/airflow/dags/nyc_taxi_pipeline.py    359  0.00s             1           0  0.16s           2026-02-05T21:57:55
/opt/airflow/dags/pipeline.py                                    1           0  0.28s           2026-02-05T21:57:55
================================================================================
[2026-02-05T21:58:56.300+0000] {manager.py:879} INFO - 
================================================================================
DAG File Processing Stats

File Path                                 PID  Runtime      # DAGs    # Errors  Last Runtime    Last Run
--------------------------------------  -----  ---------  --------  ----------  --------------  -------------------
/opt/airflow/dags/nyc_taxi_pipeline.py    372  0.00s             1           0  0.22s           2026-02-05T21:58:26
/opt/airflow/dags/pipeline.py             369  0.01s             1           0  0.15s           2026-02-05T21:58:26
================================================================================
[2026-02-05T21:59:26.574+0000] {manager.py:879} INFO - 
================================================================================
DAG File Processing Stats

File Path                                 PID  Runtime      # DAGs    # Errors  Last Runtime    Last Run
--------------------------------------  -----  ---------  --------  ----------  --------------  -------------------
/opt/airflow/dags/nyc_taxi_pipeline.py    382  0.00s             1           0  0.17s           2026-02-05T21:58:56
/opt/airflow/dags/pipeline.py             379  0.01s             1           0  0.22s           2026-02-05T21:58:56
================================================================================
[2026-02-05T21:59:56.832+0000] {manager.py:879} INFO - 
================================================================================
DAG File Processing Stats

File Path                                 PID  Runtime      # DAGs    # Errors  Last Runtime    Last Run
--------------------------------------  -----  ---------  --------  ----------  --------------  -------------------
/opt/airflow/dags/nyc_taxi_pipeline.py                           1           0  0.27s           2026-02-05T21:59:26
/opt/airflow/dags/pipeline.py             389  0.00s             1           0  0.16s           2026-02-05T21:59:26
================================================================================
[2026-02-05T22:00:23.113+0000] {manager.py:738} INFO - Searching for files in /opt/airflow/dags
[2026-02-05T22:00:23.115+0000] {manager.py:741} INFO - There are 2 files in /opt/airflow/dags
[2026-02-05T22:00:27.142+0000] {manager.py:879} INFO - 
================================================================================
DAG File Processing Stats

File Path                                 PID  Runtime      # DAGs    # Errors  Last Runtime    Last Run
--------------------------------------  -----  ---------  --------  ----------  --------------  -------------------
/opt/airflow/dags/nyc_taxi_pipeline.py    402  0.00s             1           0  0.16s           2026-02-05T21:59:57
/opt/airflow/dags/pipeline.py             399  0.01s             1           0  0.20s           2026-02-05T21:59:57
================================================================================
[2026-02-05T22:00:57.403+0000] {manager.py:879} INFO - 
================================================================================
DAG File Processing Stats

File Path                                 PID  Runtime      # DAGs    # Errors  Last Runtime    Last Run
--------------------------------------  -----  ---------  --------  ----------  --------------  -------------------
/opt/airflow/dags/nyc_taxi_pipeline.py    412  0.00s             1           0  0.24s           2026-02-05T22:00:27
/opt/airflow/dags/pipeline.py             409  0.01s             1           0  0.15s           2026-02-05T22:00:27
================================================================================
[2026-02-05T22:01:27.664+0000] {manager.py:879} INFO - 
================================================================================
DAG File Processing Stats

File Path                                 PID  Runtime      # DAGs    # Errors  Last Runtime    Last Run
--------------------------------------  -----  ---------  --------  ----------  --------------  -------------------
/opt/airflow/dags/nyc_taxi_pipeline.py    422  0.00s             1           0  0.15s           2026-02-05T22:00:57
/opt/airflow/dags/pipeline.py             419  0.01s             1           0  0.25s           2026-02-05T22:00:57
================================================================================
[2026-02-05T22:01:57.925+0000] {manager.py:879} INFO - 
================================================================================
DAG File Processing Stats

File Path                                 PID  Runtime      # DAGs    # Errors  Last Runtime    Last Run
--------------------------------------  -----  ---------  --------  ----------  --------------  -------------------
/opt/airflow/dags/nyc_taxi_pipeline.py    432  0.00s             1           0  0.24s           2026-02-05T22:01:27
/opt/airflow/dags/pipeline.py             429  0.01s             1           0  0.15s           2026-02-05T22:01:27
================================================================================
[2026-02-05T22:02:28.202+0000] {manager.py:879} INFO - 
================================================================================
DAG File Processing Stats

File Path                                 PID  Runtime      # DAGs    # Errors  Last Runtime    Last Run
--------------------------------------  -----  ---------  --------  ----------  --------------  -------------------
/opt/airflow/dags/nyc_taxi_pipeline.py    442  0.00s             1           0  0.18s           2026-02-05T22:01:58
/opt/airflow/dags/pipeline.py             439  0.01s             1           0  0.24s           2026-02-05T22:01:58
================================================================================
[2026-02-05T22:02:58.448+0000] {manager.py:879} INFO - 
================================================================================
DAG File Processing Stats

File Path                                 PID  Runtime      # DAGs    # Errors  Last Runtime    Last Run
--------------------------------------  -----  ---------  --------  ----------  --------------  -------------------
/opt/airflow/dags/nyc_taxi_pipeline.py                           1           0  0.26s           2026-02-05T22:02:28
/opt/airflow/dags/pipeline.py             449  0.00s             1           0  0.15s           2026-02-05T22:02:28
================================================================================
[2026-02-05T22:03:28.740+0000] {manager.py:879} INFO - 
================================================================================
DAG File Processing Stats

File Path                                 PID  Runtime      # DAGs    # Errors  Last Runtime    Last Run
--------------------------------------  -----  ---------  --------  ----------  --------------  -------------------
/opt/airflow/dags/nyc_taxi_pipeline.py    462  0.00s             1           0  0.14s           2026-02-05T22:02:58
/opt/airflow/dags/pipeline.py             459  0.01s             1           0  0.19s           2026-02-05T22:02:58
================================================================================
[2026-02-05T22:03:58.998+0000] {manager.py:879} INFO - 
================================================================================
DAG File Processing Stats

File Path                                 PID  Runtime      # DAGs    # Errors  Last Runtime    Last Run
--------------------------------------  -----  ---------  --------  ----------  --------------  -------------------
/opt/airflow/dags/nyc_taxi_pipeline.py    472  0.00s             1           0  0.22s           2026-02-05T22:03:28
/opt/airflow/dags/pipeline.py             469  0.01s             1           0  0.15s           2026-02-05T22:03:28
================================================================================
[2026-02-05T22:04:29.271+0000] {manager.py:879} INFO - 
================================================================================
DAG File Processing Stats

File Path                                 PID  Runtime      # DAGs    # Errors  Last Runtime    Last Run
--------------------------------------  -----  ---------  --------  ----------  --------------  -------------------
/opt/airflow/dags/nyc_taxi_pipeline.py    482  0.00s             1           0  0.17s           2026-02-05T22:03:59
/opt/airflow/dags/pipeline.py             479  0.01s             1           0  0.23s           2026-02-05T22:03:59
================================================================================
[2026-02-05T22:04:49.716+0000] {manager.py:451} INFO - Exiting gracefully upon receiving signal 15
[2026-02-05T22:23:52.230+0000] {manager.py:469} INFO - Processing files using up to 2 processes at a time 
[2026-02-05T22:23:52.231+0000] {manager.py:470} INFO - Process each file at most once every 30 seconds
[2026-02-05T22:23:52.231+0000] {manager.py:471} INFO - Checking for new files in /opt/airflow/dags every 300 seconds
[2026-02-05T22:23:52.231+0000] {manager.py:738} INFO - Searching for files in /opt/airflow/dags
[2026-02-05T22:23:52.232+0000] {manager.py:741} INFO - There are 2 files in /opt/airflow/dags
[2026-02-05T22:23:52.440+0000] {manager.py:879} INFO - 
================================================================================
DAG File Processing Stats

File Path                                 PID  Runtime      # DAGs    # Errors  Last Runtime    Last Run
--------------------------------------  -----  ---------  --------  ----------  --------------  ----------
/opt/airflow/dags/nyc_taxi_pipeline.py    173  0.03s             0           0
/opt/airflow/dags/pipeline.py             175  0.02s             0           0
================================================================================
[2026-02-05T22:24:22.690+0000] {manager.py:879} INFO - 
================================================================================
DAG File Processing Stats

File Path                                 PID  Runtime      # DAGs    # Errors  Last Runtime    Last Run
--------------------------------------  -----  ---------  --------  ----------  --------------  -------------------
/opt/airflow/dags/nyc_taxi_pipeline.py    192  0.02s             1           0  0.13s           2026-02-05T22:23:52
/opt/airflow/dags/pipeline.py             195  0.01s             1           0  0.11s           2026-02-05T22:23:52
================================================================================
[2026-02-05T22:24:53.062+0000] {manager.py:879} INFO - 
================================================================================
DAG File Processing Stats

File Path                                 PID  Runtime      # DAGs    # Errors  Last Runtime    Last Run
--------------------------------------  -----  ---------  --------  ----------  --------------  -------------------
/opt/airflow/dags/nyc_taxi_pipeline.py    220  0.02s             1           0  0.23s           2026-02-05T22:24:22
/opt/airflow/dags/pipeline.py             223  0.01s             1           0  0.26s           2026-02-05T22:24:22
================================================================================
[2026-02-05T22:25:23.326+0000] {manager.py:879} INFO - 
================================================================================
DAG File Processing Stats

File Path                                 PID  Runtime      # DAGs    # Errors  Last Runtime    Last Run
--------------------------------------  -----  ---------  --------  ----------  --------------  -------------------
/opt/airflow/dags/nyc_taxi_pipeline.py    230  0.02s             1           0  0.19s           2026-02-05T22:24:53
/opt/airflow/dags/pipeline.py             233  0.01s             1           0  0.12s           2026-02-05T22:24:53
================================================================================
[2026-02-05T22:25:53.597+0000] {manager.py:879} INFO - 
================================================================================
DAG File Processing Stats

File Path                                 PID  Runtime      # DAGs    # Errors  Last Runtime    Last Run
--------------------------------------  -----  ---------  --------  ----------  --------------  -------------------
/opt/airflow/dags/nyc_taxi_pipeline.py    240  0.02s             1           0  0.12s           2026-02-05T22:25:23
/opt/airflow/dags/pipeline.py             243  0.01s             1           0  0.17s           2026-02-05T22:25:23
================================================================================
[2026-02-05T22:26:23.866+0000] {manager.py:879} INFO - 
================================================================================
DAG File Processing Stats

File Path                                 PID  Runtime      # DAGs    # Errors  Last Runtime    Last Run
--------------------------------------  -----  ---------  --------  ----------  --------------  -------------------
/opt/airflow/dags/nyc_taxi_pipeline.py    250  0.02s             1           0  0.18s           2026-02-05T22:25:53
/opt/airflow/dags/pipeline.py             253  0.01s             1           0  0.13s           2026-02-05T22:25:53
================================================================================
[2026-02-05T22:26:54.131+0000] {manager.py:879} INFO - 
================================================================================
DAG File Processing Stats

File Path                                 PID  Runtime      # DAGs    # Errors  Last Runtime    Last Run
--------------------------------------  -----  ---------  --------  ----------  --------------  -------------------
/opt/airflow/dags/nyc_taxi_pipeline.py    260  0.02s             1           0  0.12s           2026-02-05T22:26:23
/opt/airflow/dags/pipeline.py             263  0.01s             1           0  0.19s           2026-02-05T22:26:24
================================================================================
[2026-02-05T22:27:00.833+0000] {manager.py:451} INFO - Exiting gracefully upon receiving signal 15
[2026-02-05T22:28:00.703+0000] {manager.py:469} INFO - Processing files using up to 2 processes at a time 
[2026-02-05T22:28:00.704+0000] {manager.py:470} INFO - Process each file at most once every 30 seconds
[2026-02-05T22:28:00.704+0000] {manager.py:471} INFO - Checking for new files in /opt/airflow/dags every 300 seconds
[2026-02-05T22:28:00.704+0000] {manager.py:738} INFO - Searching for files in /opt/airflow/dags
[2026-02-05T22:28:00.705+0000] {manager.py:741} INFO - There are 2 files in /opt/airflow/dags
[2026-02-05T22:28:00.916+0000] {manager.py:879} INFO - 
================================================================================
DAG File Processing Stats

File Path                                 PID  Runtime      # DAGs    # Errors  Last Runtime    Last Run
--------------------------------------  -----  ---------  --------  ----------  --------------  ----------
/opt/airflow/dags/nyc_taxi_pipeline.py    171  0.03s             0           0
/opt/airflow/dags/pipeline.py             174  0.03s             0           0
================================================================================
[2026-02-05T22:28:31.157+0000] {manager.py:879} INFO - 
================================================================================
DAG File Processing Stats

File Path                                 PID  Runtime      # DAGs    # Errors  Last Runtime    Last Run
--------------------------------------  -----  ---------  --------  ----------  --------------  -------------------
/opt/airflow/dags/nyc_taxi_pipeline.py    187  0.02s             1           0  0.12s           2026-02-05T22:28:01
/opt/airflow/dags/pipeline.py             190  0.01s             1           0  0.14s           2026-02-05T22:28:01
================================================================================
[2026-02-05T22:29:01.523+0000] {manager.py:879} INFO - 
================================================================================
DAG File Processing Stats

File Path                                 PID  Runtime      # DAGs    # Errors  Last Runtime    Last Run
--------------------------------------  -----  ---------  --------  ----------  --------------  -------------------
/opt/airflow/dags/nyc_taxi_pipeline.py    206  0.01s             1           0  0.24s           2026-02-05T22:28:31
/opt/airflow/dags/pipeline.py             208  0.00s             1           0  0.25s           2026-02-05T22:28:31
================================================================================
[2026-02-05T22:29:31.730+0000] {manager.py:879} INFO - 
================================================================================
DAG File Processing Stats

File Path                                 PID  Runtime      # DAGs    # Errors  Last Runtime    Last Run
--------------------------------------  -----  ---------  --------  ----------  --------------  -------------------
/opt/airflow/dags/nyc_taxi_pipeline.py    218  0.01s             1           0  0.16s           2026-02-05T22:29:01
/opt/airflow/dags/pipeline.py             221  0.00s             1           0  0.07s           2026-02-05T22:29:01
================================================================================
[2026-02-05T22:30:01.976+0000] {manager.py:879} INFO - 
================================================================================
DAG File Processing Stats

File Path                                 PID  Runtime      # DAGs    # Errors  Last Runtime    Last Run
--------------------------------------  -----  ---------  --------  ----------  --------------  -------------------
/opt/airflow/dags/nyc_taxi_pipeline.py    237  0.01s             1           0  0.11s           2026-02-05T22:29:31
/opt/airflow/dags/pipeline.py             240  0.00s             1           0  0.18s           2026-02-05T22:29:31
================================================================================
[2026-02-05T22:30:32.197+0000] {manager.py:879} INFO - 
================================================================================
DAG File Processing Stats

File Path                                 PID  Runtime      # DAGs    # Errors  Last Runtime    Last Run
--------------------------------------  -----  ---------  --------  ----------  --------------  -------------------
/opt/airflow/dags/nyc_taxi_pipeline.py    247  0.02s             1           0  0.12s           2026-02-05T22:30:02
/opt/airflow/dags/pipeline.py             250  0.01s             1           0  0.07s           2026-02-05T22:30:02
================================================================================
[2026-02-05T22:31:02.403+0000] {manager.py:879} INFO - 
================================================================================
DAG File Processing Stats

File Path                                 PID  Runtime      # DAGs    # Errors  Last Runtime    Last Run
--------------------------------------  -----  ---------  --------  ----------  --------------  -------------------
/opt/airflow/dags/nyc_taxi_pipeline.py    257  0.01s             1           0  0.08s           2026-02-05T22:30:32
/opt/airflow/dags/pipeline.py             260  0.00s             1           0  0.12s           2026-02-05T22:30:32
================================================================================
[2026-02-05T22:31:32.620+0000] {manager.py:879} INFO - 
================================================================================
DAG File Processing Stats

File Path                                 PID  Runtime      # DAGs    # Errors  Last Runtime    Last Run
--------------------------------------  -----  ---------  --------  ----------  --------------  -------------------
/opt/airflow/dags/nyc_taxi_pipeline.py    267  0.02s             1           0  0.13s           2026-02-05T22:31:02
/opt/airflow/dags/pipeline.py             270  0.01s             1           0  0.07s           2026-02-05T22:31:02
================================================================================
[2026-02-05T22:32:02.889+0000] {manager.py:879} INFO - 
================================================================================
DAG File Processing Stats

File Path                                 PID  Runtime      # DAGs    # Errors  Last Runtime    Last Run
--------------------------------------  -----  ---------  --------  ----------  --------------  -------------------
/opt/airflow/dags/nyc_taxi_pipeline.py    277  0.02s             1           0  0.13s           2026-02-05T22:31:32
/opt/airflow/dags/pipeline.py             280  0.01s             1           0  0.18s           2026-02-05T22:31:32
================================================================================
[2026-02-05T22:32:33.111+0000] {manager.py:879} INFO - 
================================================================================
DAG File Processing Stats

File Path                                 PID  Runtime      # DAGs    # Errors  Last Runtime    Last Run
--------------------------------------  -----  ---------  --------  ----------  --------------  -------------------
/opt/airflow/dags/nyc_taxi_pipeline.py    287  0.01s             1           0  0.17s           2026-02-05T22:32:03
/opt/airflow/dags/pipeline.py             290  0.01s             1           0  0.08s           2026-02-05T22:32:02
================================================================================
[2026-02-05T22:33:01.307+0000] {manager.py:738} INFO - Searching for files in /opt/airflow/dags
[2026-02-05T22:33:01.308+0000] {manager.py:741} INFO - There are 2 files in /opt/airflow/dags
[2026-02-05T22:33:03.348+0000] {manager.py:879} INFO - 
================================================================================
DAG File Processing Stats

File Path                                 PID  Runtime      # DAGs    # Errors  Last Runtime    Last Run
--------------------------------------  -----  ---------  --------  ----------  --------------  -------------------
/opt/airflow/dags/nyc_taxi_pipeline.py    297  0.02s             1           0  0.09s           2026-02-05T22:32:33
/opt/airflow/dags/pipeline.py             300  0.01s             1           0  0.19s           2026-02-05T22:32:33
================================================================================
[2026-02-05T22:33:33.609+0000] {manager.py:879} INFO - 
================================================================================
DAG File Processing Stats

File Path                                 PID  Runtime      # DAGs    # Errors  Last Runtime    Last Run
--------------------------------------  -----  ---------  --------  ----------  --------------  -------------------
/opt/airflow/dags/nyc_taxi_pipeline.py    307  0.02s             1           0  0.19s           2026-02-05T22:33:03
/opt/airflow/dags/pipeline.py             310  0.01s             1           0  0.12s           2026-02-05T22:33:03
================================================================================
[2026-02-05T22:34:03.876+0000] {manager.py:879} INFO - 
================================================================================
DAG File Processing Stats

File Path                                 PID  Runtime      # DAGs    # Errors  Last Runtime    Last Run
--------------------------------------  -----  ---------  --------  ----------  --------------  -------------------
/opt/airflow/dags/nyc_taxi_pipeline.py    317  0.02s             1           0  0.12s           2026-02-05T22:33:33
/opt/airflow/dags/pipeline.py             320  0.01s             1           0  0.20s           2026-02-05T22:33:33
================================================================================
[2026-02-05T22:34:34.140+0000] {manager.py:879} INFO - 
================================================================================
DAG File Processing Stats

File Path                                 PID  Runtime      # DAGs    # Errors  Last Runtime    Last Run
--------------------------------------  -----  ---------  --------  ----------  --------------  -------------------
/opt/airflow/dags/nyc_taxi_pipeline.py    327  0.02s             1           0  0.18s           2026-02-05T22:34:04
/opt/airflow/dags/pipeline.py             330  0.01s             1           0  0.12s           2026-02-05T22:34:03
================================================================================
[2026-02-05T22:35:04.430+0000] {manager.py:879} INFO - 
================================================================================
DAG File Processing Stats

File Path                                 PID  Runtime      # DAGs    # Errors  Last Runtime    Last Run
--------------------------------------  -----  ---------  --------  ----------  --------------  -------------------
/opt/airflow/dags/nyc_taxi_pipeline.py    337  0.02s             1           0  0.15s           2026-02-05T22:34:34
/opt/airflow/dags/pipeline.py             340  0.01s             1           0  0.17s           2026-02-05T22:34:34
================================================================================
[2026-02-05T22:35:34.696+0000] {manager.py:879} INFO - 
================================================================================
DAG File Processing Stats

File Path                                 PID  Runtime      # DAGs    # Errors  Last Runtime    Last Run
--------------------------------------  -----  ---------  --------  ----------  --------------  -------------------
/opt/airflow/dags/nyc_taxi_pipeline.py    347  0.02s             1           0  0.18s           2026-02-05T22:35:04
/opt/airflow/dags/pipeline.py             350  0.01s             1           0  0.13s           2026-02-05T22:35:04
================================================================================
[2026-02-05T22:36:04.964+0000] {manager.py:879} INFO - 
================================================================================
DAG File Processing Stats

File Path                                 PID  Runtime      # DAGs    # Errors  Last Runtime    Last Run
--------------------------------------  -----  ---------  --------  ----------  --------------  -------------------
/opt/airflow/dags/nyc_taxi_pipeline.py    357  0.02s             1           0  0.12s           2026-02-05T22:35:34
/opt/airflow/dags/pipeline.py             360  0.01s             1           0  0.17s           2026-02-05T22:35:34
================================================================================
[2026-02-05T22:36:35.197+0000] {manager.py:879} INFO - 
================================================================================
DAG File Processing Stats

File Path                                 PID  Runtime      # DAGs    # Errors  Last Runtime    Last Run
--------------------------------------  -----  ---------  --------  ----------  --------------  -------------------
/opt/airflow/dags/nyc_taxi_pipeline.py    367  0.02s             1           0  0.18s           2026-02-05T22:36:05
/opt/airflow/dags/pipeline.py             370  0.01s             1           0  0.08s           2026-02-05T22:36:05
================================================================================
[2026-02-05T22:37:05.495+0000] {manager.py:879} INFO - 
================================================================================
DAG File Processing Stats

File Path                                 PID  Runtime      # DAGs    # Errors  Last Runtime    Last Run
--------------------------------------  -----  ---------  --------  ----------  --------------  -------------------
/opt/airflow/dags/nyc_taxi_pipeline.py    377  0.02s             1           0  0.15s           2026-02-05T22:36:35
/opt/airflow/dags/pipeline.py             380  0.01s             1           0  0.17s           2026-02-05T22:36:35
================================================================================
[2026-02-05T22:37:35.760+0000] {manager.py:879} INFO - 
================================================================================
DAG File Processing Stats

File Path                                 PID  Runtime      # DAGs    # Errors  Last Runtime    Last Run
--------------------------------------  -----  ---------  --------  ----------  --------------  -------------------
/opt/airflow/dags/nyc_taxi_pipeline.py    387  0.01s             1           0  0.17s           2026-02-05T22:37:05
/opt/airflow/dags/pipeline.py             389  0.00s             1           0  0.13s           2026-02-05T22:37:05
================================================================================
[2026-02-05T22:38:01.987+0000] {manager.py:738} INFO - Searching for files in /opt/airflow/dags
[2026-02-05T22:38:01.989+0000] {manager.py:741} INFO - There are 2 files in /opt/airflow/dags
[2026-02-05T22:38:06.023+0000] {manager.py:879} INFO - 
================================================================================
DAG File Processing Stats

File Path                                 PID  Runtime      # DAGs    # Errors  Last Runtime    Last Run
--------------------------------------  -----  ---------  --------  ----------  --------------  -------------------
/opt/airflow/dags/nyc_taxi_pipeline.py    397  0.01s             1           0  0.12s           2026-02-05T22:37:35
/opt/airflow/dags/pipeline.py             400  0.00s             1           0  0.18s           2026-02-05T22:37:35
================================================================================
