[2026-02-05T21:50:21.505+0000] {processor.py:161} INFO - Started process (PID=169) to work on /opt/airflow/dags/nyc_taxi_pipeline.py
[2026-02-05T21:50:21.506+0000] {processor.py:830} INFO - Processing file /opt/airflow/dags/nyc_taxi_pipeline.py for tasks to queue
[2026-02-05T21:50:21.507+0000] {logging_mixin.py:188} INFO - [2026-02-05T21:50:21.506+0000] {dagbag.py:538} INFO - Filling up the DagBag from /opt/airflow/dags/nyc_taxi_pipeline.py
[2026-02-05T21:50:21.516+0000] {processor.py:840} INFO - DAG(s) 'nyc_taxi_pipeline' retrieved from /opt/airflow/dags/nyc_taxi_pipeline.py
[2026-02-05T21:50:21.736+0000] {logging_mixin.py:188} INFO - [2026-02-05T21:50:21.736+0000] {override.py:1769} INFO - Created Permission View: can edit on DAG:nyc_taxi_pipeline
[2026-02-05T21:50:21.742+0000] {logging_mixin.py:188} INFO - [2026-02-05T21:50:21.742+0000] {override.py:1772} ERROR - Creation of Permission View Error: (psycopg2.errors.UniqueViolation) duplicate key value violates unique constraint "ab_permission_view_permission_id_view_menu_id_uq"
DETAIL:  Key (permission_id, view_menu_id)=(4, 21) already exists.

[SQL: INSERT INTO ab_permission_view (permission_id, view_menu_id) VALUES (%(permission_id)s, %(view_menu_id)s) RETURNING ab_permission_view.id]
[parameters: {'permission_id': 4, 'view_menu_id': 21}]
(Background on this error at: https://sqlalche.me/e/14/gkpj)
[2026-02-05T21:50:21.745+0000] {logging_mixin.py:188} INFO - [2026-02-05T21:50:21.745+0000] {override.py:1769} INFO - Created Permission View: can read on DAG:nyc_taxi_pipeline
[2026-02-05T21:50:21.745+0000] {logging_mixin.py:188} INFO - [2026-02-05T21:50:21.745+0000] {dag.py:3036} INFO - Sync 1 DAGs
[2026-02-05T21:50:21.752+0000] {logging_mixin.py:188} INFO - [2026-02-05T21:50:21.752+0000] {dag.py:3058} INFO - Creating ORM DAG for nyc_taxi_pipeline
[2026-02-05T21:50:21.759+0000] {logging_mixin.py:188} INFO - [2026-02-05T21:50:21.759+0000] {dag.py:3823} INFO - Setting next_dagrun for nyc_taxi_pipeline to 2026-02-04 00:00:00+00:00, run_after=2026-02-05 00:00:00+00:00
[2026-02-05T21:50:21.970+0000] {logging_mixin.py:188} INFO - [2026-02-05T21:50:21.969+0000] {dagbag.py:647} ERROR - Failed to write serialized DAG: /opt/airflow/dags/nyc_taxi_pipeline.py
Traceback (most recent call last):
  File "/home/airflow/.local/lib/python3.8/site-packages/airflow/models/dagbag.py", line 635, in _serialize_dag_capturing_errors
    dag_was_updated = SerializedDagModel.write_dag(
  File "/home/airflow/.local/lib/python3.8/site-packages/airflow/utils/session.py", line 76, in wrapper
    return func(*args, **kwargs)
  File "/home/airflow/.local/lib/python3.8/site-packages/airflow/models/serialized_dag.py", line 157, in write_dag
    if session.scalar(
  File "/home/airflow/.local/lib/python3.8/site-packages/sqlalchemy/orm/session.py", line 1747, in scalar
    return self.execute(
  File "/home/airflow/.local/lib/python3.8/site-packages/sqlalchemy/orm/session.py", line 1716, in execute
    conn = self._connection_for_bind(bind)
  File "/home/airflow/.local/lib/python3.8/site-packages/sqlalchemy/orm/session.py", line 1555, in _connection_for_bind
    return self._transaction._connection_for_bind(
  File "/home/airflow/.local/lib/python3.8/site-packages/sqlalchemy/orm/session.py", line 724, in _connection_for_bind
    self._assert_active()
  File "/home/airflow/.local/lib/python3.8/site-packages/sqlalchemy/orm/session.py", line 604, in _assert_active
    raise sa_exc.PendingRollbackError(
sqlalchemy.exc.PendingRollbackError: This Session's transaction has been rolled back due to a previous exception during flush. To begin a new transaction with this Session, first issue Session.rollback(). Original exception was: (psycopg2.errors.UniqueViolation) duplicate key value violates unique constraint "dag_pkey"
DETAIL:  Key (dag_id)=(nyc_taxi_pipeline) already exists.

[SQL: INSERT INTO dag (dag_id, root_dag_id, is_paused, is_subdag, is_active, last_parsed_time, last_pickled, last_expired, scheduler_lock, pickle_id, fileloc, processor_subdir, owners, description, default_view, schedule_interval, timetable_description, max_active_tasks, max_active_runs, has_task_concurrency_limits, has_import_errors, next_dagrun, next_dagrun_data_interval_start, next_dagrun_data_interval_end, next_dagrun_create_after) VALUES (%(dag_id)s, %(root_dag_id)s, %(is_paused)s, %(is_subdag)s, %(is_active)s, %(last_parsed_time)s, %(last_pickled)s, %(last_expired)s, %(scheduler_lock)s, %(pickle_id)s, %(fileloc)s, %(processor_subdir)s, %(owners)s, %(description)s, %(default_view)s, %(schedule_interval)s, %(timetable_description)s, %(max_active_tasks)s, %(max_active_runs)s, %(has_task_concurrency_limits)s, %(has_import_errors)s, %(next_dagrun)s, %(next_dagrun_data_interval_start)s, %(next_dagrun_data_interval_end)s, %(next_dagrun_create_after)s)]
[parameters: {'dag_id': 'nyc_taxi_pipeline', 'root_dag_id': None, 'is_paused': True, 'is_subdag': False, 'is_active': True, 'last_parsed_time': datetime.datetime(2026, 2, 5, 21, 50, 21, 759286, tzinfo=Timezone('UTC')), 'last_pickled': None, 'last_expired': None, 'scheduler_lock': None, 'pickle_id': None, 'fileloc': '/opt/airflow/dags/nyc_taxi_pipeline.py', 'processor_subdir': '/opt/airflow/dags', 'owners': 'airflow', 'description': 'End-to-end NYC Taxi data pipeline', 'default_view': 'grid', 'schedule_interval': '{"type": "timedelta", "attrs": {"days": 1, "seconds": 0, "microseconds": 0}}', 'timetable_description': '', 'max_active_tasks': 16, 'max_active_runs': 16, 'has_task_concurrency_limits': False, 'has_import_errors': False, 'next_dagrun': DateTime(2026, 2, 4, 0, 0, 0, tzinfo=Timezone('UTC')), 'next_dagrun_data_interval_start': DateTime(2026, 2, 4, 0, 0, 0, tzinfo=Timezone('UTC')), 'next_dagrun_data_interval_end': DateTime(2026, 2, 5, 0, 0, 0, tzinfo=Timezone('UTC')), 'next_dagrun_create_after': DateTime(2026, 2, 5, 0, 0, 0, tzinfo=Timezone('UTC'))}]
(Background on this error at: https://sqlalche.me/e/14/gkpj) (Background on this error at: https://sqlalche.me/e/14/7s2a)
[2026-02-05T21:50:21.970+0000] {logging_mixin.py:188} INFO - [2026-02-05T21:50:21.970+0000] {dag.py:3036} INFO - Sync 1 DAGs
[2026-02-05T21:50:21.971+0000] {processor.py:186} ERROR - Got an exception! Propagating...
Traceback (most recent call last):
  File "/home/airflow/.local/lib/python3.8/site-packages/airflow/dag_processing/processor.py", line 182, in _run_file_processor
    _handle_dag_file_processing()
  File "/home/airflow/.local/lib/python3.8/site-packages/airflow/dag_processing/processor.py", line 163, in _handle_dag_file_processing
    result: tuple[int, int] = dag_file_processor.process_file(
  File "/home/airflow/.local/lib/python3.8/site-packages/airflow/utils/session.py", line 79, in wrapper
    return func(*args, session=session, **kwargs)
  File "/home/airflow/.local/lib/python3.8/site-packages/airflow/dag_processing/processor.py", line 859, in process_file
    serialize_errors = DagFileProcessor.save_dag_to_db(
  File "/home/airflow/.local/lib/python3.8/site-packages/airflow/api_internal/internal_api_call.py", line 114, in wrapper
    return func(*args, **kwargs)
  File "/home/airflow/.local/lib/python3.8/site-packages/airflow/utils/session.py", line 79, in wrapper
    return func(*args, session=session, **kwargs)
  File "/home/airflow/.local/lib/python3.8/site-packages/airflow/dag_processing/processor.py", line 895, in save_dag_to_db
    import_errors = DagBag._sync_to_db(dags=dags, processor_subdir=dag_directory, session=session)
  File "/home/airflow/.local/lib/python3.8/site-packages/airflow/utils/session.py", line 76, in wrapper
    return func(*args, **kwargs)
  File "/home/airflow/.local/lib/python3.8/site-packages/airflow/models/dagbag.py", line 657, in _sync_to_db
    for attempt in run_with_db_retries(logger=log):
  File "/home/airflow/.local/lib/python3.8/site-packages/tenacity/__init__.py", line 347, in __iter__
    do = self.iter(retry_state=retry_state)
  File "/home/airflow/.local/lib/python3.8/site-packages/tenacity/__init__.py", line 314, in iter
    return fut.result()
  File "/usr/local/lib/python3.8/concurrent/futures/_base.py", line 437, in result
    return self.__get_result()
  File "/usr/local/lib/python3.8/concurrent/futures/_base.py", line 389, in __get_result
    raise self._exception
  File "/home/airflow/.local/lib/python3.8/site-packages/airflow/models/dagbag.py", line 673, in _sync_to_db
    DAG.bulk_write_to_db(dags.values(), processor_subdir=processor_subdir, session=session)
  File "/home/airflow/.local/lib/python3.8/site-packages/airflow/utils/session.py", line 76, in wrapper
    return func(*args, **kwargs)
  File "/home/airflow/.local/lib/python3.8/site-packages/airflow/models/dag.py", line 3048, in bulk_write_to_db
    orm_dags: list[DagModel] = session.scalars(query).unique().all()
  File "/home/airflow/.local/lib/python3.8/site-packages/sqlalchemy/orm/session.py", line 1778, in scalars
    return self.execute(
  File "/home/airflow/.local/lib/python3.8/site-packages/sqlalchemy/orm/session.py", line 1716, in execute
    conn = self._connection_for_bind(bind)
  File "/home/airflow/.local/lib/python3.8/site-packages/sqlalchemy/orm/session.py", line 1555, in _connection_for_bind
    return self._transaction._connection_for_bind(
  File "/home/airflow/.local/lib/python3.8/site-packages/sqlalchemy/orm/session.py", line 724, in _connection_for_bind
    self._assert_active()
  File "/home/airflow/.local/lib/python3.8/site-packages/sqlalchemy/orm/session.py", line 604, in _assert_active
    raise sa_exc.PendingRollbackError(
sqlalchemy.exc.PendingRollbackError: This Session's transaction has been rolled back due to a previous exception during flush. To begin a new transaction with this Session, first issue Session.rollback(). Original exception was: (psycopg2.errors.UniqueViolation) duplicate key value violates unique constraint "dag_pkey"
DETAIL:  Key (dag_id)=(nyc_taxi_pipeline) already exists.

[SQL: INSERT INTO dag (dag_id, root_dag_id, is_paused, is_subdag, is_active, last_parsed_time, last_pickled, last_expired, scheduler_lock, pickle_id, fileloc, processor_subdir, owners, description, default_view, schedule_interval, timetable_description, max_active_tasks, max_active_runs, has_task_concurrency_limits, has_import_errors, next_dagrun, next_dagrun_data_interval_start, next_dagrun_data_interval_end, next_dagrun_create_after) VALUES (%(dag_id)s, %(root_dag_id)s, %(is_paused)s, %(is_subdag)s, %(is_active)s, %(last_parsed_time)s, %(last_pickled)s, %(last_expired)s, %(scheduler_lock)s, %(pickle_id)s, %(fileloc)s, %(processor_subdir)s, %(owners)s, %(description)s, %(default_view)s, %(schedule_interval)s, %(timetable_description)s, %(max_active_tasks)s, %(max_active_runs)s, %(has_task_concurrency_limits)s, %(has_import_errors)s, %(next_dagrun)s, %(next_dagrun_data_interval_start)s, %(next_dagrun_data_interval_end)s, %(next_dagrun_create_after)s)]
[parameters: {'dag_id': 'nyc_taxi_pipeline', 'root_dag_id': None, 'is_paused': True, 'is_subdag': False, 'is_active': True, 'last_parsed_time': datetime.datetime(2026, 2, 5, 21, 50, 21, 759286, tzinfo=Timezone('UTC')), 'last_pickled': None, 'last_expired': None, 'scheduler_lock': None, 'pickle_id': None, 'fileloc': '/opt/airflow/dags/nyc_taxi_pipeline.py', 'processor_subdir': '/opt/airflow/dags', 'owners': 'airflow', 'description': 'End-to-end NYC Taxi data pipeline', 'default_view': 'grid', 'schedule_interval': '{"type": "timedelta", "attrs": {"days": 1, "seconds": 0, "microseconds": 0}}', 'timetable_description': '', 'max_active_tasks': 16, 'max_active_runs': 16, 'has_task_concurrency_limits': False, 'has_import_errors': False, 'next_dagrun': DateTime(2026, 2, 4, 0, 0, 0, tzinfo=Timezone('UTC')), 'next_dagrun_data_interval_start': DateTime(2026, 2, 4, 0, 0, 0, tzinfo=Timezone('UTC')), 'next_dagrun_data_interval_end': DateTime(2026, 2, 5, 0, 0, 0, tzinfo=Timezone('UTC')), 'next_dagrun_create_after': DateTime(2026, 2, 5, 0, 0, 0, tzinfo=Timezone('UTC'))}]
(Background on this error at: https://sqlalche.me/e/14/gkpj) (Background on this error at: https://sqlalche.me/e/14/7s2a)
[2026-02-05T21:50:52.064+0000] {processor.py:161} INFO - Started process (PID=182) to work on /opt/airflow/dags/nyc_taxi_pipeline.py
[2026-02-05T21:50:52.066+0000] {processor.py:830} INFO - Processing file /opt/airflow/dags/nyc_taxi_pipeline.py for tasks to queue
[2026-02-05T21:50:52.067+0000] {logging_mixin.py:188} INFO - [2026-02-05T21:50:52.066+0000] {dagbag.py:538} INFO - Filling up the DagBag from /opt/airflow/dags/nyc_taxi_pipeline.py
[2026-02-05T21:50:52.075+0000] {processor.py:840} INFO - DAG(s) 'nyc_taxi_pipeline' retrieved from /opt/airflow/dags/nyc_taxi_pipeline.py
[2026-02-05T21:50:52.098+0000] {logging_mixin.py:188} INFO - [2026-02-05T21:50:52.098+0000] {dag.py:3036} INFO - Sync 1 DAGs
[2026-02-05T21:50:52.115+0000] {logging_mixin.py:188} INFO - [2026-02-05T21:50:52.115+0000] {dag.py:3823} INFO - Setting next_dagrun for nyc_taxi_pipeline to 2026-02-04 00:00:00+00:00, run_after=2026-02-05 00:00:00+00:00
[2026-02-05T21:50:52.142+0000] {processor.py:183} INFO - Processing /opt/airflow/dags/nyc_taxi_pipeline.py took 0.081 seconds
[2026-02-05T21:51:22.271+0000] {processor.py:161} INFO - Started process (PID=190) to work on /opt/airflow/dags/nyc_taxi_pipeline.py
[2026-02-05T21:51:22.273+0000] {processor.py:830} INFO - Processing file /opt/airflow/dags/nyc_taxi_pipeline.py for tasks to queue
[2026-02-05T21:51:22.274+0000] {logging_mixin.py:188} INFO - [2026-02-05T21:51:22.274+0000] {dagbag.py:538} INFO - Filling up the DagBag from /opt/airflow/dags/nyc_taxi_pipeline.py
[2026-02-05T21:51:22.281+0000] {processor.py:840} INFO - DAG(s) 'nyc_taxi_pipeline' retrieved from /opt/airflow/dags/nyc_taxi_pipeline.py
[2026-02-05T21:51:22.410+0000] {logging_mixin.py:188} INFO - [2026-02-05T21:51:22.410+0000] {dag.py:3036} INFO - Sync 1 DAGs
[2026-02-05T21:51:22.425+0000] {logging_mixin.py:188} INFO - [2026-02-05T21:51:22.425+0000] {dag.py:3823} INFO - Setting next_dagrun for nyc_taxi_pipeline to 2026-02-04 00:00:00+00:00, run_after=2026-02-05 00:00:00+00:00
[2026-02-05T21:51:22.455+0000] {processor.py:183} INFO - Processing /opt/airflow/dags/nyc_taxi_pipeline.py took 0.187 seconds
[2026-02-05T21:51:52.580+0000] {processor.py:161} INFO - Started process (PID=200) to work on /opt/airflow/dags/nyc_taxi_pipeline.py
[2026-02-05T21:51:52.582+0000] {processor.py:830} INFO - Processing file /opt/airflow/dags/nyc_taxi_pipeline.py for tasks to queue
[2026-02-05T21:51:52.583+0000] {logging_mixin.py:188} INFO - [2026-02-05T21:51:52.582+0000] {dagbag.py:538} INFO - Filling up the DagBag from /opt/airflow/dags/nyc_taxi_pipeline.py
[2026-02-05T21:51:52.591+0000] {processor.py:840} INFO - DAG(s) 'nyc_taxi_pipeline' retrieved from /opt/airflow/dags/nyc_taxi_pipeline.py
[2026-02-05T21:51:52.633+0000] {logging_mixin.py:188} INFO - [2026-02-05T21:51:52.633+0000] {dag.py:3036} INFO - Sync 1 DAGs
[2026-02-05T21:51:52.650+0000] {logging_mixin.py:188} INFO - [2026-02-05T21:51:52.650+0000] {dag.py:3823} INFO - Setting next_dagrun for nyc_taxi_pipeline to 2026-02-04 00:00:00+00:00, run_after=2026-02-05 00:00:00+00:00
[2026-02-05T21:51:52.687+0000] {processor.py:183} INFO - Processing /opt/airflow/dags/nyc_taxi_pipeline.py took 0.110 seconds
[2026-02-05T21:52:22.817+0000] {processor.py:161} INFO - Started process (PID=210) to work on /opt/airflow/dags/nyc_taxi_pipeline.py
[2026-02-05T21:52:22.819+0000] {processor.py:830} INFO - Processing file /opt/airflow/dags/nyc_taxi_pipeline.py for tasks to queue
[2026-02-05T21:52:22.820+0000] {logging_mixin.py:188} INFO - [2026-02-05T21:52:22.819+0000] {dagbag.py:538} INFO - Filling up the DagBag from /opt/airflow/dags/nyc_taxi_pipeline.py
[2026-02-05T21:52:22.829+0000] {processor.py:840} INFO - DAG(s) 'nyc_taxi_pipeline' retrieved from /opt/airflow/dags/nyc_taxi_pipeline.py
[2026-02-05T21:52:22.958+0000] {logging_mixin.py:188} INFO - [2026-02-05T21:52:22.957+0000] {dag.py:3036} INFO - Sync 1 DAGs
[2026-02-05T21:52:22.973+0000] {logging_mixin.py:188} INFO - [2026-02-05T21:52:22.973+0000] {dag.py:3823} INFO - Setting next_dagrun for nyc_taxi_pipeline to 2026-02-04 00:00:00+00:00, run_after=2026-02-05 00:00:00+00:00
[2026-02-05T21:52:23.000+0000] {processor.py:183} INFO - Processing /opt/airflow/dags/nyc_taxi_pipeline.py took 0.185 seconds
[2026-02-05T21:52:53.071+0000] {processor.py:161} INFO - Started process (PID=220) to work on /opt/airflow/dags/nyc_taxi_pipeline.py
[2026-02-05T21:52:53.074+0000] {processor.py:830} INFO - Processing file /opt/airflow/dags/nyc_taxi_pipeline.py for tasks to queue
[2026-02-05T21:52:53.074+0000] {logging_mixin.py:188} INFO - [2026-02-05T21:52:53.074+0000] {dagbag.py:538} INFO - Filling up the DagBag from /opt/airflow/dags/nyc_taxi_pipeline.py
[2026-02-05T21:52:53.083+0000] {processor.py:840} INFO - DAG(s) 'nyc_taxi_pipeline' retrieved from /opt/airflow/dags/nyc_taxi_pipeline.py
[2026-02-05T21:52:53.131+0000] {logging_mixin.py:188} INFO - [2026-02-05T21:52:53.131+0000] {dag.py:3036} INFO - Sync 1 DAGs
[2026-02-05T21:52:53.151+0000] {logging_mixin.py:188} INFO - [2026-02-05T21:52:53.151+0000] {dag.py:3823} INFO - Setting next_dagrun for nyc_taxi_pipeline to 2026-02-04 00:00:00+00:00, run_after=2026-02-05 00:00:00+00:00
[2026-02-05T21:52:53.184+0000] {processor.py:183} INFO - Processing /opt/airflow/dags/nyc_taxi_pipeline.py took 0.115 seconds
[2026-02-05T21:53:23.340+0000] {processor.py:161} INFO - Started process (PID=230) to work on /opt/airflow/dags/nyc_taxi_pipeline.py
[2026-02-05T21:53:23.343+0000] {processor.py:830} INFO - Processing file /opt/airflow/dags/nyc_taxi_pipeline.py for tasks to queue
[2026-02-05T21:53:23.343+0000] {logging_mixin.py:188} INFO - [2026-02-05T21:53:23.343+0000] {dagbag.py:538} INFO - Filling up the DagBag from /opt/airflow/dags/nyc_taxi_pipeline.py
[2026-02-05T21:53:23.351+0000] {processor.py:840} INFO - DAG(s) 'nyc_taxi_pipeline' retrieved from /opt/airflow/dags/nyc_taxi_pipeline.py
[2026-02-05T21:53:23.475+0000] {logging_mixin.py:188} INFO - [2026-02-05T21:53:23.475+0000] {dag.py:3036} INFO - Sync 1 DAGs
[2026-02-05T21:53:23.492+0000] {logging_mixin.py:188} INFO - [2026-02-05T21:53:23.491+0000] {dag.py:3823} INFO - Setting next_dagrun for nyc_taxi_pipeline to 2026-02-04 00:00:00+00:00, run_after=2026-02-05 00:00:00+00:00
[2026-02-05T21:53:23.520+0000] {processor.py:183} INFO - Processing /opt/airflow/dags/nyc_taxi_pipeline.py took 0.182 seconds
[2026-02-05T21:53:53.645+0000] {processor.py:161} INFO - Started process (PID=256) to work on /opt/airflow/dags/nyc_taxi_pipeline.py
[2026-02-05T21:53:53.648+0000] {processor.py:830} INFO - Processing file /opt/airflow/dags/nyc_taxi_pipeline.py for tasks to queue
[2026-02-05T21:53:53.648+0000] {logging_mixin.py:188} INFO - [2026-02-05T21:53:53.648+0000] {dagbag.py:538} INFO - Filling up the DagBag from /opt/airflow/dags/nyc_taxi_pipeline.py
[2026-02-05T21:53:53.657+0000] {processor.py:840} INFO - DAG(s) 'nyc_taxi_pipeline' retrieved from /opt/airflow/dags/nyc_taxi_pipeline.py
[2026-02-05T21:53:53.693+0000] {logging_mixin.py:188} INFO - [2026-02-05T21:53:53.693+0000] {dag.py:3036} INFO - Sync 1 DAGs
[2026-02-05T21:53:53.715+0000] {logging_mixin.py:188} INFO - [2026-02-05T21:53:53.715+0000] {dag.py:3823} INFO - Setting next_dagrun for nyc_taxi_pipeline to 2026-02-05 00:00:00+00:00, run_after=2026-02-06 00:00:00+00:00
[2026-02-05T21:53:53.732+0000] {processor.py:183} INFO - Processing /opt/airflow/dags/nyc_taxi_pipeline.py took 0.091 seconds
[2026-02-05T21:54:23.848+0000] {processor.py:161} INFO - Started process (PID=282) to work on /opt/airflow/dags/nyc_taxi_pipeline.py
[2026-02-05T21:54:23.849+0000] {processor.py:830} INFO - Processing file /opt/airflow/dags/nyc_taxi_pipeline.py for tasks to queue
[2026-02-05T21:54:23.850+0000] {logging_mixin.py:188} INFO - [2026-02-05T21:54:23.849+0000] {dagbag.py:538} INFO - Filling up the DagBag from /opt/airflow/dags/nyc_taxi_pipeline.py
[2026-02-05T21:54:23.857+0000] {processor.py:840} INFO - DAG(s) 'nyc_taxi_pipeline' retrieved from /opt/airflow/dags/nyc_taxi_pipeline.py
[2026-02-05T21:54:23.987+0000] {logging_mixin.py:188} INFO - [2026-02-05T21:54:23.987+0000] {dag.py:3036} INFO - Sync 1 DAGs
[2026-02-05T21:54:24.002+0000] {logging_mixin.py:188} INFO - [2026-02-05T21:54:24.002+0000] {dag.py:3823} INFO - Setting next_dagrun for nyc_taxi_pipeline to 2026-02-05 00:00:00+00:00, run_after=2026-02-06 00:00:00+00:00
[2026-02-05T21:54:24.027+0000] {processor.py:183} INFO - Processing /opt/airflow/dags/nyc_taxi_pipeline.py took 0.181 seconds
[2026-02-05T21:54:54.109+0000] {processor.py:161} INFO - Started process (PID=292) to work on /opt/airflow/dags/nyc_taxi_pipeline.py
[2026-02-05T21:54:54.111+0000] {processor.py:830} INFO - Processing file /opt/airflow/dags/nyc_taxi_pipeline.py for tasks to queue
[2026-02-05T21:54:54.112+0000] {logging_mixin.py:188} INFO - [2026-02-05T21:54:54.112+0000] {dagbag.py:538} INFO - Filling up the DagBag from /opt/airflow/dags/nyc_taxi_pipeline.py
[2026-02-05T21:54:54.123+0000] {processor.py:840} INFO - DAG(s) 'nyc_taxi_pipeline' retrieved from /opt/airflow/dags/nyc_taxi_pipeline.py
[2026-02-05T21:54:54.163+0000] {logging_mixin.py:188} INFO - [2026-02-05T21:54:54.163+0000] {dag.py:3036} INFO - Sync 1 DAGs
[2026-02-05T21:54:54.182+0000] {logging_mixin.py:188} INFO - [2026-02-05T21:54:54.182+0000] {dag.py:3823} INFO - Setting next_dagrun for nyc_taxi_pipeline to 2026-02-05 00:00:00+00:00, run_after=2026-02-06 00:00:00+00:00
[2026-02-05T21:54:54.218+0000] {processor.py:183} INFO - Processing /opt/airflow/dags/nyc_taxi_pipeline.py took 0.111 seconds
[2026-02-05T21:55:24.376+0000] {processor.py:161} INFO - Started process (PID=302) to work on /opt/airflow/dags/nyc_taxi_pipeline.py
[2026-02-05T21:55:24.377+0000] {processor.py:830} INFO - Processing file /opt/airflow/dags/nyc_taxi_pipeline.py for tasks to queue
[2026-02-05T21:55:24.377+0000] {logging_mixin.py:188} INFO - [2026-02-05T21:55:24.377+0000] {dagbag.py:538} INFO - Filling up the DagBag from /opt/airflow/dags/nyc_taxi_pipeline.py
[2026-02-05T21:55:24.396+0000] {processor.py:840} INFO - DAG(s) 'nyc_taxi_pipeline' retrieved from /opt/airflow/dags/nyc_taxi_pipeline.py
[2026-02-05T21:55:24.532+0000] {logging_mixin.py:188} INFO - [2026-02-05T21:55:24.532+0000] {dag.py:3036} INFO - Sync 1 DAGs
[2026-02-05T21:55:24.546+0000] {logging_mixin.py:188} INFO - [2026-02-05T21:55:24.546+0000] {dag.py:3823} INFO - Setting next_dagrun for nyc_taxi_pipeline to 2026-02-05 00:00:00+00:00, run_after=2026-02-06 00:00:00+00:00
[2026-02-05T21:55:24.584+0000] {processor.py:183} INFO - Processing /opt/airflow/dags/nyc_taxi_pipeline.py took 0.210 seconds
[2026-02-05T21:55:54.640+0000] {processor.py:161} INFO - Started process (PID=312) to work on /opt/airflow/dags/nyc_taxi_pipeline.py
[2026-02-05T21:55:54.642+0000] {processor.py:830} INFO - Processing file /opt/airflow/dags/nyc_taxi_pipeline.py for tasks to queue
[2026-02-05T21:55:54.643+0000] {logging_mixin.py:188} INFO - [2026-02-05T21:55:54.643+0000] {dagbag.py:538} INFO - Filling up the DagBag from /opt/airflow/dags/nyc_taxi_pipeline.py
[2026-02-05T21:55:54.651+0000] {processor.py:840} INFO - DAG(s) 'nyc_taxi_pipeline' retrieved from /opt/airflow/dags/nyc_taxi_pipeline.py
[2026-02-05T21:55:54.695+0000] {logging_mixin.py:188} INFO - [2026-02-05T21:55:54.695+0000] {dag.py:3036} INFO - Sync 1 DAGs
[2026-02-05T21:55:54.713+0000] {logging_mixin.py:188} INFO - [2026-02-05T21:55:54.713+0000] {dag.py:3823} INFO - Setting next_dagrun for nyc_taxi_pipeline to 2026-02-05 00:00:00+00:00, run_after=2026-02-06 00:00:00+00:00
[2026-02-05T21:55:54.749+0000] {processor.py:183} INFO - Processing /opt/airflow/dags/nyc_taxi_pipeline.py took 0.111 seconds
[2026-02-05T21:56:24.907+0000] {processor.py:161} INFO - Started process (PID=322) to work on /opt/airflow/dags/nyc_taxi_pipeline.py
[2026-02-05T21:56:24.908+0000] {processor.py:830} INFO - Processing file /opt/airflow/dags/nyc_taxi_pipeline.py for tasks to queue
[2026-02-05T21:56:24.908+0000] {logging_mixin.py:188} INFO - [2026-02-05T21:56:24.908+0000] {dagbag.py:538} INFO - Filling up the DagBag from /opt/airflow/dags/nyc_taxi_pipeline.py
[2026-02-05T21:56:24.920+0000] {processor.py:840} INFO - DAG(s) 'nyc_taxi_pipeline' retrieved from /opt/airflow/dags/nyc_taxi_pipeline.py
[2026-02-05T21:56:25.061+0000] {logging_mixin.py:188} INFO - [2026-02-05T21:56:25.061+0000] {dag.py:3036} INFO - Sync 1 DAGs
[2026-02-05T21:56:25.078+0000] {logging_mixin.py:188} INFO - [2026-02-05T21:56:25.078+0000] {dag.py:3823} INFO - Setting next_dagrun for nyc_taxi_pipeline to 2026-02-05 00:00:00+00:00, run_after=2026-02-06 00:00:00+00:00
[2026-02-05T21:56:25.112+0000] {processor.py:183} INFO - Processing /opt/airflow/dags/nyc_taxi_pipeline.py took 0.207 seconds
[2026-02-05T21:56:55.179+0000] {processor.py:161} INFO - Started process (PID=332) to work on /opt/airflow/dags/nyc_taxi_pipeline.py
[2026-02-05T21:56:55.181+0000] {processor.py:830} INFO - Processing file /opt/airflow/dags/nyc_taxi_pipeline.py for tasks to queue
[2026-02-05T21:56:55.181+0000] {logging_mixin.py:188} INFO - [2026-02-05T21:56:55.181+0000] {dagbag.py:538} INFO - Filling up the DagBag from /opt/airflow/dags/nyc_taxi_pipeline.py
[2026-02-05T21:56:55.195+0000] {processor.py:840} INFO - DAG(s) 'nyc_taxi_pipeline' retrieved from /opt/airflow/dags/nyc_taxi_pipeline.py
[2026-02-05T21:56:55.243+0000] {logging_mixin.py:188} INFO - [2026-02-05T21:56:55.243+0000] {dag.py:3036} INFO - Sync 1 DAGs
[2026-02-05T21:56:55.263+0000] {logging_mixin.py:188} INFO - [2026-02-05T21:56:55.263+0000] {dag.py:3823} INFO - Setting next_dagrun for nyc_taxi_pipeline to 2026-02-05 00:00:00+00:00, run_after=2026-02-06 00:00:00+00:00
[2026-02-05T21:56:55.304+0000] {processor.py:183} INFO - Processing /opt/airflow/dags/nyc_taxi_pipeline.py took 0.127 seconds
[2026-02-05T21:57:25.460+0000] {processor.py:161} INFO - Started process (PID=342) to work on /opt/airflow/dags/nyc_taxi_pipeline.py
[2026-02-05T21:57:25.461+0000] {processor.py:830} INFO - Processing file /opt/airflow/dags/nyc_taxi_pipeline.py for tasks to queue
[2026-02-05T21:57:25.461+0000] {logging_mixin.py:188} INFO - [2026-02-05T21:57:25.461+0000] {dagbag.py:538} INFO - Filling up the DagBag from /opt/airflow/dags/nyc_taxi_pipeline.py
[2026-02-05T21:57:25.473+0000] {processor.py:840} INFO - DAG(s) 'nyc_taxi_pipeline' retrieved from /opt/airflow/dags/nyc_taxi_pipeline.py
[2026-02-05T21:57:25.620+0000] {logging_mixin.py:188} INFO - [2026-02-05T21:57:25.619+0000] {dag.py:3036} INFO - Sync 1 DAGs
[2026-02-05T21:57:25.636+0000] {logging_mixin.py:188} INFO - [2026-02-05T21:57:25.636+0000] {dag.py:3823} INFO - Setting next_dagrun for nyc_taxi_pipeline to 2026-02-05 00:00:00+00:00, run_after=2026-02-06 00:00:00+00:00
[2026-02-05T21:57:25.662+0000] {processor.py:183} INFO - Processing /opt/airflow/dags/nyc_taxi_pipeline.py took 0.204 seconds
[2026-02-05T21:57:55.722+0000] {processor.py:161} INFO - Started process (PID=352) to work on /opt/airflow/dags/nyc_taxi_pipeline.py
[2026-02-05T21:57:55.724+0000] {processor.py:830} INFO - Processing file /opt/airflow/dags/nyc_taxi_pipeline.py for tasks to queue
[2026-02-05T21:57:55.725+0000] {logging_mixin.py:188} INFO - [2026-02-05T21:57:55.725+0000] {dagbag.py:538} INFO - Filling up the DagBag from /opt/airflow/dags/nyc_taxi_pipeline.py
[2026-02-05T21:57:55.732+0000] {processor.py:840} INFO - DAG(s) 'nyc_taxi_pipeline' retrieved from /opt/airflow/dags/nyc_taxi_pipeline.py
[2026-02-05T21:57:55.779+0000] {logging_mixin.py:188} INFO - [2026-02-05T21:57:55.779+0000] {dag.py:3036} INFO - Sync 1 DAGs
[2026-02-05T21:57:55.800+0000] {logging_mixin.py:188} INFO - [2026-02-05T21:57:55.800+0000] {dag.py:3823} INFO - Setting next_dagrun for nyc_taxi_pipeline to 2026-02-05 00:00:00+00:00, run_after=2026-02-06 00:00:00+00:00
[2026-02-05T21:57:55.837+0000] {processor.py:183} INFO - Processing /opt/airflow/dags/nyc_taxi_pipeline.py took 0.118 seconds
[2026-02-05T21:58:25.983+0000] {processor.py:161} INFO - Started process (PID=359) to work on /opt/airflow/dags/nyc_taxi_pipeline.py
[2026-02-05T21:58:25.984+0000] {processor.py:830} INFO - Processing file /opt/airflow/dags/nyc_taxi_pipeline.py for tasks to queue
[2026-02-05T21:58:25.984+0000] {logging_mixin.py:188} INFO - [2026-02-05T21:58:25.984+0000] {dagbag.py:538} INFO - Filling up the DagBag from /opt/airflow/dags/nyc_taxi_pipeline.py
[2026-02-05T21:58:25.992+0000] {processor.py:840} INFO - DAG(s) 'nyc_taxi_pipeline' retrieved from /opt/airflow/dags/nyc_taxi_pipeline.py
[2026-02-05T21:58:26.113+0000] {logging_mixin.py:188} INFO - [2026-02-05T21:58:26.113+0000] {dag.py:3036} INFO - Sync 1 DAGs
[2026-02-05T21:58:26.127+0000] {logging_mixin.py:188} INFO - [2026-02-05T21:58:26.127+0000] {dag.py:3823} INFO - Setting next_dagrun for nyc_taxi_pipeline to 2026-02-05 00:00:00+00:00, run_after=2026-02-06 00:00:00+00:00
[2026-02-05T21:58:26.166+0000] {processor.py:183} INFO - Processing /opt/airflow/dags/nyc_taxi_pipeline.py took 0.185 seconds
[2026-02-05T21:58:56.322+0000] {processor.py:161} INFO - Started process (PID=372) to work on /opt/airflow/dags/nyc_taxi_pipeline.py
[2026-02-05T21:58:56.325+0000] {processor.py:830} INFO - Processing file /opt/airflow/dags/nyc_taxi_pipeline.py for tasks to queue
[2026-02-05T21:58:56.325+0000] {logging_mixin.py:188} INFO - [2026-02-05T21:58:56.325+0000] {dagbag.py:538} INFO - Filling up the DagBag from /opt/airflow/dags/nyc_taxi_pipeline.py
[2026-02-05T21:58:56.333+0000] {processor.py:840} INFO - DAG(s) 'nyc_taxi_pipeline' retrieved from /opt/airflow/dags/nyc_taxi_pipeline.py
[2026-02-05T21:58:56.377+0000] {logging_mixin.py:188} INFO - [2026-02-05T21:58:56.377+0000] {dag.py:3036} INFO - Sync 1 DAGs
[2026-02-05T21:58:56.395+0000] {logging_mixin.py:188} INFO - [2026-02-05T21:58:56.395+0000] {dag.py:3823} INFO - Setting next_dagrun for nyc_taxi_pipeline to 2026-02-05 00:00:00+00:00, run_after=2026-02-06 00:00:00+00:00
[2026-02-05T21:58:56.433+0000] {processor.py:183} INFO - Processing /opt/airflow/dags/nyc_taxi_pipeline.py took 0.114 seconds
[2026-02-05T21:59:26.597+0000] {processor.py:161} INFO - Started process (PID=382) to work on /opt/airflow/dags/nyc_taxi_pipeline.py
[2026-02-05T21:59:26.597+0000] {processor.py:830} INFO - Processing file /opt/airflow/dags/nyc_taxi_pipeline.py for tasks to queue
[2026-02-05T21:59:26.598+0000] {logging_mixin.py:188} INFO - [2026-02-05T21:59:26.598+0000] {dagbag.py:538} INFO - Filling up the DagBag from /opt/airflow/dags/nyc_taxi_pipeline.py
[2026-02-05T21:59:26.608+0000] {processor.py:840} INFO - DAG(s) 'nyc_taxi_pipeline' retrieved from /opt/airflow/dags/nyc_taxi_pipeline.py
[2026-02-05T21:59:26.753+0000] {logging_mixin.py:188} INFO - [2026-02-05T21:59:26.753+0000] {dag.py:3036} INFO - Sync 1 DAGs
[2026-02-05T21:59:26.770+0000] {logging_mixin.py:188} INFO - [2026-02-05T21:59:26.770+0000] {dag.py:3823} INFO - Setting next_dagrun for nyc_taxi_pipeline to 2026-02-05 00:00:00+00:00, run_after=2026-02-06 00:00:00+00:00
[2026-02-05T21:59:26.813+0000] {processor.py:183} INFO - Processing /opt/airflow/dags/nyc_taxi_pipeline.py took 0.219 seconds
[2026-02-05T21:59:56.943+0000] {processor.py:161} INFO - Started process (PID=392) to work on /opt/airflow/dags/nyc_taxi_pipeline.py
[2026-02-05T21:59:56.946+0000] {processor.py:830} INFO - Processing file /opt/airflow/dags/nyc_taxi_pipeline.py for tasks to queue
[2026-02-05T21:59:56.946+0000] {logging_mixin.py:188} INFO - [2026-02-05T21:59:56.946+0000] {dagbag.py:538} INFO - Filling up the DagBag from /opt/airflow/dags/nyc_taxi_pipeline.py
[2026-02-05T21:59:56.954+0000] {processor.py:840} INFO - DAG(s) 'nyc_taxi_pipeline' retrieved from /opt/airflow/dags/nyc_taxi_pipeline.py
[2026-02-05T21:59:56.997+0000] {logging_mixin.py:188} INFO - [2026-02-05T21:59:56.996+0000] {dag.py:3036} INFO - Sync 1 DAGs
[2026-02-05T21:59:57.014+0000] {logging_mixin.py:188} INFO - [2026-02-05T21:59:57.014+0000] {dag.py:3823} INFO - Setting next_dagrun for nyc_taxi_pipeline to 2026-02-05 00:00:00+00:00, run_after=2026-02-06 00:00:00+00:00
[2026-02-05T21:59:57.052+0000] {processor.py:183} INFO - Processing /opt/airflow/dags/nyc_taxi_pipeline.py took 0.112 seconds
[2026-02-05T22:00:27.164+0000] {processor.py:161} INFO - Started process (PID=402) to work on /opt/airflow/dags/nyc_taxi_pipeline.py
[2026-02-05T22:00:27.165+0000] {processor.py:830} INFO - Processing file /opt/airflow/dags/nyc_taxi_pipeline.py for tasks to queue
[2026-02-05T22:00:27.165+0000] {logging_mixin.py:188} INFO - [2026-02-05T22:00:27.165+0000] {dagbag.py:538} INFO - Filling up the DagBag from /opt/airflow/dags/nyc_taxi_pipeline.py
[2026-02-05T22:00:27.175+0000] {processor.py:840} INFO - DAG(s) 'nyc_taxi_pipeline' retrieved from /opt/airflow/dags/nyc_taxi_pipeline.py
[2026-02-05T22:00:27.306+0000] {logging_mixin.py:188} INFO - [2026-02-05T22:00:27.306+0000] {dag.py:3036} INFO - Sync 1 DAGs
[2026-02-05T22:00:27.321+0000] {logging_mixin.py:188} INFO - [2026-02-05T22:00:27.321+0000] {dag.py:3823} INFO - Setting next_dagrun for nyc_taxi_pipeline to 2026-02-05 00:00:00+00:00, run_after=2026-02-06 00:00:00+00:00
[2026-02-05T22:00:27.362+0000] {processor.py:183} INFO - Processing /opt/airflow/dags/nyc_taxi_pipeline.py took 0.200 seconds
[2026-02-05T22:00:57.421+0000] {processor.py:161} INFO - Started process (PID=412) to work on /opt/airflow/dags/nyc_taxi_pipeline.py
[2026-02-05T22:00:57.423+0000] {processor.py:830} INFO - Processing file /opt/airflow/dags/nyc_taxi_pipeline.py for tasks to queue
[2026-02-05T22:00:57.424+0000] {logging_mixin.py:188} INFO - [2026-02-05T22:00:57.424+0000] {dagbag.py:538} INFO - Filling up the DagBag from /opt/airflow/dags/nyc_taxi_pipeline.py
[2026-02-05T22:00:57.431+0000] {processor.py:840} INFO - DAG(s) 'nyc_taxi_pipeline' retrieved from /opt/airflow/dags/nyc_taxi_pipeline.py
[2026-02-05T22:00:57.469+0000] {logging_mixin.py:188} INFO - [2026-02-05T22:00:57.469+0000] {dag.py:3036} INFO - Sync 1 DAGs
[2026-02-05T22:00:57.489+0000] {logging_mixin.py:188} INFO - [2026-02-05T22:00:57.488+0000] {dag.py:3823} INFO - Setting next_dagrun for nyc_taxi_pipeline to 2026-02-05 00:00:00+00:00, run_after=2026-02-06 00:00:00+00:00
[2026-02-05T22:00:57.523+0000] {processor.py:183} INFO - Processing /opt/airflow/dags/nyc_taxi_pipeline.py took 0.104 seconds
[2026-02-05T22:01:27.683+0000] {processor.py:161} INFO - Started process (PID=422) to work on /opt/airflow/dags/nyc_taxi_pipeline.py
[2026-02-05T22:01:27.684+0000] {processor.py:830} INFO - Processing file /opt/airflow/dags/nyc_taxi_pipeline.py for tasks to queue
[2026-02-05T22:01:27.684+0000] {logging_mixin.py:188} INFO - [2026-02-05T22:01:27.684+0000] {dagbag.py:538} INFO - Filling up the DagBag from /opt/airflow/dags/nyc_taxi_pipeline.py
[2026-02-05T22:01:27.694+0000] {processor.py:840} INFO - DAG(s) 'nyc_taxi_pipeline' retrieved from /opt/airflow/dags/nyc_taxi_pipeline.py
[2026-02-05T22:01:27.828+0000] {logging_mixin.py:188} INFO - [2026-02-05T22:01:27.828+0000] {dag.py:3036} INFO - Sync 1 DAGs
[2026-02-05T22:01:27.845+0000] {logging_mixin.py:188} INFO - [2026-02-05T22:01:27.844+0000] {dag.py:3823} INFO - Setting next_dagrun for nyc_taxi_pipeline to 2026-02-05 00:00:00+00:00, run_after=2026-02-06 00:00:00+00:00
[2026-02-05T22:01:27.873+0000] {processor.py:183} INFO - Processing /opt/airflow/dags/nyc_taxi_pipeline.py took 0.192 seconds
[2026-02-05T22:01:57.948+0000] {processor.py:161} INFO - Started process (PID=432) to work on /opt/airflow/dags/nyc_taxi_pipeline.py
[2026-02-05T22:01:57.951+0000] {processor.py:830} INFO - Processing file /opt/airflow/dags/nyc_taxi_pipeline.py for tasks to queue
[2026-02-05T22:01:57.951+0000] {logging_mixin.py:188} INFO - [2026-02-05T22:01:57.951+0000] {dagbag.py:538} INFO - Filling up the DagBag from /opt/airflow/dags/nyc_taxi_pipeline.py
[2026-02-05T22:01:57.959+0000] {processor.py:840} INFO - DAG(s) 'nyc_taxi_pipeline' retrieved from /opt/airflow/dags/nyc_taxi_pipeline.py
[2026-02-05T22:01:58.007+0000] {logging_mixin.py:188} INFO - [2026-02-05T22:01:58.007+0000] {dag.py:3036} INFO - Sync 1 DAGs
[2026-02-05T22:01:58.029+0000] {logging_mixin.py:188} INFO - [2026-02-05T22:01:58.029+0000] {dag.py:3823} INFO - Setting next_dagrun for nyc_taxi_pipeline to 2026-02-05 00:00:00+00:00, run_after=2026-02-06 00:00:00+00:00
[2026-02-05T22:01:58.070+0000] {processor.py:183} INFO - Processing /opt/airflow/dags/nyc_taxi_pipeline.py took 0.124 seconds
[2026-02-05T22:02:28.220+0000] {processor.py:161} INFO - Started process (PID=442) to work on /opt/airflow/dags/nyc_taxi_pipeline.py
[2026-02-05T22:02:28.221+0000] {processor.py:830} INFO - Processing file /opt/airflow/dags/nyc_taxi_pipeline.py for tasks to queue
[2026-02-05T22:02:28.221+0000] {logging_mixin.py:188} INFO - [2026-02-05T22:02:28.221+0000] {dagbag.py:538} INFO - Filling up the DagBag from /opt/airflow/dags/nyc_taxi_pipeline.py
[2026-02-05T22:02:28.232+0000] {processor.py:840} INFO - DAG(s) 'nyc_taxi_pipeline' retrieved from /opt/airflow/dags/nyc_taxi_pipeline.py
[2026-02-05T22:02:28.383+0000] {logging_mixin.py:188} INFO - [2026-02-05T22:02:28.383+0000] {dag.py:3036} INFO - Sync 1 DAGs
[2026-02-05T22:02:28.399+0000] {logging_mixin.py:188} INFO - [2026-02-05T22:02:28.399+0000] {dag.py:3823} INFO - Setting next_dagrun for nyc_taxi_pipeline to 2026-02-05 00:00:00+00:00, run_after=2026-02-06 00:00:00+00:00
[2026-02-05T22:02:28.437+0000] {processor.py:183} INFO - Processing /opt/airflow/dags/nyc_taxi_pipeline.py took 0.220 seconds
[2026-02-05T22:02:58.560+0000] {processor.py:161} INFO - Started process (PID=452) to work on /opt/airflow/dags/nyc_taxi_pipeline.py
[2026-02-05T22:02:58.562+0000] {processor.py:830} INFO - Processing file /opt/airflow/dags/nyc_taxi_pipeline.py for tasks to queue
[2026-02-05T22:02:58.563+0000] {logging_mixin.py:188} INFO - [2026-02-05T22:02:58.562+0000] {dagbag.py:538} INFO - Filling up the DagBag from /opt/airflow/dags/nyc_taxi_pipeline.py
[2026-02-05T22:02:58.570+0000] {processor.py:840} INFO - DAG(s) 'nyc_taxi_pipeline' retrieved from /opt/airflow/dags/nyc_taxi_pipeline.py
[2026-02-05T22:02:58.602+0000] {logging_mixin.py:188} INFO - [2026-02-05T22:02:58.602+0000] {dag.py:3036} INFO - Sync 1 DAGs
[2026-02-05T22:02:58.621+0000] {logging_mixin.py:188} INFO - [2026-02-05T22:02:58.621+0000] {dag.py:3823} INFO - Setting next_dagrun for nyc_taxi_pipeline to 2026-02-05 00:00:00+00:00, run_after=2026-02-06 00:00:00+00:00
[2026-02-05T22:02:58.646+0000] {processor.py:183} INFO - Processing /opt/airflow/dags/nyc_taxi_pipeline.py took 0.088 seconds
[2026-02-05T22:03:28.761+0000] {processor.py:161} INFO - Started process (PID=462) to work on /opt/airflow/dags/nyc_taxi_pipeline.py
[2026-02-05T22:03:28.761+0000] {processor.py:830} INFO - Processing file /opt/airflow/dags/nyc_taxi_pipeline.py for tasks to queue
[2026-02-05T22:03:28.762+0000] {logging_mixin.py:188} INFO - [2026-02-05T22:03:28.761+0000] {dagbag.py:538} INFO - Filling up the DagBag from /opt/airflow/dags/nyc_taxi_pipeline.py
[2026-02-05T22:03:28.771+0000] {processor.py:840} INFO - DAG(s) 'nyc_taxi_pipeline' retrieved from /opt/airflow/dags/nyc_taxi_pipeline.py
[2026-02-05T22:03:28.900+0000] {logging_mixin.py:188} INFO - [2026-02-05T22:03:28.900+0000] {dag.py:3036} INFO - Sync 1 DAGs
[2026-02-05T22:03:28.916+0000] {logging_mixin.py:188} INFO - [2026-02-05T22:03:28.916+0000] {dag.py:3823} INFO - Setting next_dagrun for nyc_taxi_pipeline to 2026-02-05 00:00:00+00:00, run_after=2026-02-06 00:00:00+00:00
[2026-02-05T22:03:28.938+0000] {processor.py:183} INFO - Processing /opt/airflow/dags/nyc_taxi_pipeline.py took 0.180 seconds
[2026-02-05T22:03:59.021+0000] {processor.py:161} INFO - Started process (PID=472) to work on /opt/airflow/dags/nyc_taxi_pipeline.py
[2026-02-05T22:03:59.023+0000] {processor.py:830} INFO - Processing file /opt/airflow/dags/nyc_taxi_pipeline.py for tasks to queue
[2026-02-05T22:03:59.024+0000] {logging_mixin.py:188} INFO - [2026-02-05T22:03:59.024+0000] {dagbag.py:538} INFO - Filling up the DagBag from /opt/airflow/dags/nyc_taxi_pipeline.py
[2026-02-05T22:03:59.033+0000] {processor.py:840} INFO - DAG(s) 'nyc_taxi_pipeline' retrieved from /opt/airflow/dags/nyc_taxi_pipeline.py
[2026-02-05T22:03:59.076+0000] {logging_mixin.py:188} INFO - [2026-02-05T22:03:59.076+0000] {dag.py:3036} INFO - Sync 1 DAGs
[2026-02-05T22:03:59.102+0000] {logging_mixin.py:188} INFO - [2026-02-05T22:03:59.102+0000] {dag.py:3823} INFO - Setting next_dagrun for nyc_taxi_pipeline to 2026-02-05 00:00:00+00:00, run_after=2026-02-06 00:00:00+00:00
[2026-02-05T22:03:59.140+0000] {processor.py:183} INFO - Processing /opt/airflow/dags/nyc_taxi_pipeline.py took 0.122 seconds
[2026-02-05T22:04:29.291+0000] {processor.py:161} INFO - Started process (PID=482) to work on /opt/airflow/dags/nyc_taxi_pipeline.py
[2026-02-05T22:04:29.292+0000] {processor.py:830} INFO - Processing file /opt/airflow/dags/nyc_taxi_pipeline.py for tasks to queue
[2026-02-05T22:04:29.292+0000] {logging_mixin.py:188} INFO - [2026-02-05T22:04:29.292+0000] {dagbag.py:538} INFO - Filling up the DagBag from /opt/airflow/dags/nyc_taxi_pipeline.py
[2026-02-05T22:04:29.302+0000] {processor.py:840} INFO - DAG(s) 'nyc_taxi_pipeline' retrieved from /opt/airflow/dags/nyc_taxi_pipeline.py
[2026-02-05T22:04:29.429+0000] {logging_mixin.py:188} INFO - [2026-02-05T22:04:29.429+0000] {dag.py:3036} INFO - Sync 1 DAGs
[2026-02-05T22:04:29.446+0000] {logging_mixin.py:188} INFO - [2026-02-05T22:04:29.446+0000] {dag.py:3823} INFO - Setting next_dagrun for nyc_taxi_pipeline to 2026-02-05 00:00:00+00:00, run_after=2026-02-06 00:00:00+00:00
[2026-02-05T22:04:29.482+0000] {processor.py:183} INFO - Processing /opt/airflow/dags/nyc_taxi_pipeline.py took 0.193 seconds
[2026-02-05T22:04:40.638+0000] {processor.py:161} INFO - Started process (PID=489) to work on /opt/airflow/dags/nyc_taxi_pipeline.py
[2026-02-05T22:04:40.641+0000] {processor.py:830} INFO - Processing file /opt/airflow/dags/nyc_taxi_pipeline.py for tasks to queue
[2026-02-05T22:04:40.641+0000] {logging_mixin.py:188} INFO - [2026-02-05T22:04:40.641+0000] {dagbag.py:538} INFO - Filling up the DagBag from /opt/airflow/dags/nyc_taxi_pipeline.py
[2026-02-05T22:04:40.650+0000] {processor.py:840} INFO - DAG(s) 'nyc_taxi_pipeline' retrieved from /opt/airflow/dags/nyc_taxi_pipeline.py
[2026-02-05T22:04:40.667+0000] {logging_mixin.py:188} INFO - [2026-02-05T22:04:40.667+0000] {dag.py:3036} INFO - Sync 1 DAGs
[2026-02-05T22:04:40.687+0000] {logging_mixin.py:188} INFO - [2026-02-05T22:04:40.687+0000] {dag.py:3823} INFO - Setting next_dagrun for nyc_taxi_pipeline to 2026-02-05 00:00:00+00:00, run_after=2026-02-06 00:00:00+00:00
[2026-02-05T22:04:40.701+0000] {processor.py:183} INFO - Processing /opt/airflow/dags/nyc_taxi_pipeline.py took 0.065 seconds
[2026-02-05T22:23:52.432+0000] {processor.py:161} INFO - Started process (PID=173) to work on /opt/airflow/dags/nyc_taxi_pipeline.py
[2026-02-05T22:23:52.435+0000] {processor.py:830} INFO - Processing file /opt/airflow/dags/nyc_taxi_pipeline.py for tasks to queue
[2026-02-05T22:23:52.437+0000] {logging_mixin.py:188} INFO - [2026-02-05T22:23:52.436+0000] {dagbag.py:538} INFO - Filling up the DagBag from /opt/airflow/dags/nyc_taxi_pipeline.py
[2026-02-05T22:23:52.458+0000] {processor.py:840} INFO - DAG(s) 'nyc_taxi_pipeline' retrieved from /opt/airflow/dags/nyc_taxi_pipeline.py
[2026-02-05T22:23:52.487+0000] {logging_mixin.py:188} INFO - [2026-02-05T22:23:52.487+0000] {dag.py:3036} INFO - Sync 1 DAGs
[2026-02-05T22:23:52.517+0000] {logging_mixin.py:188} INFO - [2026-02-05T22:23:52.517+0000] {dag.py:3823} INFO - Setting next_dagrun for nyc_taxi_pipeline to 2026-02-05 00:00:00+00:00, run_after=2026-02-06 00:00:00+00:00
[2026-02-05T22:23:52.532+0000] {processor.py:183} INFO - Processing /opt/airflow/dags/nyc_taxi_pipeline.py took 0.105 seconds
[2026-02-05T22:24:22.689+0000] {processor.py:161} INFO - Started process (PID=192) to work on /opt/airflow/dags/nyc_taxi_pipeline.py
[2026-02-05T22:24:22.690+0000] {processor.py:830} INFO - Processing file /opt/airflow/dags/nyc_taxi_pipeline.py for tasks to queue
[2026-02-05T22:24:22.692+0000] {logging_mixin.py:188} INFO - [2026-02-05T22:24:22.691+0000] {dagbag.py:538} INFO - Filling up the DagBag from /opt/airflow/dags/nyc_taxi_pipeline.py
[2026-02-05T22:24:22.708+0000] {processor.py:840} INFO - DAG(s) 'nyc_taxi_pipeline' retrieved from /opt/airflow/dags/nyc_taxi_pipeline.py
[2026-02-05T22:24:22.870+0000] {logging_mixin.py:188} INFO - [2026-02-05T22:24:22.869+0000] {dag.py:3036} INFO - Sync 1 DAGs
[2026-02-05T22:24:22.881+0000] {logging_mixin.py:188} INFO - [2026-02-05T22:24:22.881+0000] {dag.py:3823} INFO - Setting next_dagrun for nyc_taxi_pipeline to 2026-02-05 00:00:00+00:00, run_after=2026-02-06 00:00:00+00:00
[2026-02-05T22:24:22.894+0000] {processor.py:183} INFO - Processing /opt/airflow/dags/nyc_taxi_pipeline.py took 0.211 seconds
[2026-02-05T22:24:53.064+0000] {processor.py:161} INFO - Started process (PID=220) to work on /opt/airflow/dags/nyc_taxi_pipeline.py
[2026-02-05T22:24:53.066+0000] {processor.py:830} INFO - Processing file /opt/airflow/dags/nyc_taxi_pipeline.py for tasks to queue
[2026-02-05T22:24:53.068+0000] {logging_mixin.py:188} INFO - [2026-02-05T22:24:53.067+0000] {dagbag.py:538} INFO - Filling up the DagBag from /opt/airflow/dags/nyc_taxi_pipeline.py
[2026-02-05T22:24:53.087+0000] {processor.py:840} INFO - DAG(s) 'nyc_taxi_pipeline' retrieved from /opt/airflow/dags/nyc_taxi_pipeline.py
[2026-02-05T22:24:53.186+0000] {logging_mixin.py:188} INFO - [2026-02-05T22:24:53.186+0000] {dag.py:3036} INFO - Sync 1 DAGs
[2026-02-05T22:24:53.201+0000] {logging_mixin.py:188} INFO - [2026-02-05T22:24:53.201+0000] {dag.py:3823} INFO - Setting next_dagrun for nyc_taxi_pipeline to 2026-02-05 00:00:00+00:00, run_after=2026-02-06 00:00:00+00:00
[2026-02-05T22:24:53.218+0000] {processor.py:183} INFO - Processing /opt/airflow/dags/nyc_taxi_pipeline.py took 0.160 seconds
[2026-02-05T22:25:23.326+0000] {processor.py:161} INFO - Started process (PID=230) to work on /opt/airflow/dags/nyc_taxi_pipeline.py
[2026-02-05T22:25:23.328+0000] {processor.py:830} INFO - Processing file /opt/airflow/dags/nyc_taxi_pipeline.py for tasks to queue
[2026-02-05T22:25:23.329+0000] {logging_mixin.py:188} INFO - [2026-02-05T22:25:23.328+0000] {dagbag.py:538} INFO - Filling up the DagBag from /opt/airflow/dags/nyc_taxi_pipeline.py
[2026-02-05T22:25:23.346+0000] {processor.py:840} INFO - DAG(s) 'nyc_taxi_pipeline' retrieved from /opt/airflow/dags/nyc_taxi_pipeline.py
[2026-02-05T22:25:23.386+0000] {logging_mixin.py:188} INFO - [2026-02-05T22:25:23.386+0000] {dag.py:3036} INFO - Sync 1 DAGs
[2026-02-05T22:25:23.408+0000] {logging_mixin.py:188} INFO - [2026-02-05T22:25:23.408+0000] {dag.py:3823} INFO - Setting next_dagrun for nyc_taxi_pipeline to 2026-02-05 00:00:00+00:00, run_after=2026-02-06 00:00:00+00:00
[2026-02-05T22:25:23.421+0000] {processor.py:183} INFO - Processing /opt/airflow/dags/nyc_taxi_pipeline.py took 0.101 seconds
[2026-02-05T22:25:53.596+0000] {processor.py:161} INFO - Started process (PID=240) to work on /opt/airflow/dags/nyc_taxi_pipeline.py
[2026-02-05T22:25:53.597+0000] {processor.py:830} INFO - Processing file /opt/airflow/dags/nyc_taxi_pipeline.py for tasks to queue
[2026-02-05T22:25:53.599+0000] {logging_mixin.py:188} INFO - [2026-02-05T22:25:53.598+0000] {dagbag.py:538} INFO - Filling up the DagBag from /opt/airflow/dags/nyc_taxi_pipeline.py
[2026-02-05T22:25:53.616+0000] {processor.py:840} INFO - DAG(s) 'nyc_taxi_pipeline' retrieved from /opt/airflow/dags/nyc_taxi_pipeline.py
[2026-02-05T22:25:53.714+0000] {logging_mixin.py:188} INFO - [2026-02-05T22:25:53.714+0000] {dag.py:3036} INFO - Sync 1 DAGs
[2026-02-05T22:25:53.728+0000] {logging_mixin.py:188} INFO - [2026-02-05T22:25:53.727+0000] {dag.py:3823} INFO - Setting next_dagrun for nyc_taxi_pipeline to 2026-02-05 00:00:00+00:00, run_after=2026-02-06 00:00:00+00:00
[2026-02-05T22:25:53.742+0000] {processor.py:183} INFO - Processing /opt/airflow/dags/nyc_taxi_pipeline.py took 0.152 seconds
[2026-02-05T22:26:23.867+0000] {processor.py:161} INFO - Started process (PID=250) to work on /opt/airflow/dags/nyc_taxi_pipeline.py
[2026-02-05T22:26:23.869+0000] {processor.py:830} INFO - Processing file /opt/airflow/dags/nyc_taxi_pipeline.py for tasks to queue
[2026-02-05T22:26:23.870+0000] {logging_mixin.py:188} INFO - [2026-02-05T22:26:23.869+0000] {dagbag.py:538} INFO - Filling up the DagBag from /opt/airflow/dags/nyc_taxi_pipeline.py
[2026-02-05T22:26:23.887+0000] {processor.py:840} INFO - DAG(s) 'nyc_taxi_pipeline' retrieved from /opt/airflow/dags/nyc_taxi_pipeline.py
[2026-02-05T22:26:23.925+0000] {logging_mixin.py:188} INFO - [2026-02-05T22:26:23.924+0000] {dag.py:3036} INFO - Sync 1 DAGs
[2026-02-05T22:26:23.947+0000] {logging_mixin.py:188} INFO - [2026-02-05T22:26:23.947+0000] {dag.py:3823} INFO - Setting next_dagrun for nyc_taxi_pipeline to 2026-02-05 00:00:00+00:00, run_after=2026-02-06 00:00:00+00:00
[2026-02-05T22:26:23.960+0000] {processor.py:183} INFO - Processing /opt/airflow/dags/nyc_taxi_pipeline.py took 0.099 seconds
[2026-02-05T22:26:54.131+0000] {processor.py:161} INFO - Started process (PID=260) to work on /opt/airflow/dags/nyc_taxi_pipeline.py
[2026-02-05T22:26:54.133+0000] {processor.py:830} INFO - Processing file /opt/airflow/dags/nyc_taxi_pipeline.py for tasks to queue
[2026-02-05T22:26:54.134+0000] {logging_mixin.py:188} INFO - [2026-02-05T22:26:54.133+0000] {dagbag.py:538} INFO - Filling up the DagBag from /opt/airflow/dags/nyc_taxi_pipeline.py
[2026-02-05T22:26:54.152+0000] {processor.py:840} INFO - DAG(s) 'nyc_taxi_pipeline' retrieved from /opt/airflow/dags/nyc_taxi_pipeline.py
[2026-02-05T22:26:54.245+0000] {logging_mixin.py:188} INFO - [2026-02-05T22:26:54.245+0000] {dag.py:3036} INFO - Sync 1 DAGs
[2026-02-05T22:26:54.261+0000] {logging_mixin.py:188} INFO - [2026-02-05T22:26:54.261+0000] {dag.py:3823} INFO - Setting next_dagrun for nyc_taxi_pipeline to 2026-02-05 00:00:00+00:00, run_after=2026-02-06 00:00:00+00:00
[2026-02-05T22:26:54.277+0000] {processor.py:183} INFO - Processing /opt/airflow/dags/nyc_taxi_pipeline.py took 0.153 seconds
[2026-02-05T22:28:00.899+0000] {processor.py:161} INFO - Started process (PID=171) to work on /opt/airflow/dags/nyc_taxi_pipeline.py
[2026-02-05T22:28:00.901+0000] {processor.py:830} INFO - Processing file /opt/airflow/dags/nyc_taxi_pipeline.py for tasks to queue
[2026-02-05T22:28:00.902+0000] {logging_mixin.py:188} INFO - [2026-02-05T22:28:00.902+0000] {dagbag.py:538} INFO - Filling up the DagBag from /opt/airflow/dags/nyc_taxi_pipeline.py
[2026-02-05T22:28:00.933+0000] {processor.py:840} INFO - DAG(s) 'nyc_taxi_pipeline' retrieved from /opt/airflow/dags/nyc_taxi_pipeline.py
[2026-02-05T22:28:00.961+0000] {logging_mixin.py:188} INFO - [2026-02-05T22:28:00.961+0000] {dag.py:3036} INFO - Sync 1 DAGs
[2026-02-05T22:28:00.979+0000] {logging_mixin.py:188} INFO - [2026-02-05T22:28:00.979+0000] {dag.py:3823} INFO - Setting next_dagrun for nyc_taxi_pipeline to 2026-02-05 00:00:00+00:00, run_after=2026-02-06 00:00:00+00:00
[2026-02-05T22:28:00.991+0000] {processor.py:183} INFO - Processing /opt/airflow/dags/nyc_taxi_pipeline.py took 0.097 seconds
[2026-02-05T22:28:31.157+0000] {processor.py:161} INFO - Started process (PID=187) to work on /opt/airflow/dags/nyc_taxi_pipeline.py
[2026-02-05T22:28:31.159+0000] {processor.py:830} INFO - Processing file /opt/airflow/dags/nyc_taxi_pipeline.py for tasks to queue
[2026-02-05T22:28:31.161+0000] {logging_mixin.py:188} INFO - [2026-02-05T22:28:31.160+0000] {dagbag.py:538} INFO - Filling up the DagBag from /opt/airflow/dags/nyc_taxi_pipeline.py
[2026-02-05T22:28:31.178+0000] {processor.py:840} INFO - DAG(s) 'nyc_taxi_pipeline' retrieved from /opt/airflow/dags/nyc_taxi_pipeline.py
[2026-02-05T22:28:31.341+0000] {logging_mixin.py:188} INFO - [2026-02-05T22:28:31.341+0000] {dag.py:3036} INFO - Sync 1 DAGs
[2026-02-05T22:28:31.355+0000] {logging_mixin.py:188} INFO - [2026-02-05T22:28:31.355+0000] {dag.py:3823} INFO - Setting next_dagrun for nyc_taxi_pipeline to 2026-02-05 00:00:00+00:00, run_after=2026-02-06 00:00:00+00:00
[2026-02-05T22:28:31.371+0000] {processor.py:183} INFO - Processing /opt/airflow/dags/nyc_taxi_pipeline.py took 0.219 seconds
[2026-02-05T22:29:01.530+0000] {processor.py:161} INFO - Started process (PID=206) to work on /opt/airflow/dags/nyc_taxi_pipeline.py
[2026-02-05T22:29:01.531+0000] {processor.py:830} INFO - Processing file /opt/airflow/dags/nyc_taxi_pipeline.py for tasks to queue
[2026-02-05T22:29:01.532+0000] {logging_mixin.py:188} INFO - [2026-02-05T22:29:01.532+0000] {dagbag.py:538} INFO - Filling up the DagBag from /opt/airflow/dags/nyc_taxi_pipeline.py
[2026-02-05T22:29:01.549+0000] {processor.py:840} INFO - DAG(s) 'nyc_taxi_pipeline' retrieved from /opt/airflow/dags/nyc_taxi_pipeline.py
[2026-02-05T22:29:01.638+0000] {logging_mixin.py:188} INFO - [2026-02-05T22:29:01.638+0000] {dag.py:3036} INFO - Sync 1 DAGs
[2026-02-05T22:29:01.650+0000] {logging_mixin.py:188} INFO - [2026-02-05T22:29:01.650+0000] {dag.py:3823} INFO - Setting next_dagrun for nyc_taxi_pipeline to 2026-02-05 00:00:00+00:00, run_after=2026-02-06 00:00:00+00:00
[2026-02-05T22:29:01.664+0000] {processor.py:183} INFO - Processing /opt/airflow/dags/nyc_taxi_pipeline.py took 0.139 seconds
[2026-02-05T22:29:31.736+0000] {processor.py:161} INFO - Started process (PID=218) to work on /opt/airflow/dags/nyc_taxi_pipeline.py
[2026-02-05T22:29:31.738+0000] {processor.py:830} INFO - Processing file /opt/airflow/dags/nyc_taxi_pipeline.py for tasks to queue
[2026-02-05T22:29:31.739+0000] {logging_mixin.py:188} INFO - [2026-02-05T22:29:31.739+0000] {dagbag.py:538} INFO - Filling up the DagBag from /opt/airflow/dags/nyc_taxi_pipeline.py
[2026-02-05T22:29:31.756+0000] {processor.py:840} INFO - DAG(s) 'nyc_taxi_pipeline' retrieved from /opt/airflow/dags/nyc_taxi_pipeline.py
[2026-02-05T22:29:31.792+0000] {logging_mixin.py:188} INFO - [2026-02-05T22:29:31.792+0000] {dag.py:3036} INFO - Sync 1 DAGs
[2026-02-05T22:29:31.808+0000] {logging_mixin.py:188} INFO - [2026-02-05T22:29:31.808+0000] {dag.py:3823} INFO - Setting next_dagrun for nyc_taxi_pipeline to 2026-02-05 00:00:00+00:00, run_after=2026-02-06 00:00:00+00:00
[2026-02-05T22:29:31.819+0000] {processor.py:183} INFO - Processing /opt/airflow/dags/nyc_taxi_pipeline.py took 0.089 seconds
[2026-02-05T22:30:01.976+0000] {processor.py:161} INFO - Started process (PID=237) to work on /opt/airflow/dags/nyc_taxi_pipeline.py
[2026-02-05T22:30:01.976+0000] {processor.py:830} INFO - Processing file /opt/airflow/dags/nyc_taxi_pipeline.py for tasks to queue
[2026-02-05T22:30:01.977+0000] {logging_mixin.py:188} INFO - [2026-02-05T22:30:01.977+0000] {dagbag.py:538} INFO - Filling up the DagBag from /opt/airflow/dags/nyc_taxi_pipeline.py
[2026-02-05T22:30:01.985+0000] {processor.py:840} INFO - DAG(s) 'nyc_taxi_pipeline' retrieved from /opt/airflow/dags/nyc_taxi_pipeline.py
[2026-02-05T22:30:02.055+0000] {logging_mixin.py:188} INFO - [2026-02-05T22:30:02.055+0000] {dag.py:3036} INFO - Sync 1 DAGs
[2026-02-05T22:30:02.068+0000] {logging_mixin.py:188} INFO - [2026-02-05T22:30:02.068+0000] {dag.py:3823} INFO - Setting next_dagrun for nyc_taxi_pipeline to 2026-02-05 00:00:00+00:00, run_after=2026-02-06 00:00:00+00:00
[2026-02-05T22:30:02.080+0000] {processor.py:183} INFO - Processing /opt/airflow/dags/nyc_taxi_pipeline.py took 0.107 seconds
[2026-02-05T22:30:32.190+0000] {processor.py:161} INFO - Started process (PID=247) to work on /opt/airflow/dags/nyc_taxi_pipeline.py
[2026-02-05T22:30:32.191+0000] {processor.py:830} INFO - Processing file /opt/airflow/dags/nyc_taxi_pipeline.py for tasks to queue
[2026-02-05T22:30:32.191+0000] {logging_mixin.py:188} INFO - [2026-02-05T22:30:32.191+0000] {dagbag.py:538} INFO - Filling up the DagBag from /opt/airflow/dags/nyc_taxi_pipeline.py
[2026-02-05T22:30:32.199+0000] {processor.py:840} INFO - DAG(s) 'nyc_taxi_pipeline' retrieved from /opt/airflow/dags/nyc_taxi_pipeline.py
[2026-02-05T22:30:32.222+0000] {logging_mixin.py:188} INFO - [2026-02-05T22:30:32.222+0000] {dag.py:3036} INFO - Sync 1 DAGs
[2026-02-05T22:30:32.238+0000] {logging_mixin.py:188} INFO - [2026-02-05T22:30:32.238+0000] {dag.py:3823} INFO - Setting next_dagrun for nyc_taxi_pipeline to 2026-02-05 00:00:00+00:00, run_after=2026-02-06 00:00:00+00:00
[2026-02-05T22:30:32.250+0000] {processor.py:183} INFO - Processing /opt/airflow/dags/nyc_taxi_pipeline.py took 0.063 seconds
[2026-02-05T22:31:02.403+0000] {processor.py:161} INFO - Started process (PID=257) to work on /opt/airflow/dags/nyc_taxi_pipeline.py
[2026-02-05T22:31:02.404+0000] {processor.py:830} INFO - Processing file /opt/airflow/dags/nyc_taxi_pipeline.py for tasks to queue
[2026-02-05T22:31:02.404+0000] {logging_mixin.py:188} INFO - [2026-02-05T22:31:02.404+0000] {dagbag.py:538} INFO - Filling up the DagBag from /opt/airflow/dags/nyc_taxi_pipeline.py
[2026-02-05T22:31:02.412+0000] {processor.py:840} INFO - DAG(s) 'nyc_taxi_pipeline' retrieved from /opt/airflow/dags/nyc_taxi_pipeline.py
[2026-02-05T22:31:02.482+0000] {logging_mixin.py:188} INFO - [2026-02-05T22:31:02.482+0000] {dag.py:3036} INFO - Sync 1 DAGs
[2026-02-05T22:31:02.496+0000] {logging_mixin.py:188} INFO - [2026-02-05T22:31:02.496+0000] {dag.py:3823} INFO - Setting next_dagrun for nyc_taxi_pipeline to 2026-02-05 00:00:00+00:00, run_after=2026-02-06 00:00:00+00:00
[2026-02-05T22:31:02.511+0000] {processor.py:183} INFO - Processing /opt/airflow/dags/nyc_taxi_pipeline.py took 0.111 seconds
[2026-02-05T22:31:32.620+0000] {processor.py:161} INFO - Started process (PID=267) to work on /opt/airflow/dags/nyc_taxi_pipeline.py
[2026-02-05T22:31:32.623+0000] {processor.py:830} INFO - Processing file /opt/airflow/dags/nyc_taxi_pipeline.py for tasks to queue
[2026-02-05T22:31:32.624+0000] {logging_mixin.py:188} INFO - [2026-02-05T22:31:32.623+0000] {dagbag.py:538} INFO - Filling up the DagBag from /opt/airflow/dags/nyc_taxi_pipeline.py
[2026-02-05T22:31:32.645+0000] {processor.py:840} INFO - DAG(s) 'nyc_taxi_pipeline' retrieved from /opt/airflow/dags/nyc_taxi_pipeline.py
[2026-02-05T22:31:32.680+0000] {logging_mixin.py:188} INFO - [2026-02-05T22:31:32.680+0000] {dag.py:3036} INFO - Sync 1 DAGs
[2026-02-05T22:31:32.700+0000] {logging_mixin.py:188} INFO - [2026-02-05T22:31:32.700+0000] {dag.py:3823} INFO - Setting next_dagrun for nyc_taxi_pipeline to 2026-02-05 00:00:00+00:00, run_after=2026-02-06 00:00:00+00:00
[2026-02-05T22:31:32.714+0000] {processor.py:183} INFO - Processing /opt/airflow/dags/nyc_taxi_pipeline.py took 0.100 seconds
[2026-02-05T22:32:02.888+0000] {processor.py:161} INFO - Started process (PID=277) to work on /opt/airflow/dags/nyc_taxi_pipeline.py
[2026-02-05T22:32:02.889+0000] {processor.py:830} INFO - Processing file /opt/airflow/dags/nyc_taxi_pipeline.py for tasks to queue
[2026-02-05T22:32:02.890+0000] {logging_mixin.py:188} INFO - [2026-02-05T22:32:02.890+0000] {dagbag.py:538} INFO - Filling up the DagBag from /opt/airflow/dags/nyc_taxi_pipeline.py
[2026-02-05T22:32:02.907+0000] {processor.py:840} INFO - DAG(s) 'nyc_taxi_pipeline' retrieved from /opt/airflow/dags/nyc_taxi_pipeline.py
[2026-02-05T22:32:03.005+0000] {logging_mixin.py:188} INFO - [2026-02-05T22:32:03.005+0000] {dag.py:3036} INFO - Sync 1 DAGs
[2026-02-05T22:32:03.017+0000] {logging_mixin.py:188} INFO - [2026-02-05T22:32:03.017+0000] {dag.py:3823} INFO - Setting next_dagrun for nyc_taxi_pipeline to 2026-02-05 00:00:00+00:00, run_after=2026-02-06 00:00:00+00:00
[2026-02-05T22:32:03.030+0000] {processor.py:183} INFO - Processing /opt/airflow/dags/nyc_taxi_pipeline.py took 0.148 seconds
[2026-02-05T22:32:33.108+0000] {processor.py:161} INFO - Started process (PID=287) to work on /opt/airflow/dags/nyc_taxi_pipeline.py
[2026-02-05T22:32:33.110+0000] {processor.py:830} INFO - Processing file /opt/airflow/dags/nyc_taxi_pipeline.py for tasks to queue
[2026-02-05T22:32:33.110+0000] {logging_mixin.py:188} INFO - [2026-02-05T22:32:33.110+0000] {dagbag.py:538} INFO - Filling up the DagBag from /opt/airflow/dags/nyc_taxi_pipeline.py
[2026-02-05T22:32:33.120+0000] {processor.py:840} INFO - DAG(s) 'nyc_taxi_pipeline' retrieved from /opt/airflow/dags/nyc_taxi_pipeline.py
[2026-02-05T22:32:33.146+0000] {logging_mixin.py:188} INFO - [2026-02-05T22:32:33.146+0000] {dag.py:3036} INFO - Sync 1 DAGs
[2026-02-05T22:32:33.165+0000] {logging_mixin.py:188} INFO - [2026-02-05T22:32:33.164+0000] {dag.py:3823} INFO - Setting next_dagrun for nyc_taxi_pipeline to 2026-02-05 00:00:00+00:00, run_after=2026-02-06 00:00:00+00:00
[2026-02-05T22:32:33.176+0000] {processor.py:183} INFO - Processing /opt/airflow/dags/nyc_taxi_pipeline.py took 0.070 seconds
[2026-02-05T22:33:03.347+0000] {processor.py:161} INFO - Started process (PID=297) to work on /opt/airflow/dags/nyc_taxi_pipeline.py
[2026-02-05T22:33:03.349+0000] {processor.py:830} INFO - Processing file /opt/airflow/dags/nyc_taxi_pipeline.py for tasks to queue
[2026-02-05T22:33:03.350+0000] {logging_mixin.py:188} INFO - [2026-02-05T22:33:03.349+0000] {dagbag.py:538} INFO - Filling up the DagBag from /opt/airflow/dags/nyc_taxi_pipeline.py
[2026-02-05T22:33:03.367+0000] {processor.py:840} INFO - DAG(s) 'nyc_taxi_pipeline' retrieved from /opt/airflow/dags/nyc_taxi_pipeline.py
[2026-02-05T22:33:03.472+0000] {logging_mixin.py:188} INFO - [2026-02-05T22:33:03.472+0000] {dag.py:3036} INFO - Sync 1 DAGs
[2026-02-05T22:33:03.488+0000] {logging_mixin.py:188} INFO - [2026-02-05T22:33:03.487+0000] {dag.py:3823} INFO - Setting next_dagrun for nyc_taxi_pipeline to 2026-02-05 00:00:00+00:00, run_after=2026-02-06 00:00:00+00:00
[2026-02-05T22:33:03.503+0000] {processor.py:183} INFO - Processing /opt/airflow/dags/nyc_taxi_pipeline.py took 0.162 seconds
[2026-02-05T22:33:33.609+0000] {processor.py:161} INFO - Started process (PID=307) to work on /opt/airflow/dags/nyc_taxi_pipeline.py
[2026-02-05T22:33:33.612+0000] {processor.py:830} INFO - Processing file /opt/airflow/dags/nyc_taxi_pipeline.py for tasks to queue
[2026-02-05T22:33:33.613+0000] {logging_mixin.py:188} INFO - [2026-02-05T22:33:33.612+0000] {dagbag.py:538} INFO - Filling up the DagBag from /opt/airflow/dags/nyc_taxi_pipeline.py
[2026-02-05T22:33:33.630+0000] {processor.py:840} INFO - DAG(s) 'nyc_taxi_pipeline' retrieved from /opt/airflow/dags/nyc_taxi_pipeline.py
[2026-02-05T22:33:33.671+0000] {logging_mixin.py:188} INFO - [2026-02-05T22:33:33.671+0000] {dag.py:3036} INFO - Sync 1 DAGs
[2026-02-05T22:33:33.692+0000] {logging_mixin.py:188} INFO - [2026-02-05T22:33:33.692+0000] {dag.py:3823} INFO - Setting next_dagrun for nyc_taxi_pipeline to 2026-02-05 00:00:00+00:00, run_after=2026-02-06 00:00:00+00:00
[2026-02-05T22:33:33.704+0000] {processor.py:183} INFO - Processing /opt/airflow/dags/nyc_taxi_pipeline.py took 0.100 seconds
[2026-02-05T22:34:03.875+0000] {processor.py:161} INFO - Started process (PID=317) to work on /opt/airflow/dags/nyc_taxi_pipeline.py
[2026-02-05T22:34:03.877+0000] {processor.py:830} INFO - Processing file /opt/airflow/dags/nyc_taxi_pipeline.py for tasks to queue
[2026-02-05T22:34:03.878+0000] {logging_mixin.py:188} INFO - [2026-02-05T22:34:03.877+0000] {dagbag.py:538} INFO - Filling up the DagBag from /opt/airflow/dags/nyc_taxi_pipeline.py
[2026-02-05T22:34:03.895+0000] {processor.py:840} INFO - DAG(s) 'nyc_taxi_pipeline' retrieved from /opt/airflow/dags/nyc_taxi_pipeline.py
[2026-02-05T22:34:03.995+0000] {logging_mixin.py:188} INFO - [2026-02-05T22:34:03.995+0000] {dag.py:3036} INFO - Sync 1 DAGs
[2026-02-05T22:34:04.010+0000] {logging_mixin.py:188} INFO - [2026-02-05T22:34:04.009+0000] {dag.py:3823} INFO - Setting next_dagrun for nyc_taxi_pipeline to 2026-02-05 00:00:00+00:00, run_after=2026-02-06 00:00:00+00:00
[2026-02-05T22:34:04.024+0000] {processor.py:183} INFO - Processing /opt/airflow/dags/nyc_taxi_pipeline.py took 0.155 seconds
[2026-02-05T22:34:34.140+0000] {processor.py:161} INFO - Started process (PID=327) to work on /opt/airflow/dags/nyc_taxi_pipeline.py
[2026-02-05T22:34:34.142+0000] {processor.py:830} INFO - Processing file /opt/airflow/dags/nyc_taxi_pipeline.py for tasks to queue
[2026-02-05T22:34:34.143+0000] {logging_mixin.py:188} INFO - [2026-02-05T22:34:34.143+0000] {dagbag.py:538} INFO - Filling up the DagBag from /opt/airflow/dags/nyc_taxi_pipeline.py
[2026-02-05T22:34:34.160+0000] {processor.py:840} INFO - DAG(s) 'nyc_taxi_pipeline' retrieved from /opt/airflow/dags/nyc_taxi_pipeline.py
[2026-02-05T22:34:34.204+0000] {logging_mixin.py:188} INFO - [2026-02-05T22:34:34.203+0000] {dag.py:3036} INFO - Sync 1 DAGs
[2026-02-05T22:34:34.237+0000] {logging_mixin.py:188} INFO - [2026-02-05T22:34:34.236+0000] {dag.py:3823} INFO - Setting next_dagrun for nyc_taxi_pipeline to 2026-02-05 00:00:00+00:00, run_after=2026-02-06 00:00:00+00:00
[2026-02-05T22:34:34.258+0000] {processor.py:183} INFO - Processing /opt/airflow/dags/nyc_taxi_pipeline.py took 0.124 seconds
[2026-02-05T22:35:04.429+0000] {processor.py:161} INFO - Started process (PID=337) to work on /opt/airflow/dags/nyc_taxi_pipeline.py
[2026-02-05T22:35:04.431+0000] {processor.py:830} INFO - Processing file /opt/airflow/dags/nyc_taxi_pipeline.py for tasks to queue
[2026-02-05T22:35:04.432+0000] {logging_mixin.py:188} INFO - [2026-02-05T22:35:04.432+0000] {dagbag.py:538} INFO - Filling up the DagBag from /opt/airflow/dags/nyc_taxi_pipeline.py
[2026-02-05T22:35:04.450+0000] {processor.py:840} INFO - DAG(s) 'nyc_taxi_pipeline' retrieved from /opt/airflow/dags/nyc_taxi_pipeline.py
[2026-02-05T22:35:04.551+0000] {logging_mixin.py:188} INFO - [2026-02-05T22:35:04.551+0000] {dag.py:3036} INFO - Sync 1 DAGs
[2026-02-05T22:35:04.564+0000] {logging_mixin.py:188} INFO - [2026-02-05T22:35:04.564+0000] {dag.py:3823} INFO - Setting next_dagrun for nyc_taxi_pipeline to 2026-02-05 00:00:00+00:00, run_after=2026-02-06 00:00:00+00:00
[2026-02-05T22:35:04.580+0000] {processor.py:183} INFO - Processing /opt/airflow/dags/nyc_taxi_pipeline.py took 0.156 seconds
[2026-02-05T22:35:34.696+0000] {processor.py:161} INFO - Started process (PID=347) to work on /opt/airflow/dags/nyc_taxi_pipeline.py
[2026-02-05T22:35:34.698+0000] {processor.py:830} INFO - Processing file /opt/airflow/dags/nyc_taxi_pipeline.py for tasks to queue
[2026-02-05T22:35:34.699+0000] {logging_mixin.py:188} INFO - [2026-02-05T22:35:34.699+0000] {dagbag.py:538} INFO - Filling up the DagBag from /opt/airflow/dags/nyc_taxi_pipeline.py
[2026-02-05T22:35:34.716+0000] {processor.py:840} INFO - DAG(s) 'nyc_taxi_pipeline' retrieved from /opt/airflow/dags/nyc_taxi_pipeline.py
[2026-02-05T22:35:34.757+0000] {logging_mixin.py:188} INFO - [2026-02-05T22:35:34.757+0000] {dag.py:3036} INFO - Sync 1 DAGs
[2026-02-05T22:35:34.778+0000] {logging_mixin.py:188} INFO - [2026-02-05T22:35:34.778+0000] {dag.py:3823} INFO - Setting next_dagrun for nyc_taxi_pipeline to 2026-02-05 00:00:00+00:00, run_after=2026-02-06 00:00:00+00:00
[2026-02-05T22:35:34.791+0000] {processor.py:183} INFO - Processing /opt/airflow/dags/nyc_taxi_pipeline.py took 0.101 seconds
[2026-02-05T22:36:04.963+0000] {processor.py:161} INFO - Started process (PID=357) to work on /opt/airflow/dags/nyc_taxi_pipeline.py
[2026-02-05T22:36:04.965+0000] {processor.py:830} INFO - Processing file /opt/airflow/dags/nyc_taxi_pipeline.py for tasks to queue
[2026-02-05T22:36:04.966+0000] {logging_mixin.py:188} INFO - [2026-02-05T22:36:04.966+0000] {dagbag.py:538} INFO - Filling up the DagBag from /opt/airflow/dags/nyc_taxi_pipeline.py
[2026-02-05T22:36:04.984+0000] {processor.py:840} INFO - DAG(s) 'nyc_taxi_pipeline' retrieved from /opt/airflow/dags/nyc_taxi_pipeline.py
[2026-02-05T22:36:05.080+0000] {logging_mixin.py:188} INFO - [2026-02-05T22:36:05.079+0000] {dag.py:3036} INFO - Sync 1 DAGs
[2026-02-05T22:36:05.095+0000] {logging_mixin.py:188} INFO - [2026-02-05T22:36:05.095+0000] {dag.py:3823} INFO - Setting next_dagrun for nyc_taxi_pipeline to 2026-02-05 00:00:00+00:00, run_after=2026-02-06 00:00:00+00:00
[2026-02-05T22:36:05.110+0000] {processor.py:183} INFO - Processing /opt/airflow/dags/nyc_taxi_pipeline.py took 0.152 seconds
[2026-02-05T22:36:35.196+0000] {processor.py:161} INFO - Started process (PID=367) to work on /opt/airflow/dags/nyc_taxi_pipeline.py
[2026-02-05T22:36:35.198+0000] {processor.py:830} INFO - Processing file /opt/airflow/dags/nyc_taxi_pipeline.py for tasks to queue
[2026-02-05T22:36:35.199+0000] {logging_mixin.py:188} INFO - [2026-02-05T22:36:35.199+0000] {dagbag.py:538} INFO - Filling up the DagBag from /opt/airflow/dags/nyc_taxi_pipeline.py
[2026-02-05T22:36:35.218+0000] {processor.py:840} INFO - DAG(s) 'nyc_taxi_pipeline' retrieved from /opt/airflow/dags/nyc_taxi_pipeline.py
[2026-02-05T22:36:35.259+0000] {logging_mixin.py:188} INFO - [2026-02-05T22:36:35.259+0000] {dag.py:3036} INFO - Sync 1 DAGs
[2026-02-05T22:36:35.293+0000] {logging_mixin.py:188} INFO - [2026-02-05T22:36:35.292+0000] {dag.py:3823} INFO - Setting next_dagrun for nyc_taxi_pipeline to 2026-02-05 00:00:00+00:00, run_after=2026-02-06 00:00:00+00:00
[2026-02-05T22:36:35.315+0000] {processor.py:183} INFO - Processing /opt/airflow/dags/nyc_taxi_pipeline.py took 0.124 seconds
[2026-02-05T22:37:05.494+0000] {processor.py:161} INFO - Started process (PID=377) to work on /opt/airflow/dags/nyc_taxi_pipeline.py
[2026-02-05T22:37:05.496+0000] {processor.py:830} INFO - Processing file /opt/airflow/dags/nyc_taxi_pipeline.py for tasks to queue
[2026-02-05T22:37:05.497+0000] {logging_mixin.py:188} INFO - [2026-02-05T22:37:05.497+0000] {dagbag.py:538} INFO - Filling up the DagBag from /opt/airflow/dags/nyc_taxi_pipeline.py
[2026-02-05T22:37:05.514+0000] {processor.py:840} INFO - DAG(s) 'nyc_taxi_pipeline' retrieved from /opt/airflow/dags/nyc_taxi_pipeline.py
[2026-02-05T22:37:05.608+0000] {logging_mixin.py:188} INFO - [2026-02-05T22:37:05.608+0000] {dag.py:3036} INFO - Sync 1 DAGs
[2026-02-05T22:37:05.623+0000] {logging_mixin.py:188} INFO - [2026-02-05T22:37:05.623+0000] {dag.py:3823} INFO - Setting next_dagrun for nyc_taxi_pipeline to 2026-02-05 00:00:00+00:00, run_after=2026-02-06 00:00:00+00:00
[2026-02-05T22:37:05.638+0000] {processor.py:183} INFO - Processing /opt/airflow/dags/nyc_taxi_pipeline.py took 0.150 seconds
[2026-02-05T22:37:35.768+0000] {processor.py:161} INFO - Started process (PID=387) to work on /opt/airflow/dags/nyc_taxi_pipeline.py
[2026-02-05T22:37:35.769+0000] {processor.py:830} INFO - Processing file /opt/airflow/dags/nyc_taxi_pipeline.py for tasks to queue
[2026-02-05T22:37:35.771+0000] {logging_mixin.py:188} INFO - [2026-02-05T22:37:35.770+0000] {dagbag.py:538} INFO - Filling up the DagBag from /opt/airflow/dags/nyc_taxi_pipeline.py
[2026-02-05T22:37:35.788+0000] {processor.py:840} INFO - DAG(s) 'nyc_taxi_pipeline' retrieved from /opt/airflow/dags/nyc_taxi_pipeline.py
[2026-02-05T22:37:35.827+0000] {logging_mixin.py:188} INFO - [2026-02-05T22:37:35.826+0000] {dag.py:3036} INFO - Sync 1 DAGs
[2026-02-05T22:37:35.848+0000] {logging_mixin.py:188} INFO - [2026-02-05T22:37:35.848+0000] {dag.py:3823} INFO - Setting next_dagrun for nyc_taxi_pipeline to 2026-02-05 00:00:00+00:00, run_after=2026-02-06 00:00:00+00:00
[2026-02-05T22:37:35.860+0000] {processor.py:183} INFO - Processing /opt/airflow/dags/nyc_taxi_pipeline.py took 0.098 seconds
[2026-02-05T22:38:06.023+0000] {processor.py:161} INFO - Started process (PID=397) to work on /opt/airflow/dags/nyc_taxi_pipeline.py
[2026-02-05T22:38:06.024+0000] {processor.py:830} INFO - Processing file /opt/airflow/dags/nyc_taxi_pipeline.py for tasks to queue
[2026-02-05T22:38:06.024+0000] {logging_mixin.py:188} INFO - [2026-02-05T22:38:06.024+0000] {dagbag.py:538} INFO - Filling up the DagBag from /opt/airflow/dags/nyc_taxi_pipeline.py
[2026-02-05T22:38:06.032+0000] {processor.py:840} INFO - DAG(s) 'nyc_taxi_pipeline' retrieved from /opt/airflow/dags/nyc_taxi_pipeline.py
[2026-02-05T22:38:06.108+0000] {logging_mixin.py:188} INFO - [2026-02-05T22:38:06.108+0000] {dag.py:3036} INFO - Sync 1 DAGs
[2026-02-05T22:38:06.123+0000] {logging_mixin.py:188} INFO - [2026-02-05T22:38:06.122+0000] {dag.py:3823} INFO - Setting next_dagrun for nyc_taxi_pipeline to 2026-02-05 00:00:00+00:00, run_after=2026-02-06 00:00:00+00:00
[2026-02-05T22:38:06.138+0000] {processor.py:183} INFO - Processing /opt/airflow/dags/nyc_taxi_pipeline.py took 0.118 seconds
